<?xml version="1.1" encoding="utf-8" standalone="yes" ?>

<Events>
<Event xmlns="http://schemas.microsoft.com/win/2004/08/events/event"><System><Provider Name="Microsoft-Windows-CAPI2" Guid="{5bbca4a8-b209-48dc-a8c7-b23d3e5216fb}" EventSourceName="Microsoft-Windows-CAPI2"></Provider>
<EventID Qualifiers="0">4097</EventID>
<Version>0</Version>
<Level>4</Level>
<Task>0</Task>
<Opcode>0</Opcode>
<Keywords>0x8080000000000000</Keywords>
<TimeCreated SystemTime="2023-10-10 15:54:18.664185"></TimeCreated>
<EventRecordID>1720</EventRecordID>
<Correlation ActivityID="" RelatedActivityID=""></Correlation>
<Execution ProcessID="1132" ThreadID="1884"></Execution>
<Channel>Application</Channel>
<Computer>DESKTOP-JU2PNRI</Computer>
<Security UserID=""></Security>
</System>
<EventData><Data>&lt;string&gt;CN=GlobalSign Root CA, OU=Root CA, O=GlobalSign nv-sa, C=BE&lt;/string&gt;
&lt;string&gt;B1BC968BD4F49D622AA89A81F2150152A41D829C&lt;/string&gt;
</Data>
<Binary></Binary>
</EventData>
</Event>

<Event xmlns="http://schemas.microsoft.com/win/2004/08/events/event"><System><Provider Name="Microsoft-Windows-CAPI2" Guid="{5bbca4a8-b209-48dc-a8c7-b23d3e5216fb}" EventSourceName="Microsoft-Windows-CAPI2"></Provider>
<EventID Qualifiers="0">4097</EventID>
<Version>0</Version>
<Level>4</Level>
<Task>0</Task>
<Opcode>0</Opcode>
<Keywords>0x8080000000000000</Keywords>
<TimeCreated SystemTime="2023-10-10 15:54:21.410805"></TimeCreated>
<EventRecordID>1721</EventRecordID>
<Correlation ActivityID="" RelatedActivityID=""></Correlation>
<Execution ProcessID="1132" ThreadID="1884"></Execution>
<Channel>Application</Channel>
<Computer>DESKTOP-JU2PNRI</Computer>
<Security UserID=""></Security>
</System>
<EventData><Data>&lt;string&gt;OU=Starfield Class 2 Certification Authority, O="Starfield Technologies, Inc.", C=US&lt;/string&gt;
&lt;string&gt;AD7E1C28B064EF8F6003402014C3D0E3370EB58A&lt;/string&gt;
</Data>
<Binary></Binary>
</EventData>
</Event>

<Event xmlns="http://schemas.microsoft.com/win/2004/08/events/event"><System><Provider Name="Microsoft-Windows-CAPI2" Guid="{5bbca4a8-b209-48dc-a8c7-b23d3e5216fb}" EventSourceName="Microsoft-Windows-CAPI2"></Provider>
<EventID Qualifiers="0">4097</EventID>
<Version>0</Version>
<Level>4</Level>
<Task>0</Task>
<Opcode>0</Opcode>
<Keywords>0x8080000000000000</Keywords>
<TimeCreated SystemTime="2023-10-10 15:54:22.143524"></TimeCreated>
<EventRecordID>1722</EventRecordID>
<Correlation ActivityID="" RelatedActivityID=""></Correlation>
<Execution ProcessID="1132" ThreadID="1884"></Execution>
<Channel>Application</Channel>
<Computer>DESKTOP-JU2PNRI</Computer>
<Security UserID=""></Security>
</System>
<EventData><Data>&lt;string&gt;CN=VeriSign Universal Root Certification Authority, OU="(c) 2008 VeriSign, Inc. - For authorized use only", OU=VeriSign Trust Network, O="VeriSign, Inc.", C=US&lt;/string&gt;
&lt;string&gt;3679CA35668772304D30A5FB873B0FA77BB70D54&lt;/string&gt;
</Data>
<Binary></Binary>
</EventData>
</Event>

<Event xmlns="http://schemas.microsoft.com/win/2004/08/events/event"><System><Provider Name="MsiInstaller"></Provider>
<EventID Qualifiers="0">1040</EventID>
<Version>0</Version>
<Level>4</Level>
<Task>0</Task>
<Opcode>0</Opcode>
<Keywords>0x0080000000000000</Keywords>
<TimeCreated SystemTime="2023-10-10 15:55:28.445896"></TimeCreated>
<EventRecordID>1723</EventRecordID>
<Correlation ActivityID="" RelatedActivityID=""></Correlation>
<Execution ProcessID="9788" ThreadID="0"></Execution>
<Channel>Application</Channel>
<Computer>DESKTOP-JU2PNRI</Computer>
<Security UserID="S-1-5-21-965304421-3110171530-1119801072-1001"></Security>
</System>
<EventData><Data>&lt;string&gt;C:\Users\Bob\AppData\Local\Temp\4834CA~3\GoogleChromeStandaloneEnterprise64.msi&lt;/string&gt;
&lt;string&gt;5320&lt;/string&gt;
&lt;string&gt;(NULL)&lt;/string&gt;
&lt;string&gt;(NULL)&lt;/string&gt;
&lt;string&gt;(NULL)&lt;/string&gt;
&lt;string&gt;(NULL)&lt;/string&gt;
&lt;string&gt;&lt;/string&gt;
</Data>
<Binary></Binary>
</EventData>
</Event>

<Event xmlns="http://schemas.microsoft.com/win/2004/08/events/event"><System><Provider Name="Microsoft-Windows-RestartManager" Guid="{0888e5ef-9b98-4695-979d-e92ce4247224}"></Provider>
<EventID Qualifiers="">10000</EventID>
<Version>0</Version>
<Level>4</Level>
<Task>0</Task>
<Opcode>0</Opcode>
<Keywords>0x8000000000000000</Keywords>
<TimeCreated SystemTime="2023-10-10 15:55:34.572195"></TimeCreated>
<EventRecordID>1724</EventRecordID>
<Correlation ActivityID="" RelatedActivityID=""></Correlation>
<Execution ProcessID="9788" ThreadID="11144"></Execution>
<Channel>Application</Channel>
<Computer>DESKTOP-JU2PNRI</Computer>
<Security UserID="S-1-5-21-965304421-3110171530-1119801072-1001"></Security>
</System>
<UserData><RmSessionEvent xmlns="http://www.microsoft.com/2005/08/Windows/Reliability/RestartManager/"><RmSessionId>0</RmSessionId>
<UTCStartTime>2023-10-10 15:55:34.563742</UTCStartTime>
</RmSessionEvent>
</UserData>
</Event>

<Event xmlns="http://schemas.microsoft.com/win/2004/08/events/event"><System><Provider Name="gupdate"></Provider>
<EventID Qualifiers="0">0</EventID>
<Version>0</Version>
<Level>4</Level>
<Task>0</Task>
<Opcode>0</Opcode>
<Keywords>0x0080000000000000</Keywords>
<TimeCreated SystemTime="2023-10-10 15:56:28.907253"></TimeCreated>
<EventRecordID>1725</EventRecordID>
<Correlation ActivityID="" RelatedActivityID=""></Correlation>
<Execution ProcessID="1140" ThreadID="0"></Execution>
<Channel>Application</Channel>
<Computer>DESKTOP-JU2PNRI</Computer>
<Security UserID=""></Security>
</System>
<EventData><Data>&lt;string&gt;Service stopped&lt;/string&gt;
</Data>
<Binary></Binary>
</EventData>
</Event>

<Event xmlns="http://schemas.microsoft.com/win/2004/08/events/event"><System><Provider Name="MsiInstaller"></Provider>
<EventID Qualifiers="0">11707</EventID>
<Version>0</Version>
<Level>4</Level>
<Task>0</Task>
<Opcode>0</Opcode>
<Keywords>0x0080000000000000</Keywords>
<TimeCreated SystemTime="2023-10-10 15:56:29.371283"></TimeCreated>
<EventRecordID>1726</EventRecordID>
<Correlation ActivityID="" RelatedActivityID=""></Correlation>
<Execution ProcessID="9788" ThreadID="0"></Execution>
<Channel>Application</Channel>
<Computer>DESKTOP-JU2PNRI</Computer>
<Security UserID="S-1-5-21-965304421-3110171530-1119801072-1001"></Security>
</System>
<EventData><Data>&lt;string&gt;Product: Google Chrome -- Installation completed successfully.&lt;/string&gt;
&lt;string&gt;(NULL)&lt;/string&gt;
&lt;string&gt;(NULL)&lt;/string&gt;
&lt;string&gt;(NULL)&lt;/string&gt;
&lt;string&gt;(NULL)&lt;/string&gt;
&lt;string&gt;(NULL)&lt;/string&gt;
&lt;string&gt;&lt;/string&gt;
</Data>
<Binary>ezNEQjhEQkRFLTg4MkEtMzZEMS1BQUNBLTk0NkY0NTREQzExOH0=</Binary>
</EventData>
</Event>

<Event xmlns="http://schemas.microsoft.com/win/2004/08/events/event"><System><Provider Name="MsiInstaller"></Provider>
<EventID Qualifiers="0">1033</EventID>
<Version>0</Version>
<Level>4</Level>
<Task>0</Task>
<Opcode>0</Opcode>
<Keywords>0x0080000000000000</Keywords>
<TimeCreated SystemTime="2023-10-10 15:56:29.371656"></TimeCreated>
<EventRecordID>1727</EventRecordID>
<Correlation ActivityID="" RelatedActivityID=""></Correlation>
<Execution ProcessID="9788" ThreadID="0"></Execution>
<Channel>Application</Channel>
<Computer>DESKTOP-JU2PNRI</Computer>
<Security UserID="S-1-5-21-965304421-3110171530-1119801072-1001"></Security>
</System>
<EventData><Data>&lt;string&gt;Google Chrome&lt;/string&gt;
&lt;string&gt;69.204.32918&lt;/string&gt;
&lt;string&gt;1033&lt;/string&gt;
&lt;string&gt;0&lt;/string&gt;
&lt;string&gt;Google LLC&lt;/string&gt;
&lt;string&gt;(NULL)&lt;/string&gt;
&lt;string&gt;&lt;/string&gt;
</Data>
<Binary>ezNEQjhEQkRFLTg4MkEtMzZEMS1BQUNBLTk0NkY0NTREQzExOH0wMDAwNDI3MmZlMjdjYjU5NWY2MmMwNDM5YjQ0OTg1YTBiZTUwMDAwMDkwNA==</Binary>
</EventData>
</Event>

<Event xmlns="http://schemas.microsoft.com/win/2004/08/events/event"><System><Provider Name="MsiInstaller"></Provider>
<EventID Qualifiers="0">1042</EventID>
<Version>0</Version>
<Level>4</Level>
<Task>0</Task>
<Opcode>0</Opcode>
<Keywords>0x0080000000000000</Keywords>
<TimeCreated SystemTime="2023-10-10 15:56:29.443228"></TimeCreated>
<EventRecordID>1728</EventRecordID>
<Correlation ActivityID="" RelatedActivityID=""></Correlation>
<Execution ProcessID="9788" ThreadID="0"></Execution>
<Channel>Application</Channel>
<Computer>DESKTOP-JU2PNRI</Computer>
<Security UserID="S-1-5-18"></Security>
</System>
<EventData><Data>&lt;string&gt;C:\Users\Bob\AppData\Local\Temp\4834CA~3\GoogleChromeStandaloneEnterprise64.msi&lt;/string&gt;
&lt;string&gt;5320&lt;/string&gt;
&lt;string&gt;(NULL)&lt;/string&gt;
&lt;string&gt;(NULL)&lt;/string&gt;
&lt;string&gt;(NULL)&lt;/string&gt;
&lt;string&gt;(NULL)&lt;/string&gt;
&lt;string&gt;&lt;/string&gt;
</Data>
<Binary></Binary>
</EventData>
</Event>

<Event xmlns="http://schemas.microsoft.com/win/2004/08/events/event"><System><Provider Name="MsiInstaller"></Provider>
<EventID Qualifiers="0">1040</EventID>
<Version>0</Version>
<Level>4</Level>
<Task>0</Task>
<Opcode>0</Opcode>
<Keywords>0x0080000000000000</Keywords>
<TimeCreated SystemTime="2023-10-10 15:56:29.848640"></TimeCreated>
<EventRecordID>1729</EventRecordID>
<Correlation ActivityID="" RelatedActivityID=""></Correlation>
<Execution ProcessID="9788" ThreadID="0"></Execution>
<Channel>Application</Channel>
<Computer>DESKTOP-JU2PNRI</Computer>
<Security UserID="S-1-5-21-965304421-3110171530-1119801072-1001"></Security>
</System>
<EventData><Data>&lt;string&gt;C:\Users\Bob\AppData\Local\Temp\4FB6A0~1\target.msi&lt;/string&gt;
&lt;string&gt;7084&lt;/string&gt;
&lt;string&gt;(NULL)&lt;/string&gt;
&lt;string&gt;(NULL)&lt;/string&gt;
&lt;string&gt;(NULL)&lt;/string&gt;
&lt;string&gt;(NULL)&lt;/string&gt;
&lt;string&gt;&lt;/string&gt;
</Data>
<Binary></Binary>
</EventData>
</Event>

<Event xmlns="http://schemas.microsoft.com/win/2004/08/events/event"><System><Provider Name="Microsoft-Windows-RestartManager" Guid="{0888e5ef-9b98-4695-979d-e92ce4247224}"></Provider>
<EventID Qualifiers="">10001</EventID>
<Version>0</Version>
<Level>4</Level>
<Task>0</Task>
<Opcode>0</Opcode>
<Keywords>0x8000000000000000</Keywords>
<TimeCreated SystemTime="2023-10-10 15:56:29.432146"></TimeCreated>
<EventRecordID>1730</EventRecordID>
<Correlation ActivityID="" RelatedActivityID=""></Correlation>
<Execution ProcessID="9788" ThreadID="10940"></Execution>
<Channel>Application</Channel>
<Computer>DESKTOP-JU2PNRI</Computer>
<Security UserID="S-1-5-21-965304421-3110171530-1119801072-1001"></Security>
</System>
<UserData><RmSessionEvent xmlns="http://www.microsoft.com/2005/08/Windows/Reliability/RestartManager/"><RmSessionId>0</RmSessionId>
<UTCStartTime>2023-10-10 15:55:34.563742</UTCStartTime>
</RmSessionEvent>
</UserData>
</Event>

<Event xmlns="http://schemas.microsoft.com/win/2004/08/events/event"><System><Provider Name="Microsoft-Windows-CAPI2" Guid="{5bbca4a8-b209-48dc-a8c7-b23d3e5216fb}" EventSourceName="Microsoft-Windows-CAPI2"></Provider>
<EventID Qualifiers="0">4097</EventID>
<Version>0</Version>
<Level>4</Level>
<Task>0</Task>
<Opcode>0</Opcode>
<Keywords>0x8080000000000000</Keywords>
<TimeCreated SystemTime="2023-10-10 15:56:30.039240"></TimeCreated>
<EventRecordID>1731</EventRecordID>
<Correlation ActivityID="" RelatedActivityID=""></Correlation>
<Execution ProcessID="1132" ThreadID="1884"></Execution>
<Channel>Application</Channel>
<Computer>DESKTOP-JU2PNRI</Computer>
<Security UserID=""></Security>
</System>
<EventData><Data>&lt;string&gt;CN=USERTrust RSA Certification Authority, O=The USERTRUST Network, L=Jersey City, S=New Jersey, C=US&lt;/string&gt;
&lt;string&gt;2B8F1B57330DBBA2D07A6C51F70EE90DDAB9AD8E&lt;/string&gt;
</Data>
<Binary></Binary>
</EventData>
</Event>

<Event xmlns="http://schemas.microsoft.com/win/2004/08/events/event"><System><Provider Name="Microsoft-Windows-RestartManager" Guid="{0888e5ef-9b98-4695-979d-e92ce4247224}"></Provider>
<EventID Qualifiers="">10000</EventID>
<Version>0</Version>
<Level>4</Level>
<Task>0</Task>
<Opcode>0</Opcode>
<Keywords>0x8000000000000000</Keywords>
<TimeCreated SystemTime="2023-10-10 15:56:30.856403"></TimeCreated>
<EventRecordID>1732</EventRecordID>
<Correlation ActivityID="" RelatedActivityID=""></Correlation>
<Execution ProcessID="9788" ThreadID="6636"></Execution>
<Channel>Application</Channel>
<Computer>DESKTOP-JU2PNRI</Computer>
<Security UserID="S-1-5-21-965304421-3110171530-1119801072-1001"></Security>
</System>
<UserData><RmSessionEvent xmlns="http://www.microsoft.com/2005/08/Windows/Reliability/RestartManager/"><RmSessionId>0</RmSessionId>
<UTCStartTime>2023-10-10 15:56:30.843512</UTCStartTime>
</RmSessionEvent>
</UserData>
</Event>

<Event xmlns="http://schemas.microsoft.com/win/2004/08/events/event"><System><Provider Name="Microsoft-Windows-CAPI2" Guid="{5bbca4a8-b209-48dc-a8c7-b23d3e5216fb}" EventSourceName="Microsoft-Windows-CAPI2"></Provider>
<EventID Qualifiers="0">4097</EventID>
<Version>0</Version>
<Level>4</Level>
<Task>0</Task>
<Opcode>0</Opcode>
<Keywords>0x8080000000000000</Keywords>
<TimeCreated SystemTime="2023-10-10 15:56:31.064327"></TimeCreated>
<EventRecordID>1733</EventRecordID>
<Correlation ActivityID="" RelatedActivityID=""></Correlation>
<Execution ProcessID="1132" ThreadID="464"></Execution>
<Channel>Application</Channel>
<Computer>DESKTOP-JU2PNRI</Computer>
<Security UserID=""></Security>
</System>
<EventData><Data>&lt;string&gt;CN=DigiCert High Assurance EV Root CA, OU=www.digicert.com, O=DigiCert Inc, C=US&lt;/string&gt;
&lt;string&gt;5FB7EE0633E259DBAD0C4C9AE6D38F1A61C7DC25&lt;/string&gt;
</Data>
<Binary></Binary>
</EventData>
</Event>

<Event xmlns="http://schemas.microsoft.com/win/2004/08/events/event"><System><Provider Name="Microsoft-Windows-Security-SPP" Guid="{E23B33B0-C8C9-472C-A5F9-F2BDFEA0F156}" EventSourceName="Software Protection Platform Service"></Provider>
<EventID Qualifiers="49152">16394</EventID>
<Version>0</Version>
<Level>4</Level>
<Task>0</Task>
<Opcode>0</Opcode>
<Keywords>0x0080000000000000</Keywords>
<TimeCreated SystemTime="2023-10-10 15:56:34.549414"></TimeCreated>
<EventRecordID>1734</EventRecordID>
<Correlation ActivityID="" RelatedActivityID=""></Correlation>
<Execution ProcessID="11260" ThreadID="0"></Execution>
<Channel>Application</Channel>
<Computer>DESKTOP-JU2PNRI</Computer>
<Security UserID=""></Security>
</System>
<EventData><Data></Data>
<Binary></Binary>
</EventData>
</Event>

<Event xmlns="http://schemas.microsoft.com/win/2004/08/events/event"><System><Provider Name="MsiInstaller"></Provider>
<EventID Qualifiers="0">1032</EventID>
<Version>0</Version>
<Level>3</Level>
<Task>0</Task>
<Opcode>0</Opcode>
<Keywords>0x0080000000000000</Keywords>
<TimeCreated SystemTime="2023-10-10 15:56:39.193317"></TimeCreated>
<EventRecordID>1735</EventRecordID>
<Correlation ActivityID="" RelatedActivityID=""></Correlation>
<Execution ProcessID="9788" ThreadID="0"></Execution>
<Channel>Application</Channel>
<Computer>DESKTOP-JU2PNRI</Computer>
<Security UserID="S-1-5-21-965304421-3110171530-1119801072-1001"></Security>
</System>
<EventData><Data>&lt;string&gt;(NULL)&lt;/string&gt;
&lt;string&gt;&lt;/string&gt;
&lt;string&gt;(NULL)&lt;/string&gt;
&lt;string&gt;(NULL)&lt;/string&gt;
&lt;string&gt;(NULL)&lt;/string&gt;
&lt;string&gt;(NULL)&lt;/string&gt;
&lt;string&gt;&lt;/string&gt;
</Data>
<Binary></Binary>
</EventData>
</Event>

<Event xmlns="http://schemas.microsoft.com/win/2004/08/events/event"><System><Provider Name="MsiInstaller"></Provider>
<EventID Qualifiers="0">11707</EventID>
<Version>0</Version>
<Level>4</Level>
<Task>0</Task>
<Opcode>0</Opcode>
<Keywords>0x0080000000000000</Keywords>
<TimeCreated SystemTime="2023-10-10 15:56:39.293221"></TimeCreated>
<EventRecordID>1736</EventRecordID>
<Correlation ActivityID="" RelatedActivityID=""></Correlation>
<Execution ProcessID="9788" ThreadID="0"></Execution>
<Channel>Application</Channel>
<Computer>DESKTOP-JU2PNRI</Computer>
<Security UserID="S-1-5-21-965304421-3110171530-1119801072-1001"></Security>
</System>
<EventData><Data>&lt;string&gt;Product: Eclipse Temurin JRE with Hotspot 8u382-b05 (x86) -- Installation completed successfully.&lt;/string&gt;
&lt;string&gt;(NULL)&lt;/string&gt;
&lt;string&gt;(NULL)&lt;/string&gt;
&lt;string&gt;(NULL)&lt;/string&gt;
&lt;string&gt;(NULL)&lt;/string&gt;
&lt;string&gt;(NULL)&lt;/string&gt;
&lt;string&gt;&lt;/string&gt;
</Data>
<Binary>ezI2QzZGMTRFLTdBODgtNDA4Ni04MERFLTA2RDU4OUY0Q0NEQX0=</Binary>
</EventData>
</Event>

<Event xmlns="http://schemas.microsoft.com/win/2004/08/events/event"><System><Provider Name="MsiInstaller"></Provider>
<EventID Qualifiers="0">1033</EventID>
<Version>0</Version>
<Level>4</Level>
<Task>0</Task>
<Opcode>0</Opcode>
<Keywords>0x0080000000000000</Keywords>
<TimeCreated SystemTime="2023-10-10 15:56:39.293772"></TimeCreated>
<EventRecordID>1737</EventRecordID>
<Correlation ActivityID="" RelatedActivityID=""></Correlation>
<Execution ProcessID="9788" ThreadID="0"></Execution>
<Channel>Application</Channel>
<Computer>DESKTOP-JU2PNRI</Computer>
<Security UserID="S-1-5-21-965304421-3110171530-1119801072-1001"></Security>
</System>
<EventData><Data>&lt;string&gt;Eclipse Temurin JRE with Hotspot 8u382-b05 (x86)&lt;/string&gt;
&lt;string&gt;8.0.382.5&lt;/string&gt;
&lt;string&gt;1033&lt;/string&gt;
&lt;string&gt;0&lt;/string&gt;
&lt;string&gt;Eclipse Adoptium&lt;/string&gt;
&lt;string&gt;(NULL)&lt;/string&gt;
&lt;string&gt;&lt;/string&gt;
</Data>
<Binary>ezI2QzZGMTRFLTdBODgtNDA4Ni04MERFLTA2RDU4OUY0Q0NEQX0wMDAwYTgxZDJjOTdiM2IwMTc4ZjVlNGY4NTIwZGUwYWFjMzQwMDAwMDkwNA==</Binary>
</EventData>
</Event>

<Event xmlns="http://schemas.microsoft.com/win/2004/08/events/event"><System><Provider Name="MsiInstaller"></Provider>
<EventID Qualifiers="0">1042</EventID>
<Version>0</Version>
<Level>4</Level>
<Task>0</Task>
<Opcode>0</Opcode>
<Keywords>0x0080000000000000</Keywords>
<TimeCreated SystemTime="2023-10-10 15:56:39.329252"></TimeCreated>
<EventRecordID>1738</EventRecordID>
<Correlation ActivityID="" RelatedActivityID=""></Correlation>
<Execution ProcessID="9788" ThreadID="0"></Execution>
<Channel>Application</Channel>
<Computer>DESKTOP-JU2PNRI</Computer>
<Security UserID="S-1-5-18"></Security>
</System>
<EventData><Data>&lt;string&gt;C:\Users\Bob\AppData\Local\Temp\4FB6A0~1\target.msi&lt;/string&gt;
&lt;string&gt;7084&lt;/string&gt;
&lt;string&gt;(NULL)&lt;/string&gt;
&lt;string&gt;(NULL)&lt;/string&gt;
&lt;string&gt;(NULL)&lt;/string&gt;
&lt;string&gt;(NULL)&lt;/string&gt;
&lt;string&gt;&lt;/string&gt;
</Data>
<Binary></Binary>
</EventData>
</Event>

<Event xmlns="http://schemas.microsoft.com/win/2004/08/events/event"><System><Provider Name="Microsoft-Windows-RestartManager" Guid="{0888e5ef-9b98-4695-979d-e92ce4247224}"></Provider>
<EventID Qualifiers="">10001</EventID>
<Version>0</Version>
<Level>4</Level>
<Task>0</Task>
<Opcode>0</Opcode>
<Keywords>0x8000000000000000</Keywords>
<TimeCreated SystemTime="2023-10-10 15:56:39.310472"></TimeCreated>
<EventRecordID>1739</EventRecordID>
<Correlation ActivityID="" RelatedActivityID=""></Correlation>
<Execution ProcessID="9788" ThreadID="7688"></Execution>
<Channel>Application</Channel>
<Computer>DESKTOP-JU2PNRI</Computer>
<Security UserID="S-1-5-21-965304421-3110171530-1119801072-1001"></Security>
</System>
<UserData><RmSessionEvent xmlns="http://www.microsoft.com/2005/08/Windows/Reliability/RestartManager/"><RmSessionId>0</RmSessionId>
<UTCStartTime>2023-10-10 15:56:30.843512</UTCStartTime>
</RmSessionEvent>
</UserData>
</Event>

<Event xmlns="http://schemas.microsoft.com/win/2004/08/events/event"><System><Provider Name="MsiInstaller"></Provider>
<EventID Qualifiers="0">1040</EventID>
<Version>0</Version>
<Level>4</Level>
<Task>0</Task>
<Opcode>0</Opcode>
<Keywords>0x0080000000000000</Keywords>
<TimeCreated SystemTime="2023-10-10 15:56:39.532696"></TimeCreated>
<EventRecordID>1740</EventRecordID>
<Correlation ActivityID="" RelatedActivityID=""></Correlation>
<Execution ProcessID="9788" ThreadID="0"></Execution>
<Channel>Application</Channel>
<Computer>DESKTOP-JU2PNRI</Computer>
<Security UserID="S-1-5-21-965304421-3110171530-1119801072-1001"></Security>
</System>
<EventData><Data>&lt;string&gt;C:\Users\Bob\AppData\Local\Temp\4FB6A0~2\target.msi&lt;/string&gt;
&lt;string&gt;9864&lt;/string&gt;
&lt;string&gt;(NULL)&lt;/string&gt;
&lt;string&gt;(NULL)&lt;/string&gt;
&lt;string&gt;(NULL)&lt;/string&gt;
&lt;string&gt;(NULL)&lt;/string&gt;
&lt;string&gt;&lt;/string&gt;
</Data>
<Binary></Binary>
</EventData>
</Event>

<Event xmlns="http://schemas.microsoft.com/win/2004/08/events/event"><System><Provider Name="Microsoft-Windows-RestartManager" Guid="{0888e5ef-9b98-4695-979d-e92ce4247224}"></Provider>
<EventID Qualifiers="">10000</EventID>
<Version>0</Version>
<Level>4</Level>
<Task>0</Task>
<Opcode>0</Opcode>
<Keywords>0x8000000000000000</Keywords>
<TimeCreated SystemTime="2023-10-10 15:56:40.534811"></TimeCreated>
<EventRecordID>1741</EventRecordID>
<Correlation ActivityID="" RelatedActivityID=""></Correlation>
<Execution ProcessID="9788" ThreadID="5164"></Execution>
<Channel>Application</Channel>
<Computer>DESKTOP-JU2PNRI</Computer>
<Security UserID="S-1-5-21-965304421-3110171530-1119801072-1001"></Security>
</System>
<UserData><RmSessionEvent xmlns="http://www.microsoft.com/2005/08/Windows/Reliability/RestartManager/"><RmSessionId>0</RmSessionId>
<UTCStartTime>2023-10-10 15:56:40.525805</UTCStartTime>
</RmSessionEvent>
</UserData>
</Event>

<Event xmlns="http://schemas.microsoft.com/win/2004/08/events/event"><System><Provider Name="MsiInstaller"></Provider>
<EventID Qualifiers="0">11707</EventID>
<Version>0</Version>
<Level>4</Level>
<Task>0</Task>
<Opcode>0</Opcode>
<Keywords>0x0080000000000000</Keywords>
<TimeCreated SystemTime="2023-10-10 15:56:44.572105"></TimeCreated>
<EventRecordID>1742</EventRecordID>
<Correlation ActivityID="" RelatedActivityID=""></Correlation>
<Execution ProcessID="9788" ThreadID="0"></Execution>
<Channel>Application</Channel>
<Computer>DESKTOP-JU2PNRI</Computer>
<Security UserID="S-1-5-21-965304421-3110171530-1119801072-1001"></Security>
</System>
<EventData><Data>&lt;string&gt;Product: Eclipse Temurin JRE with Hotspot 11.0.20+8 (x64) -- Installation completed successfully.&lt;/string&gt;
&lt;string&gt;(NULL)&lt;/string&gt;
&lt;string&gt;(NULL)&lt;/string&gt;
&lt;string&gt;(NULL)&lt;/string&gt;
&lt;string&gt;(NULL)&lt;/string&gt;
&lt;string&gt;(NULL)&lt;/string&gt;
&lt;string&gt;&lt;/string&gt;
</Data>
<Binary>ezQwMjc3RTQzLTRGMjgtNDA0Ri1BNTRFLUNDRjYyOUU3MzM4MH0=</Binary>
</EventData>
</Event>

<Event xmlns="http://schemas.microsoft.com/win/2004/08/events/event"><System><Provider Name="MsiInstaller"></Provider>
<EventID Qualifiers="0">1033</EventID>
<Version>0</Version>
<Level>4</Level>
<Task>0</Task>
<Opcode>0</Opcode>
<Keywords>0x0080000000000000</Keywords>
<TimeCreated SystemTime="2023-10-10 15:56:44.572599"></TimeCreated>
<EventRecordID>1743</EventRecordID>
<Correlation ActivityID="" RelatedActivityID=""></Correlation>
<Execution ProcessID="9788" ThreadID="0"></Execution>
<Channel>Application</Channel>
<Computer>DESKTOP-JU2PNRI</Computer>
<Security UserID="S-1-5-21-965304421-3110171530-1119801072-1001"></Security>
</System>
<EventData><Data>&lt;string&gt;Eclipse Temurin JRE with Hotspot 11.0.20+8 (x64)&lt;/string&gt;
&lt;string&gt;11.0.20.8&lt;/string&gt;
&lt;string&gt;1033&lt;/string&gt;
&lt;string&gt;0&lt;/string&gt;
&lt;string&gt;Eclipse Adoptium&lt;/string&gt;
&lt;string&gt;(NULL)&lt;/string&gt;
&lt;string&gt;&lt;/string&gt;
</Data>
<Binary>ezQwMjc3RTQzLTRGMjgtNDA0Ri1BNTRFLUNDRjYyOUU3MzM4MH0wMDAwMDk5YzIxYzk2MWRiY2YxZjZmYjYxZDVkNTMwNDcyNWYwMDAwMDkwNA==</Binary>
</EventData>
</Event>

<Event xmlns="http://schemas.microsoft.com/win/2004/08/events/event"><System><Provider Name="MsiInstaller"></Provider>
<EventID Qualifiers="0">1042</EventID>
<Version>0</Version>
<Level>4</Level>
<Task>0</Task>
<Opcode>0</Opcode>
<Keywords>0x0080000000000000</Keywords>
<TimeCreated SystemTime="2023-10-10 15:56:44.606312"></TimeCreated>
<EventRecordID>1744</EventRecordID>
<Correlation ActivityID="" RelatedActivityID=""></Correlation>
<Execution ProcessID="9788" ThreadID="0"></Execution>
<Channel>Application</Channel>
<Computer>DESKTOP-JU2PNRI</Computer>
<Security UserID="S-1-5-18"></Security>
</System>
<EventData><Data>&lt;string&gt;C:\Users\Bob\AppData\Local\Temp\4FB6A0~2\target.msi&lt;/string&gt;
&lt;string&gt;9864&lt;/string&gt;
&lt;string&gt;(NULL)&lt;/string&gt;
&lt;string&gt;(NULL)&lt;/string&gt;
&lt;string&gt;(NULL)&lt;/string&gt;
&lt;string&gt;(NULL)&lt;/string&gt;
&lt;string&gt;&lt;/string&gt;
</Data>
<Binary></Binary>
</EventData>
</Event>

<Event xmlns="http://schemas.microsoft.com/win/2004/08/events/event"><System><Provider Name="MsiInstaller"></Provider>
<EventID Qualifiers="0">1040</EventID>
<Version>0</Version>
<Level>4</Level>
<Task>0</Task>
<Opcode>0</Opcode>
<Keywords>0x0080000000000000</Keywords>
<TimeCreated SystemTime="2023-10-10 15:56:44.749723"></TimeCreated>
<EventRecordID>1745</EventRecordID>
<Correlation ActivityID="" RelatedActivityID=""></Correlation>
<Execution ProcessID="9788" ThreadID="0"></Execution>
<Channel>Application</Channel>
<Computer>DESKTOP-JU2PNRI</Computer>
<Security UserID="S-1-5-21-965304421-3110171530-1119801072-1001"></Security>
</System>
<EventData><Data>&lt;string&gt;C:\Users\Bob\AppData\Local\Temp\4FB6A0~3\target.msi&lt;/string&gt;
&lt;string&gt;10412&lt;/string&gt;
&lt;string&gt;(NULL)&lt;/string&gt;
&lt;string&gt;(NULL)&lt;/string&gt;
&lt;string&gt;(NULL)&lt;/string&gt;
&lt;string&gt;(NULL)&lt;/string&gt;
&lt;string&gt;&lt;/string&gt;
</Data>
<Binary></Binary>
</EventData>
</Event>

<Event xmlns="http://schemas.microsoft.com/win/2004/08/events/event"><System><Provider Name="Microsoft-Windows-RestartManager" Guid="{0888e5ef-9b98-4695-979d-e92ce4247224}"></Provider>
<EventID Qualifiers="">10001</EventID>
<Version>0</Version>
<Level>4</Level>
<Task>0</Task>
<Opcode>0</Opcode>
<Keywords>0x8000000000000000</Keywords>
<TimeCreated SystemTime="2023-10-10 15:56:44.587610"></TimeCreated>
<EventRecordID>1746</EventRecordID>
<Correlation ActivityID="" RelatedActivityID=""></Correlation>
<Execution ProcessID="9788" ThreadID="10940"></Execution>
<Channel>Application</Channel>
<Computer>DESKTOP-JU2PNRI</Computer>
<Security UserID="S-1-5-21-965304421-3110171530-1119801072-1001"></Security>
</System>
<UserData><RmSessionEvent xmlns="http://www.microsoft.com/2005/08/Windows/Reliability/RestartManager/"><RmSessionId>0</RmSessionId>
<UTCStartTime>2023-10-10 15:56:40.525805</UTCStartTime>
</RmSessionEvent>
</UserData>
</Event>

<Event xmlns="http://schemas.microsoft.com/win/2004/08/events/event"><System><Provider Name="Microsoft-Windows-RestartManager" Guid="{0888e5ef-9b98-4695-979d-e92ce4247224}"></Provider>
<EventID Qualifiers="">10000</EventID>
<Version>0</Version>
<Level>4</Level>
<Task>0</Task>
<Opcode>0</Opcode>
<Keywords>0x8000000000000000</Keywords>
<TimeCreated SystemTime="2023-10-10 15:56:45.708342"></TimeCreated>
<EventRecordID>1747</EventRecordID>
<Correlation ActivityID="" RelatedActivityID=""></Correlation>
<Execution ProcessID="9788" ThreadID="5648"></Execution>
<Channel>Application</Channel>
<Computer>DESKTOP-JU2PNRI</Computer>
<Security UserID="S-1-5-21-965304421-3110171530-1119801072-1001"></Security>
</System>
<UserData><RmSessionEvent xmlns="http://www.microsoft.com/2005/08/Windows/Reliability/RestartManager/"><RmSessionId>0</RmSessionId>
<UTCStartTime>2023-10-10 15:56:45.706642</UTCStartTime>
</RmSessionEvent>
</UserData>
</Event>

<Event xmlns="http://schemas.microsoft.com/win/2004/08/events/event"><System><Provider Name="MsiInstaller"></Provider>
<EventID Qualifiers="0">11707</EventID>
<Version>0</Version>
<Level>4</Level>
<Task>0</Task>
<Opcode>0</Opcode>
<Keywords>0x0080000000000000</Keywords>
<TimeCreated SystemTime="2023-10-10 15:56:49.601658"></TimeCreated>
<EventRecordID>1748</EventRecordID>
<Correlation ActivityID="" RelatedActivityID=""></Correlation>
<Execution ProcessID="9788" ThreadID="0"></Execution>
<Channel>Application</Channel>
<Computer>DESKTOP-JU2PNRI</Computer>
<Security UserID="S-1-5-21-965304421-3110171530-1119801072-1001"></Security>
</System>
<EventData><Data>&lt;string&gt;Product: Eclipse Temurin JRE with Hotspot 17.0.8+7 (x64) -- Installation completed successfully.&lt;/string&gt;
&lt;string&gt;(NULL)&lt;/string&gt;
&lt;string&gt;(NULL)&lt;/string&gt;
&lt;string&gt;(NULL)&lt;/string&gt;
&lt;string&gt;(NULL)&lt;/string&gt;
&lt;string&gt;(NULL)&lt;/string&gt;
&lt;string&gt;&lt;/string&gt;
</Data>
<Binary>ezU4OUNCMzgxLTQxMzMtNDI0Ri05NjQ2LTkyRTVEOEY0Q0Q1OX0=</Binary>
</EventData>
</Event>

<Event xmlns="http://schemas.microsoft.com/win/2004/08/events/event"><System><Provider Name="MsiInstaller"></Provider>
<EventID Qualifiers="0">1033</EventID>
<Version>0</Version>
<Level>4</Level>
<Task>0</Task>
<Opcode>0</Opcode>
<Keywords>0x0080000000000000</Keywords>
<TimeCreated SystemTime="2023-10-10 15:56:49.602493"></TimeCreated>
<EventRecordID>1749</EventRecordID>
<Correlation ActivityID="" RelatedActivityID=""></Correlation>
<Execution ProcessID="9788" ThreadID="0"></Execution>
<Channel>Application</Channel>
<Computer>DESKTOP-JU2PNRI</Computer>
<Security UserID="S-1-5-21-965304421-3110171530-1119801072-1001"></Security>
</System>
<EventData><Data>&lt;string&gt;Eclipse Temurin JRE with Hotspot 17.0.8+7 (x64)&lt;/string&gt;
&lt;string&gt;17.0.8.7&lt;/string&gt;
&lt;string&gt;1033&lt;/string&gt;
&lt;string&gt;0&lt;/string&gt;
&lt;string&gt;Eclipse Adoptium&lt;/string&gt;
&lt;string&gt;(NULL)&lt;/string&gt;
&lt;string&gt;&lt;/string&gt;
</Data>
<Binary>ezU4OUNCMzgxLTQxMzMtNDI0Ri05NjQ2LTkyRTVEOEY0Q0Q1OX0wMDAwYWZhODI0YWM4YzFlNWUxYzhkNDA0YTRkNzgxNWVmZDEwMDAwMDkwNA==</Binary>
</EventData>
</Event>

<Event xmlns="http://schemas.microsoft.com/win/2004/08/events/event"><System><Provider Name="MsiInstaller"></Provider>
<EventID Qualifiers="0">1042</EventID>
<Version>0</Version>
<Level>4</Level>
<Task>0</Task>
<Opcode>0</Opcode>
<Keywords>0x0080000000000000</Keywords>
<TimeCreated SystemTime="2023-10-10 15:56:49.633587"></TimeCreated>
<EventRecordID>1750</EventRecordID>
<Correlation ActivityID="" RelatedActivityID=""></Correlation>
<Execution ProcessID="9788" ThreadID="0"></Execution>
<Channel>Application</Channel>
<Computer>DESKTOP-JU2PNRI</Computer>
<Security UserID="S-1-5-18"></Security>
</System>
<EventData><Data>&lt;string&gt;C:\Users\Bob\AppData\Local\Temp\4FB6A0~3\target.msi&lt;/string&gt;
&lt;string&gt;10412&lt;/string&gt;
&lt;string&gt;(NULL)&lt;/string&gt;
&lt;string&gt;(NULL)&lt;/string&gt;
&lt;string&gt;(NULL)&lt;/string&gt;
&lt;string&gt;(NULL)&lt;/string&gt;
&lt;string&gt;&lt;/string&gt;
</Data>
<Binary></Binary>
</EventData>
</Event>

<Event xmlns="http://schemas.microsoft.com/win/2004/08/events/event"><System><Provider Name="MsiInstaller"></Provider>
<EventID Qualifiers="0">1040</EventID>
<Version>0</Version>
<Level>4</Level>
<Task>0</Task>
<Opcode>0</Opcode>
<Keywords>0x0080000000000000</Keywords>
<TimeCreated SystemTime="2023-10-10 15:56:49.755138"></TimeCreated>
<EventRecordID>1751</EventRecordID>
<Correlation ActivityID="" RelatedActivityID=""></Correlation>
<Execution ProcessID="9788" ThreadID="0"></Execution>
<Channel>Application</Channel>
<Computer>DESKTOP-JU2PNRI</Computer>
<Security UserID="S-1-5-21-965304421-3110171530-1119801072-1001"></Security>
</System>
<EventData><Data>&lt;string&gt;C:\Users\Bob\AppData\Local\Temp\4FB6A0~4\target.msi&lt;/string&gt;
&lt;string&gt;11940&lt;/string&gt;
&lt;string&gt;(NULL)&lt;/string&gt;
&lt;string&gt;(NULL)&lt;/string&gt;
&lt;string&gt;(NULL)&lt;/string&gt;
&lt;string&gt;(NULL)&lt;/string&gt;
&lt;string&gt;&lt;/string&gt;
</Data>
<Binary></Binary>
</EventData>
</Event>

<Event xmlns="http://schemas.microsoft.com/win/2004/08/events/event"><System><Provider Name="Microsoft-Windows-RestartManager" Guid="{0888e5ef-9b98-4695-979d-e92ce4247224}"></Provider>
<EventID Qualifiers="">10001</EventID>
<Version>0</Version>
<Level>4</Level>
<Task>0</Task>
<Opcode>0</Opcode>
<Keywords>0x8000000000000000</Keywords>
<TimeCreated SystemTime="2023-10-10 15:56:49.617517"></TimeCreated>
<EventRecordID>1752</EventRecordID>
<Correlation ActivityID="" RelatedActivityID=""></Correlation>
<Execution ProcessID="9788" ThreadID="10940"></Execution>
<Channel>Application</Channel>
<Computer>DESKTOP-JU2PNRI</Computer>
<Security UserID="S-1-5-21-965304421-3110171530-1119801072-1001"></Security>
</System>
<UserData><RmSessionEvent xmlns="http://www.microsoft.com/2005/08/Windows/Reliability/RestartManager/"><RmSessionId>0</RmSessionId>
<UTCStartTime>2023-10-10 15:56:45.706642</UTCStartTime>
</RmSessionEvent>
</UserData>
</Event>

<Event xmlns="http://schemas.microsoft.com/win/2004/08/events/event"><System><Provider Name="Microsoft-Windows-RestartManager" Guid="{0888e5ef-9b98-4695-979d-e92ce4247224}"></Provider>
<EventID Qualifiers="">10000</EventID>
<Version>0</Version>
<Level>4</Level>
<Task>0</Task>
<Opcode>0</Opcode>
<Keywords>0x8000000000000000</Keywords>
<TimeCreated SystemTime="2023-10-10 15:56:50.701773"></TimeCreated>
<EventRecordID>1753</EventRecordID>
<Correlation ActivityID="" RelatedActivityID=""></Correlation>
<Execution ProcessID="9788" ThreadID="11988"></Execution>
<Channel>Application</Channel>
<Computer>DESKTOP-JU2PNRI</Computer>
<Security UserID="S-1-5-21-965304421-3110171530-1119801072-1001"></Security>
</System>
<UserData><RmSessionEvent xmlns="http://www.microsoft.com/2005/08/Windows/Reliability/RestartManager/"><RmSessionId>0</RmSessionId>
<UTCStartTime>2023-10-10 15:56:50.695467</UTCStartTime>
</RmSessionEvent>
</UserData>
</Event>

<Event xmlns="http://schemas.microsoft.com/win/2004/08/events/event"><System><Provider Name="MsiInstaller"></Provider>
<EventID Qualifiers="0">11707</EventID>
<Version>0</Version>
<Level>4</Level>
<Task>0</Task>
<Opcode>0</Opcode>
<Keywords>0x0080000000000000</Keywords>
<TimeCreated SystemTime="2023-10-10 15:56:53.571075"></TimeCreated>
<EventRecordID>1754</EventRecordID>
<Correlation ActivityID="" RelatedActivityID=""></Correlation>
<Execution ProcessID="9788" ThreadID="0"></Execution>
<Channel>Application</Channel>
<Computer>DESKTOP-JU2PNRI</Computer>
<Security UserID="S-1-5-21-965304421-3110171530-1119801072-1001"></Security>
</System>
<EventData><Data>&lt;string&gt;Product: Eclipse Temurin JRE with Hotspot 8u382-b05 (x64) -- Installation completed successfully.&lt;/string&gt;
&lt;string&gt;(NULL)&lt;/string&gt;
&lt;string&gt;(NULL)&lt;/string&gt;
&lt;string&gt;(NULL)&lt;/string&gt;
&lt;string&gt;(NULL)&lt;/string&gt;
&lt;string&gt;(NULL)&lt;/string&gt;
&lt;string&gt;&lt;/string&gt;
</Data>
<Binary>ezVEQTVFRkNBLTc5RTctNDFBMy1BRDUyLTkzODNFRjk0OEVCQn0=</Binary>
</EventData>
</Event>

<Event xmlns="http://schemas.microsoft.com/win/2004/08/events/event"><System><Provider Name="MsiInstaller"></Provider>
<EventID Qualifiers="0">1033</EventID>
<Version>0</Version>
<Level>4</Level>
<Task>0</Task>
<Opcode>0</Opcode>
<Keywords>0x0080000000000000</Keywords>
<TimeCreated SystemTime="2023-10-10 15:56:53.571712"></TimeCreated>
<EventRecordID>1755</EventRecordID>
<Correlation ActivityID="" RelatedActivityID=""></Correlation>
<Execution ProcessID="9788" ThreadID="0"></Execution>
<Channel>Application</Channel>
<Computer>DESKTOP-JU2PNRI</Computer>
<Security UserID="S-1-5-21-965304421-3110171530-1119801072-1001"></Security>
</System>
<EventData><Data>&lt;string&gt;Eclipse Temurin JRE with Hotspot 8u382-b05 (x64)&lt;/string&gt;
&lt;string&gt;8.0.382.5&lt;/string&gt;
&lt;string&gt;1033&lt;/string&gt;
&lt;string&gt;0&lt;/string&gt;
&lt;string&gt;Eclipse Adoptium&lt;/string&gt;
&lt;string&gt;(NULL)&lt;/string&gt;
&lt;string&gt;&lt;/string&gt;
</Data>
<Binary>ezVEQTVFRkNBLTc5RTctNDFBMy1BRDUyLTkzODNFRjk0OEVCQn0wMDAwYWYyZWQ4NzJkNGVlNjg0OWIxN2YyOGJhNjEwYjljNjEwMDAwMDkwNA==</Binary>
</EventData>
</Event>

<Event xmlns="http://schemas.microsoft.com/win/2004/08/events/event"><System><Provider Name="MsiInstaller"></Provider>
<EventID Qualifiers="0">1042</EventID>
<Version>0</Version>
<Level>4</Level>
<Task>0</Task>
<Opcode>0</Opcode>
<Keywords>0x0080000000000000</Keywords>
<TimeCreated SystemTime="2023-10-10 15:56:53.610296"></TimeCreated>
<EventRecordID>1756</EventRecordID>
<Correlation ActivityID="" RelatedActivityID=""></Correlation>
<Execution ProcessID="9788" ThreadID="0"></Execution>
<Channel>Application</Channel>
<Computer>DESKTOP-JU2PNRI</Computer>
<Security UserID="S-1-5-18"></Security>
</System>
<EventData><Data>&lt;string&gt;C:\Users\Bob\AppData\Local\Temp\4FB6A0~4\target.msi&lt;/string&gt;
&lt;string&gt;11940&lt;/string&gt;
&lt;string&gt;(NULL)&lt;/string&gt;
&lt;string&gt;(NULL)&lt;/string&gt;
&lt;string&gt;(NULL)&lt;/string&gt;
&lt;string&gt;(NULL)&lt;/string&gt;
&lt;string&gt;&lt;/string&gt;
</Data>
<Binary></Binary>
</EventData>
</Event>

<Event xmlns="http://schemas.microsoft.com/win/2004/08/events/event"><System><Provider Name="Microsoft-Windows-RestartManager" Guid="{0888e5ef-9b98-4695-979d-e92ce4247224}"></Provider>
<EventID Qualifiers="">10001</EventID>
<Version>0</Version>
<Level>4</Level>
<Task>0</Task>
<Opcode>0</Opcode>
<Keywords>0x8000000000000000</Keywords>
<TimeCreated SystemTime="2023-10-10 15:56:53.592453"></TimeCreated>
<EventRecordID>1757</EventRecordID>
<Correlation ActivityID="" RelatedActivityID=""></Correlation>
<Execution ProcessID="9788" ThreadID="10940"></Execution>
<Channel>Application</Channel>
<Computer>DESKTOP-JU2PNRI</Computer>
<Security UserID="S-1-5-21-965304421-3110171530-1119801072-1001"></Security>
</System>
<UserData><RmSessionEvent xmlns="http://www.microsoft.com/2005/08/Windows/Reliability/RestartManager/"><RmSessionId>0</RmSessionId>
<UTCStartTime>2023-10-10 15:56:50.695467</UTCStartTime>
</RmSessionEvent>
</UserData>
</Event>

<Event xmlns="http://schemas.microsoft.com/win/2004/08/events/event"><System><Provider Name="Microsoft-Windows-CAPI2" Guid="{5bbca4a8-b209-48dc-a8c7-b23d3e5216fb}" EventSourceName="Microsoft-Windows-CAPI2"></Provider>
<EventID Qualifiers="0">4097</EventID>
<Version>0</Version>
<Level>4</Level>
<Task>0</Task>
<Opcode>0</Opcode>
<Keywords>0x8080000000000000</Keywords>
<TimeCreated SystemTime="2023-10-10 15:56:53.963280"></TimeCreated>
<EventRecordID>1758</EventRecordID>
<Correlation ActivityID="" RelatedActivityID=""></Correlation>
<Execution ProcessID="1132" ThreadID="464"></Execution>
<Channel>Application</Channel>
<Computer>DESKTOP-JU2PNRI</Computer>
<Security UserID=""></Security>
</System>
<EventData><Data>&lt;string&gt;CN=Certum Trusted Network CA, OU=Certum Certification Authority, O=Unizeto Technologies S.A., C=PL&lt;/string&gt;
&lt;string&gt;07E032E020B72C3F192F0628A2593A19A70F069E&lt;/string&gt;
</Data>
<Binary></Binary>
</EventData>
</Event>

<Event xmlns="http://schemas.microsoft.com/win/2004/08/events/event"><System><Provider Name="Microsoft-Windows-RestartManager" Guid="{0888e5ef-9b98-4695-979d-e92ce4247224}"></Provider>
<EventID Qualifiers="">10000</EventID>
<Version>0</Version>
<Level>4</Level>
<Task>0</Task>
<Opcode>0</Opcode>
<Keywords>0x8000000000000000</Keywords>
<TimeCreated SystemTime="2023-10-10 15:56:55.662336"></TimeCreated>
<EventRecordID>1759</EventRecordID>
<Correlation ActivityID="" RelatedActivityID=""></Correlation>
<Execution ProcessID="9012" ThreadID="9680"></Execution>
<Channel>Application</Channel>
<Computer>DESKTOP-JU2PNRI</Computer>
<Security UserID="S-1-5-18"></Security>
</System>
<UserData><RmSessionEvent xmlns="http://www.microsoft.com/2005/08/Windows/Reliability/RestartManager/"><RmSessionId>1</RmSessionId>
<UTCStartTime>2023-10-10 15:56:55.649954</UTCStartTime>
</RmSessionEvent>
</UserData>
</Event>

<Event xmlns="http://schemas.microsoft.com/win/2004/08/events/event"><System><Provider Name="Microsoft-Windows-Security-SPP" Guid="{E23B33B0-C8C9-472C-A5F9-F2BDFEA0F156}" EventSourceName="Software Protection Platform Service"></Provider>
<EventID Qualifiers="16384">16384</EventID>
<Version>0</Version>
<Level>4</Level>
<Task>0</Task>
<Opcode>0</Opcode>
<Keywords>0x0080000000000000</Keywords>
<TimeCreated SystemTime="2023-10-10 15:57:05.269367"></TimeCreated>
<EventRecordID>1760</EventRecordID>
<Correlation ActivityID="" RelatedActivityID=""></Correlation>
<Execution ProcessID="11260" ThreadID="0"></Execution>
<Channel>Application</Channel>
<Computer>DESKTOP-JU2PNRI</Computer>
<Security UserID=""></Security>
</System>
<EventData><Data>&lt;string&gt;2023-10-11T15:49:05Z&lt;/string&gt;
&lt;string&gt;RulesEngine&lt;/string&gt;
</Data>
<Binary></Binary>
</EventData>
</Event>

<Event xmlns="http://schemas.microsoft.com/win/2004/08/events/event"><System><Provider Name="Application Error" Guid="{a0e9b465-b939-57d7-b27d-95d8e925ff57}"></Provider>
<EventID Qualifiers="">1000</EventID>
<Version>0</Version>
<Level>2</Level>
<Task>100</Task>
<Opcode>0</Opcode>
<Keywords>0x8000000000000000</Keywords>
<TimeCreated SystemTime="2023-10-10 15:57:11.886879"></TimeCreated>
<EventRecordID>1761</EventRecordID>
<Correlation ActivityID="" RelatedActivityID=""></Correlation>
<Execution ProcessID="8232" ThreadID="6188"></Execution>
<Channel>Application</Channel>
<Computer>DESKTOP-JU2PNRI</Computer>
<Security UserID="S-1-5-21-965304421-3110171530-1119801072-1001"></Security>
</System>
<EventData><Data Name="AppName">OpenWith.exe</Data>
<Data Name="AppVersion">10.0.22621.1778</Data>
<Data Name="AppTimeStamp">a4f8c88d</Data>
<Data Name="ModuleName">ntdll.dll</Data>
<Data Name="ModuleVersion">10.0.22621.2215</Data>
<Data Name="ModuleTimeStamp">7a9f67f2</Data>
<Data Name="ExceptionCode">c0000409</Data>
<Data Name="FaultingOffset">000000000008ea6f</Data>
<Data Name="ProcessId">0x00001c14</Data>
<Data Name="ProcessCreationTime">0x01d9fb926e008bf5</Data>
<Data Name="AppPath">C:\Windows\system32\OpenWith.exe</Data>
<Data Name="ModulePath">C:\Windows\SYSTEM32\ntdll.dll</Data>
<Data Name="IntegratorReportId">56257af7-fea7-463f-8a4b-5254d5ffc746</Data>
<Data Name="PackageFullName"></Data>
<Data Name="PackageRelativeAppId"></Data>
</EventData>
</Event>

<Event xmlns="http://schemas.microsoft.com/win/2004/08/events/event"><System><Provider Name="Windows Error Reporting" Guid="{0ead09bd-2157-539a-8d6d-c87f95b64d70}"></Provider>
<EventID Qualifiers="">1001</EventID>
<Version>0</Version>
<Level>4</Level>
<Task>0</Task>
<Opcode>0</Opcode>
<Keywords>0x8000000000000000</Keywords>
<TimeCreated SystemTime="2023-10-10 15:57:13.844488"></TimeCreated>
<EventRecordID>1762</EventRecordID>
<Correlation ActivityID="" RelatedActivityID=""></Correlation>
<Execution ProcessID="8232" ThreadID="6188"></Execution>
<Channel>Application</Channel>
<Computer>DESKTOP-JU2PNRI</Computer>
<Security UserID="S-1-5-21-965304421-3110171530-1119801072-1001"></Security>
</System>
<EventData><Data Name="Bucket">1949050127999128846</Data>
<Data Name="BucketType">5</Data>
<Data Name="EventName">BEX64</Data>
<Data Name="Response">Not available</Data>
<Data Name="CabId">0</Data>
<Data Name="P1">OpenWith.exe</Data>
<Data Name="P2">10.0.22621.1778</Data>
<Data Name="P3">a4f8c88d</Data>
<Data Name="P4">ntdll.dll</Data>
<Data Name="P5">10.0.22621.2215</Data>
<Data Name="P6">7a9f67f2</Data>
<Data Name="P7">000000000008ea6f</Data>
<Data Name="P8">c0000409</Data>
<Data Name="P9">000000000000000a</Data>
<Data Name="P10"></Data>
<Data Name="AttachedFiles">
\\?\C:\ProgramData\Microsoft\Windows\WER\Temp\WER.80e01f6a-5617-4c8b-9e65-e06a3f5cec34.tmp.mdmp
\\?\C:\ProgramData\Microsoft\Windows\WER\Temp\WER.d056b020-c8a9-4ce3-8670-abed8a0f4d1f.tmp.WERInternalMetadata.xml
\\?\C:\ProgramData\Microsoft\Windows\WER\Temp\WER.46532c65-dd10-4ed6-ae36-09c634d3b36e.tmp.csv
\\?\C:\ProgramData\Microsoft\Windows\WER\Temp\WER.ab86df35-b69f-4b28-ae17-e8a50b3eecd6.tmp.txt
\\?\C:\ProgramData\Microsoft\Windows\WER\Temp\WER.c2d88200-b6d5-4f28-aadc-82fd03a533d2.tmp.xml</Data>
<Data Name="StorePath">\\?\C:\ProgramData\Microsoft\Windows\WER\ReportArchive\AppCrash_OpenWith.exe_24f89d5760af947691178c6f4cb261f7bab712_1825b60a_d5bcfb97-3821-4e20-a7c4-aa3ee12b82ba</Data>
<Data Name="AnalysisSymbol"></Data>
<Data Name="Rechecking">0</Data>
<Data Name="ReportId">56257af7-fea7-463f-8a4b-5254d5ffc746</Data>
<Data Name="ReportStatus">268435456</Data>
<Data Name="HashedBucket">9590bf58d7fbc5becb0c6ac3d0d1550e</Data>
<Data Name="CabGuid">0</Data>
</EventData>
</Event>

<Event xmlns="http://schemas.microsoft.com/win/2004/08/events/event"><System><Provider Name="Microsoft-Windows-RestartManager" Guid="{0888e5ef-9b98-4695-979d-e92ce4247224}"></Provider>
<EventID Qualifiers="">10001</EventID>
<Version>0</Version>
<Level>4</Level>
<Task>0</Task>
<Opcode>0</Opcode>
<Keywords>0x8000000000000000</Keywords>
<TimeCreated SystemTime="2023-10-10 15:57:14.365513"></TimeCreated>
<EventRecordID>1763</EventRecordID>
<Correlation ActivityID="" RelatedActivityID=""></Correlation>
<Execution ProcessID="9012" ThreadID="9680"></Execution>
<Channel>Application</Channel>
<Computer>DESKTOP-JU2PNRI</Computer>
<Security UserID="S-1-5-18"></Security>
</System>
<UserData><RmSessionEvent xmlns="http://www.microsoft.com/2005/08/Windows/Reliability/RestartManager/"><RmSessionId>1</RmSessionId>
<UTCStartTime>2023-10-10 15:56:55.649954</UTCStartTime>
</RmSessionEvent>
</UserData>
</Event>

<Event xmlns="http://schemas.microsoft.com/win/2004/08/events/event"><System><Provider Name="Microsoft-Windows-RestartManager" Guid="{0888e5ef-9b98-4695-979d-e92ce4247224}"></Provider>
<EventID Qualifiers="">10000</EventID>
<Version>0</Version>
<Level>4</Level>
<Task>0</Task>
<Opcode>0</Opcode>
<Keywords>0x8000000000000000</Keywords>
<TimeCreated SystemTime="2023-10-10 15:57:20.018476"></TimeCreated>
<EventRecordID>1764</EventRecordID>
<Correlation ActivityID="" RelatedActivityID=""></Correlation>
<Execution ProcessID="9772" ThreadID="8172"></Execution>
<Channel>Application</Channel>
<Computer>DESKTOP-JU2PNRI</Computer>
<Security UserID="S-1-5-21-965304421-3110171530-1119801072-1001"></Security>
</System>
<UserData><RmSessionEvent xmlns="http://www.microsoft.com/2005/08/Windows/Reliability/RestartManager/"><RmSessionId>1</RmSessionId>
<UTCStartTime>2023-10-10 15:57:20.014151</UTCStartTime>
</RmSessionEvent>
</UserData>
</Event>

<Event xmlns="http://schemas.microsoft.com/win/2004/08/events/event"><System><Provider Name="Microsoft-Windows-RestartManager" Guid="{0888e5ef-9b98-4695-979d-e92ce4247224}"></Provider>
<EventID Qualifiers="">10001</EventID>
<Version>0</Version>
<Level>4</Level>
<Task>0</Task>
<Opcode>0</Opcode>
<Keywords>0x8000000000000000</Keywords>
<TimeCreated SystemTime="2023-10-10 15:57:23.300991"></TimeCreated>
<EventRecordID>1765</EventRecordID>
<Correlation ActivityID="" RelatedActivityID=""></Correlation>
<Execution ProcessID="9772" ThreadID="8172"></Execution>
<Channel>Application</Channel>
<Computer>DESKTOP-JU2PNRI</Computer>
<Security UserID="S-1-5-21-965304421-3110171530-1119801072-1001"></Security>
</System>
<UserData><RmSessionEvent xmlns="http://www.microsoft.com/2005/08/Windows/Reliability/RestartManager/"><RmSessionId>1</RmSessionId>
<UTCStartTime>2023-10-10 15:57:20.014151</UTCStartTime>
</RmSessionEvent>
</UserData>
</Event>

<Event xmlns="http://schemas.microsoft.com/win/2004/08/events/event"><System><Provider Name="Microsoft-Windows-CAPI2" Guid="{5bbca4a8-b209-48dc-a8c7-b23d3e5216fb}" EventSourceName="Microsoft-Windows-CAPI2"></Provider>
<EventID Qualifiers="0">4097</EventID>
<Version>0</Version>
<Level>4</Level>
<Task>0</Task>
<Opcode>0</Opcode>
<Keywords>0x8080000000000000</Keywords>
<TimeCreated SystemTime="2023-10-10 15:58:56.566826"></TimeCreated>
<EventRecordID>1766</EventRecordID>
<Correlation ActivityID="" RelatedActivityID=""></Correlation>
<Execution ProcessID="1132" ThreadID="1128"></Execution>
<Channel>Application</Channel>
<Computer>DESKTOP-JU2PNRI</Computer>
<Security UserID=""></Security>
</System>
<EventData><Data>&lt;string&gt;CN=Certum CA, O=Unizeto Sp. z o.o., C=PL&lt;/string&gt;
&lt;string&gt;6252DC40F71143A22FDE9EF7348E064251B18118&lt;/string&gt;
</Data>
<Binary></Binary>
</EventData>
</Event>

<Event xmlns="http://schemas.microsoft.com/win/2004/08/events/event"><System><Provider Name="Microsoft-Windows-RestartManager" Guid="{0888e5ef-9b98-4695-979d-e92ce4247224}"></Provider>
<EventID Qualifiers="">10000</EventID>
<Version>0</Version>
<Level>4</Level>
<Task>0</Task>
<Opcode>0</Opcode>
<Keywords>0x8000000000000000</Keywords>
<TimeCreated SystemTime="2023-10-10 15:58:58.679354"></TimeCreated>
<EventRecordID>1767</EventRecordID>
<Correlation ActivityID="" RelatedActivityID=""></Correlation>
<Execution ProcessID="6640" ThreadID="1772"></Execution>
<Channel>Application</Channel>
<Computer>DESKTOP-JU2PNRI</Computer>
<Security UserID="S-1-5-21-965304421-3110171530-1119801072-1001"></Security>
</System>
<UserData><RmSessionEvent xmlns="http://www.microsoft.com/2005/08/Windows/Reliability/RestartManager/"><RmSessionId>1</RmSessionId>
<UTCStartTime>2023-10-10 15:58:58.672573</UTCStartTime>
</RmSessionEvent>
</UserData>
</Event>

<Event xmlns="http://schemas.microsoft.com/win/2004/08/events/event"><System><Provider Name="Microsoft-Windows-RestartManager" Guid="{0888e5ef-9b98-4695-979d-e92ce4247224}"></Provider>
<EventID Qualifiers="">10000</EventID>
<Version>0</Version>
<Level>4</Level>
<Task>0</Task>
<Opcode>0</Opcode>
<Keywords>0x8000000000000000</Keywords>
<TimeCreated SystemTime="2023-10-10 15:59:05.636032"></TimeCreated>
<EventRecordID>1768</EventRecordID>
<Correlation ActivityID="" RelatedActivityID=""></Correlation>
<Execution ProcessID="3820" ThreadID="11696"></Execution>
<Channel>Application</Channel>
<Computer>DESKTOP-JU2PNRI</Computer>
<Security UserID="S-1-5-21-965304421-3110171530-1119801072-1001"></Security>
</System>
<UserData><RmSessionEvent xmlns="http://www.microsoft.com/2005/08/Windows/Reliability/RestartManager/"><RmSessionId>1</RmSessionId>
<UTCStartTime>2023-10-10 15:59:05.633024</UTCStartTime>
</RmSessionEvent>
</UserData>
</Event>

