<Event xmlns="http://schemas.microsoft.com/win/2004/08/events/event"><System><Provider Name="MsiInstaller"></Provider>
<EventID Qualifiers="0">1033</EventID>
<Version>0</Version>
<Level>4</Level>
<Task>0</Task>
<Opcode>0</Opcode>
<Keywords>0x0080000000000000</Keywords>
<TimeCreated SystemTime="2023-10-10 16:07:30.168518"></TimeCreated>
<EventRecordID>1817</EventRecordID>
<Correlation ActivityID="" RelatedActivityID=""></Correlation>
<Execution ProcessID="2692" ThreadID="0"></Execution>
<Channel>Application</Channel>
<Computer>DESKTOP-JU2PNRI</Computer>
<Security UserID="S-1-5-21-965304421-3110171530-1119801072-1001"></Security>
</System>
<EventData><Data>&lt;string&gt;OpenOffice 4.1.14&lt;/string&gt;
&lt;string&gt;4.114.9811&lt;/string&gt;
&lt;string&gt;1033&lt;/string&gt;
&lt;string&gt;0&lt;/string&gt;
&lt;string&gt;Apache Software Foundation&lt;/string&gt;
&lt;string&gt;(NULL)&lt;/string&gt;
&lt;string&gt;&lt;/string&gt;
</Data>
<Binary>e0ZBREQ4N0ZELTgzQzctNDBCNC05MTgwLUVBOTM3MUMxQTM0OH0wMDAwMTJkZDJhNGI3MTU3MmEwZjllZTNiY2NiYTE4Zjk0ZTIwMDAwMDkwNA==</Binary>
</EventData>
</Event>

<Event xmlns="http://schemas.microsoft.com/win/2004/08/events/event"><System><Provider Name="Microsoft-Windows-RestartManager" Guid="{0888e5ef-9b98-4695-979d-e92ce4247224}"></Provider>
<EventID Qualifiers="">10001</EventID>
<Version>0</Version>
<Level>4</Level>
<Task>0</Task>
<Opcode>0</Opcode>
<Keywords>0x8000000000000000</Keywords>
<TimeCreated SystemTime="2023-10-10 16:07:30.134604"></TimeCreated>
<EventRecordID>1818</EventRecordID>
<Correlation ActivityID="" RelatedActivityID=""></Correlation>
<Execution ProcessID="8616" ThreadID="11916"></Execution>
<Channel>Application</Channel>
<Computer>DESKTOP-JU2PNRI</Computer>
<Security UserID="S-1-5-21-965304421-3110171530-1119801072-1001"></Security>
</System>
<UserData><RmSessionEvent xmlns="http://www.microsoft.com/2005/08/Windows/Reliability/RestartManager/"><RmSessionId>0</RmSessionId>
<UTCStartTime>2023-10-10 16:07:09.101133</UTCStartTime>
</RmSessionEvent>
</UserData>
</Event>

<Event xmlns="http://schemas.microsoft.com/win/2004/08/events/event"><System><Provider Name="MsiInstaller"></Provider>
<EventID Qualifiers="0">1040</EventID>
<Version>0</Version>
<Level>4</Level>
<Task>0</Task>
<Opcode>0</Opcode>
<Keywords>0x0080000000000000</Keywords>
<TimeCreated SystemTime="2023-10-10 16:07:55.101919"></TimeCreated>
<EventRecordID>1819</EventRecordID>
<Correlation ActivityID="" RelatedActivityID=""></Correlation>
<Execution ProcessID="8616" ThreadID="0"></Execution>
<Channel>Application</Channel>
<Computer>DESKTOP-JU2PNRI</Computer>
<Security UserID="S-1-5-21-965304421-3110171530-1119801072-1001"></Security>
</System>
<EventData><Data>&lt;string&gt;C:\Program Files (x86)\Dropbox\Update\1.3.817.1\DropboxUpdateHelper.msi&lt;/string&gt;
&lt;string&gt;9824&lt;/string&gt;
&lt;string&gt;(NULL)&lt;/string&gt;
&lt;string&gt;(NULL)&lt;/string&gt;
&lt;string&gt;(NULL)&lt;/string&gt;
&lt;string&gt;(NULL)&lt;/string&gt;
&lt;string&gt;&lt;/string&gt;
</Data>
<Binary></Binary>
</EventData>
</Event>

<Event xmlns="http://schemas.microsoft.com/win/2004/08/events/event"><System><Provider Name="MsiInstaller"></Provider>
<EventID Qualifiers="0">11707</EventID>
<Version>0</Version>
<Level>4</Level>
<Task>0</Task>
<Opcode>0</Opcode>
<Keywords>0x0080000000000000</Keywords>
<TimeCreated SystemTime="2023-10-10 16:07:55.522789"></TimeCreated>
<EventRecordID>1820</EventRecordID>
<Correlation ActivityID="" RelatedActivityID=""></Correlation>
<Execution ProcessID="8616" ThreadID="0"></Execution>
<Channel>Application</Channel>
<Computer>DESKTOP-JU2PNRI</Computer>
<Security UserID="S-1-5-21-965304421-3110171530-1119801072-1001"></Security>
</System>
<EventData><Data>&lt;string&gt;Product: Dropbox Update Helper -- Installation completed successfully.&lt;/string&gt;
&lt;string&gt;(NULL)&lt;/string&gt;
&lt;string&gt;(NULL)&lt;/string&gt;
&lt;string&gt;(NULL)&lt;/string&gt;
&lt;string&gt;(NULL)&lt;/string&gt;
&lt;string&gt;(NULL)&lt;/string&gt;
&lt;string&gt;&lt;/string&gt;
</Data>
<Binary>ezA5OTIxOEE1LUE3MjMtNDNEQy04REI1LTYxNzM2NTZBMUU5NH0=</Binary>
</EventData>
</Event>

<Event xmlns="http://schemas.microsoft.com/win/2004/08/events/event"><System><Provider Name="MsiInstaller"></Provider>
<EventID Qualifiers="0">1033</EventID>
<Version>0</Version>
<Level>4</Level>
<Task>0</Task>
<Opcode>0</Opcode>
<Keywords>0x0080000000000000</Keywords>
<TimeCreated SystemTime="2023-10-10 16:07:55.523201"></TimeCreated>
<EventRecordID>1821</EventRecordID>
<Correlation ActivityID="" RelatedActivityID=""></Correlation>
<Execution ProcessID="8616" ThreadID="0"></Execution>
<Channel>Application</Channel>
<Computer>DESKTOP-JU2PNRI</Computer>
<Security UserID="S-1-5-21-965304421-3110171530-1119801072-1001"></Security>
</System>
<EventData><Data>&lt;string&gt;Dropbox Update Helper&lt;/string&gt;
&lt;string&gt;1.3.817.1&lt;/string&gt;
&lt;string&gt;1033&lt;/string&gt;
&lt;string&gt;0&lt;/string&gt;
&lt;string&gt;Dropbox, Inc.&lt;/string&gt;
&lt;string&gt;(NULL)&lt;/string&gt;
&lt;string&gt;&lt;/string&gt;
</Data>
<Binary>ezA5OTIxOEE1LUE3MjMtNDNEQy04REI1LTYxNzM2NTZBMUU5NH0wMDAwMzkxODg5OWRmYmE1Y2U3ZWE3Y2VmY2E3YTc4MWE1OTkwMDAwMDkwNA==</Binary>
</EventData>
</Event>

<Event xmlns="http://schemas.microsoft.com/win/2004/08/events/event"><System><Provider Name="MsiInstaller"></Provider>
<EventID Qualifiers="0">1042</EventID>
<Version>0</Version>
<Level>4</Level>
<Task>0</Task>
<Opcode>0</Opcode>
<Keywords>0x0080000000000000</Keywords>
<TimeCreated SystemTime="2023-10-10 16:07:55.536198"></TimeCreated>
<EventRecordID>1822</EventRecordID>
<Correlation ActivityID="" RelatedActivityID=""></Correlation>
<Execution ProcessID="8616" ThreadID="0"></Execution>
<Channel>Application</Channel>
<Computer>DESKTOP-JU2PNRI</Computer>
<Security UserID="S-1-5-18"></Security>
</System>
<EventData><Data>&lt;string&gt;C:\Program Files (x86)\Dropbox\Update\1.3.817.1\DropboxUpdateHelper.msi&lt;/string&gt;
&lt;string&gt;9824&lt;/string&gt;
&lt;string&gt;(NULL)&lt;/string&gt;
&lt;string&gt;(NULL)&lt;/string&gt;
&lt;string&gt;(NULL)&lt;/string&gt;
&lt;string&gt;(NULL)&lt;/string&gt;
&lt;string&gt;&lt;/string&gt;
</Data>
<Binary></Binary>
</EventData>
</Event>

<Event xmlns="http://schemas.microsoft.com/win/2004/08/events/event"><System><Provider Name="Microsoft-Windows-RestartManager" Guid="{0888e5ef-9b98-4695-979d-e92ce4247224}"></Provider>
<EventID Qualifiers="">10000</EventID>
<Version>0</Version>
<Level>4</Level>
<Task>0</Task>
<Opcode>0</Opcode>
<Keywords>0x8000000000000000</Keywords>
<TimeCreated SystemTime="2023-10-10 16:07:55.349119"></TimeCreated>
<EventRecordID>1823</EventRecordID>
<Correlation ActivityID="" RelatedActivityID=""></Correlation>
<Execution ProcessID="8616" ThreadID="2160"></Execution>
<Channel>Application</Channel>
<Computer>DESKTOP-JU2PNRI</Computer>
<Security UserID="S-1-5-21-965304421-3110171530-1119801072-1001"></Security>
</System>
<UserData><RmSessionEvent xmlns="http://www.microsoft.com/2005/08/Windows/Reliability/RestartManager/"><RmSessionId>0</RmSessionId>
<UTCStartTime>2023-10-10 16:07:55.344040</UTCStartTime>
</RmSessionEvent>
</UserData>
</Event>

<Event xmlns="http://schemas.microsoft.com/win/2004/08/events/event"><System><Provider Name="Microsoft-Windows-RestartManager" Guid="{0888e5ef-9b98-4695-979d-e92ce4247224}"></Provider>
<EventID Qualifiers="">10001</EventID>
<Version>0</Version>
<Level>4</Level>
<Task>0</Task>
<Opcode>0</Opcode>
<Keywords>0x8000000000000000</Keywords>
<TimeCreated SystemTime="2023-10-10 16:07:55.528690"></TimeCreated>
<EventRecordID>1824</EventRecordID>
<Correlation ActivityID="" RelatedActivityID=""></Correlation>
<Execution ProcessID="8616" ThreadID="2536"></Execution>
<Channel>Application</Channel>
<Computer>DESKTOP-JU2PNRI</Computer>
<Security UserID="S-1-5-21-965304421-3110171530-1119801072-1001"></Security>
</System>
<UserData><RmSessionEvent xmlns="http://www.microsoft.com/2005/08/Windows/Reliability/RestartManager/"><RmSessionId>0</RmSessionId>
<UTCStartTime>2023-10-10 16:07:55.344040</UTCStartTime>
</RmSessionEvent>
</UserData>
</Event>

<Event xmlns="http://schemas.microsoft.com/win/2004/08/events/event"><System><Provider Name="dbupdate"></Provider>
<EventID Qualifiers="0">0</EventID>
<Version>0</Version>
<Level>4</Level>
<Task>0</Task>
<Opcode>0</Opcode>
<Keywords>0x0080000000000000</Keywords>
<TimeCreated SystemTime="2023-10-10 16:07:56.472902"></TimeCreated>
<EventRecordID>1825</EventRecordID>
<Correlation ActivityID="" RelatedActivityID=""></Correlation>
<Execution ProcessID="7628" ThreadID="0"></Execution>
<Channel>Application</Channel>
<Computer>DESKTOP-JU2PNRI</Computer>
<Security UserID=""></Security>
</System>
<EventData><Data>&lt;string&gt;Service started&lt;/string&gt;
</Data>
<Binary></Binary>
</EventData>
</Event>

<Event xmlns="http://schemas.microsoft.com/win/2004/08/events/event"><System><Provider Name="DbxSvc"></Provider>
<EventID Qualifiers="16386">336</EventID>
<Version>0</Version>
<Level>4</Level>
<Task>1</Task>
<Opcode>0</Opcode>
<Keywords>0x0080000000000000</Keywords>
<TimeCreated SystemTime="2023-10-10 16:08:54.844627"></TimeCreated>
<EventRecordID>1826</EventRecordID>
<Correlation ActivityID="" RelatedActivityID=""></Correlation>
<Execution ProcessID="6052" ThreadID="0"></Execution>
<Channel>Application</Channel>
<Computer>DESKTOP-JU2PNRI</Computer>
<Security UserID=""></Security>
</System>
<EventData><Data>&lt;string&gt;1.0.24.0&lt;/string&gt;
</Data>
<Binary></Binary>
</EventData>
</Event>

<Event xmlns="http://schemas.microsoft.com/win/2004/08/events/event"><System><Provider Name="DbxSvc"></Provider>
<EventID Qualifiers="16386">320</EventID>
<Version>0</Version>
<Level>4</Level>
<Task>3</Task>
<Opcode>0</Opcode>
<Keywords>0x0080000000000000</Keywords>
<TimeCreated SystemTime="2023-10-10 16:08:54.873779"></TimeCreated>
<EventRecordID>1827</EventRecordID>
<Correlation ActivityID="" RelatedActivityID=""></Correlation>
<Execution ProcessID="6052" ThreadID="0"></Execution>
<Channel>Application</Channel>
<Computer>DESKTOP-JU2PNRI</Computer>
<Security UserID=""></Security>
</System>
<EventData><Data>&lt;string&gt;(-2147024894) The system cannot find the file specified. &lt;/string&gt;
</Data>
<Binary></Binary>
</EventData>
</Event>

<Event xmlns="http://schemas.microsoft.com/win/2004/08/events/event"><System><Provider Name="DbxSvc"></Provider>
<EventID Qualifiers="16386">258</EventID>
<Version>0</Version>
<Level>4</Level>
<Task>2</Task>
<Opcode>0</Opcode>
<Keywords>0x0080000000000000</Keywords>
<TimeCreated SystemTime="2023-10-10 16:08:54.874237"></TimeCreated>
<EventRecordID>1828</EventRecordID>
<Correlation ActivityID="" RelatedActivityID=""></Correlation>
<Execution ProcessID="6052" ThreadID="0"></Execution>
<Channel>Application</Channel>
<Computer>DESKTOP-JU2PNRI</Computer>
<Security UserID=""></Security>
</System>
<EventData><Data></Data>
<Binary></Binary>
</EventData>
</Event>

<Event xmlns="http://schemas.microsoft.com/win/2004/08/events/event"><System><Provider Name="dbupdate"></Provider>
<EventID Qualifiers="0">0</EventID>
<Version>0</Version>
<Level>4</Level>
<Task>0</Task>
<Opcode>0</Opcode>
<Keywords>0x0080000000000000</Keywords>
<TimeCreated SystemTime="2023-10-10 16:09:11.987209"></TimeCreated>
<EventRecordID>1829</EventRecordID>
<Correlation ActivityID="" RelatedActivityID=""></Correlation>
<Execution ProcessID="7628" ThreadID="0"></Execution>
<Channel>Application</Channel>
<Computer>DESKTOP-JU2PNRI</Computer>
<Security UserID=""></Security>
</System>
<EventData><Data>&lt;string&gt;Service stopped&lt;/string&gt;
</Data>
<Binary></Binary>
</EventData>
</Event>

<Event xmlns="http://schemas.microsoft.com/win/2004/08/events/event"><System><Provider Name="MsiInstaller"></Provider>
<EventID Qualifiers="0">1040</EventID>
<Version>0</Version>
<Level>4</Level>
<Task>0</Task>
<Opcode>0</Opcode>
<Keywords>0x0080000000000000</Keywords>
<TimeCreated SystemTime="2023-10-10 16:09:19.760954"></TimeCreated>
<EventRecordID>1830</EventRecordID>
<Correlation ActivityID="" RelatedActivityID=""></Correlation>
<Execution ProcessID="8616" ThreadID="0"></Execution>
<Channel>Application</Channel>
<Computer>DESKTOP-JU2PNRI</Computer>
<Security UserID="S-1-5-21-965304421-3110171530-1119801072-1001"></Security>
</System>
<EventData><Data>&lt;string&gt;C:\Users\Bob\AppData\Local\Temp\68213C~1\Bonjour64.msi&lt;/string&gt;
&lt;string&gt;12136&lt;/string&gt;
&lt;string&gt;(NULL)&lt;/string&gt;
&lt;string&gt;(NULL)&lt;/string&gt;
&lt;string&gt;(NULL)&lt;/string&gt;
&lt;string&gt;(NULL)&lt;/string&gt;
&lt;string&gt;&lt;/string&gt;
</Data>
<Binary></Binary>
</EventData>
</Event>

<Event xmlns="http://schemas.microsoft.com/win/2004/08/events/event"><System><Provider Name="DbxSvc"></Provider>
<EventID Qualifiers="16386">320</EventID>
<Version>0</Version>
<Level>4</Level>
<Task>3</Task>
<Opcode>0</Opcode>
<Keywords>0x0080000000000000</Keywords>
<TimeCreated SystemTime="2023-10-10 16:09:25.588387"></TimeCreated>
<EventRecordID>1831</EventRecordID>
<Correlation ActivityID="" RelatedActivityID=""></Correlation>
<Execution ProcessID="6052" ThreadID="0"></Execution>
<Channel>Application</Channel>
<Computer>DESKTOP-JU2PNRI</Computer>
<Security UserID=""></Security>
</System>
<EventData><Data>&lt;string&gt;(-2147024894) The system cannot find the file specified. &lt;/string&gt;
</Data>
<Binary></Binary>
</EventData>
</Event>

<Event xmlns="http://schemas.microsoft.com/win/2004/08/events/event"><System><Provider Name="Bonjour Service"></Provider>
<EventID Qualifiers="0">100</EventID>
<Version>0</Version>
<Level>4</Level>
<Task>0</Task>
<Opcode>0</Opcode>
<Keywords>0x0080000000000000</Keywords>
<TimeCreated SystemTime="2023-10-10 16:09:33.539801"></TimeCreated>
<EventRecordID>1832</EventRecordID>
<Correlation ActivityID="" RelatedActivityID=""></Correlation>
<Execution ProcessID="10448" ThreadID="0"></Execution>
<Channel>Application</Channel>
<Computer>DESKTOP-JU2PNRI</Computer>
<Security UserID=""></Security>
</System>
<EventData><Data>&lt;string&gt;Service initializing&lt;/string&gt;
</Data>
<Binary></Binary>
</EventData>
</Event>

<Event xmlns="http://schemas.microsoft.com/win/2004/08/events/event"><System><Provider Name="Bonjour Service"></Provider>
<EventID Qualifiers="0">100</EventID>
<Version>0</Version>
<Level>4</Level>
<Task>0</Task>
<Opcode>0</Opcode>
<Keywords>0x0080000000000000</Keywords>
<TimeCreated SystemTime="2023-10-10 16:09:34.213982"></TimeCreated>
<EventRecordID>1833</EventRecordID>
<Correlation ActivityID="" RelatedActivityID=""></Correlation>
<Execution ProcessID="10448" ThreadID="0"></Execution>
<Channel>Application</Channel>
<Computer>DESKTOP-JU2PNRI</Computer>
<Security UserID=""></Security>
</System>
<EventData><Data>&lt;string&gt;Service initialized&lt;/string&gt;
</Data>
<Binary></Binary>
</EventData>
</Event>

<Event xmlns="http://schemas.microsoft.com/win/2004/08/events/event"><System><Provider Name="Bonjour Service"></Provider>
<EventID Qualifiers="0">100</EventID>
<Version>0</Version>
<Level>4</Level>
<Task>0</Task>
<Opcode>0</Opcode>
<Keywords>0x0080000000000000</Keywords>
<TimeCreated SystemTime="2023-10-10 16:09:34.260199"></TimeCreated>
<EventRecordID>1834</EventRecordID>
<Correlation ActivityID="" RelatedActivityID=""></Correlation>
<Execution ProcessID="10448" ThreadID="0"></Execution>
<Channel>Application</Channel>
<Computer>DESKTOP-JU2PNRI</Computer>
<Security UserID=""></Security>
</System>
<EventData><Data>&lt;string&gt;Service started
&lt;/string&gt;
</Data>
<Binary></Binary>
</EventData>
</Event>

<Event xmlns="http://schemas.microsoft.com/win/2004/08/events/event"><System><Provider Name="MsiInstaller"></Provider>
<EventID Qualifiers="0">11707</EventID>
<Version>0</Version>
<Level>4</Level>
<Task>0</Task>
<Opcode>0</Opcode>
<Keywords>0x0080000000000000</Keywords>
<TimeCreated SystemTime="2023-10-10 16:09:34.733101"></TimeCreated>
<EventRecordID>1835</EventRecordID>
<Correlation ActivityID="" RelatedActivityID=""></Correlation>
<Execution ProcessID="8616" ThreadID="0"></Execution>
<Channel>Application</Channel>
<Computer>DESKTOP-JU2PNRI</Computer>
<Security UserID="S-1-5-21-965304421-3110171530-1119801072-1001"></Security>
</System>
<EventData><Data>&lt;string&gt;Product: Bonjour -- Installation completed successfully.&lt;/string&gt;
&lt;string&gt;(NULL)&lt;/string&gt;
&lt;string&gt;(NULL)&lt;/string&gt;
&lt;string&gt;(NULL)&lt;/string&gt;
&lt;string&gt;(NULL)&lt;/string&gt;
&lt;string&gt;(NULL)&lt;/string&gt;
&lt;string&gt;&lt;/string&gt;
</Data>
<Binary>ezU2RERERkI4LTdGNzktNDQ4MC04OUQ1LTI1RTFGNTJBQjI4Rn0=</Binary>
</EventData>
</Event>

<Event xmlns="http://schemas.microsoft.com/win/2004/08/events/event"><System><Provider Name="MsiInstaller"></Provider>
<EventID Qualifiers="0">1033</EventID>
<Version>0</Version>
<Level>4</Level>
<Task>0</Task>
<Opcode>0</Opcode>
<Keywords>0x0080000000000000</Keywords>
<TimeCreated SystemTime="2023-10-10 16:09:34.733557"></TimeCreated>
<EventRecordID>1836</EventRecordID>
<Correlation ActivityID="" RelatedActivityID=""></Correlation>
<Execution ProcessID="8616" ThreadID="0"></Execution>
<Channel>Application</Channel>
<Computer>DESKTOP-JU2PNRI</Computer>
<Security UserID="S-1-5-21-965304421-3110171530-1119801072-1001"></Security>
</System>
<EventData><Data>&lt;string&gt;Bonjour&lt;/string&gt;
&lt;string&gt;3.1.0.1&lt;/string&gt;
&lt;string&gt;1033&lt;/string&gt;
&lt;string&gt;0&lt;/string&gt;
&lt;string&gt;Apple Inc.&lt;/string&gt;
&lt;string&gt;(NULL)&lt;/string&gt;
&lt;string&gt;&lt;/string&gt;
</Data>
<Binary>ezU2RERERkI4LTdGNzktNDQ4MC04OUQ1LTI1RTFGNTJBQjI4Rn0wMDAwNjRkZWJiMTUwZGYyMjJkZDYxNDJhNzlhOGYyOTJjMzcwMDAwMDkwNA==</Binary>
</EventData>
</Event>

<Event xmlns="http://schemas.microsoft.com/win/2004/08/events/event"><System><Provider Name="MsiInstaller"></Provider>
<EventID Qualifiers="0">1042</EventID>
<Version>0</Version>
<Level>4</Level>
<Task>0</Task>
<Opcode>0</Opcode>
<Keywords>0x0080000000000000</Keywords>
<TimeCreated SystemTime="2023-10-10 16:09:34.757723"></TimeCreated>
<EventRecordID>1837</EventRecordID>
<Correlation ActivityID="" RelatedActivityID=""></Correlation>
<Execution ProcessID="8616" ThreadID="0"></Execution>
<Channel>Application</Channel>
<Computer>DESKTOP-JU2PNRI</Computer>
<Security UserID="S-1-5-18"></Security>
</System>
<EventData><Data>&lt;string&gt;C:\Users\Bob\AppData\Local\Temp\68213C~1\Bonjour64.msi&lt;/string&gt;
&lt;string&gt;12136&lt;/string&gt;
&lt;string&gt;(NULL)&lt;/string&gt;
&lt;string&gt;(NULL)&lt;/string&gt;
&lt;string&gt;(NULL)&lt;/string&gt;
&lt;string&gt;(NULL)&lt;/string&gt;
&lt;string&gt;&lt;/string&gt;
</Data>
<Binary></Binary>
</EventData>
</Event>

<Event xmlns="http://schemas.microsoft.com/win/2004/08/events/event"><System><Provider Name="MsiInstaller"></Provider>
<EventID Qualifiers="0">1040</EventID>
<Version>0</Version>
<Level>4</Level>
<Task>0</Task>
<Opcode>0</Opcode>
<Keywords>0x0080000000000000</Keywords>
<TimeCreated SystemTime="2023-10-10 16:09:37.364645"></TimeCreated>
<EventRecordID>1838</EventRecordID>
<Correlation ActivityID="" RelatedActivityID=""></Correlation>
<Execution ProcessID="8616" ThreadID="0"></Execution>
<Channel>Application</Channel>
<Computer>DESKTOP-JU2PNRI</Computer>
<Security UserID="S-1-5-21-965304421-3110171530-1119801072-1001"></Security>
</System>
<EventData><Data>&lt;string&gt;C:\Users\Bob\AppData\Local\Temp\68213C~1\AppleSoftwareUpdate.msi&lt;/string&gt;
&lt;string&gt;8136&lt;/string&gt;
&lt;string&gt;(NULL)&lt;/string&gt;
&lt;string&gt;(NULL)&lt;/string&gt;
&lt;string&gt;(NULL)&lt;/string&gt;
&lt;string&gt;(NULL)&lt;/string&gt;
&lt;string&gt;&lt;/string&gt;
</Data>
<Binary></Binary>
</EventData>
</Event>

<Event xmlns="http://schemas.microsoft.com/win/2004/08/events/event"><System><Provider Name="Microsoft-Windows-Winlogon" Guid="{DBE9B383-7CF3-4331-91CC-A3CB16A3B538}" EventSourceName="Wlclntfy"></Provider>
<EventID Qualifiers="16384">1002</EventID>
<Version>0</Version>
<Level>4</Level>
<Task>0</Task>
<Opcode>0</Opcode>
<Keywords>0x0080000000000000</Keywords>
<TimeCreated SystemTime="2023-10-10 16:09:40.841135"></TimeCreated>
<EventRecordID>1839</EventRecordID>
<Correlation ActivityID="" RelatedActivityID=""></Correlation>
<Execution ProcessID="716" ThreadID="0"></Execution>
<Channel>Application</Channel>
<Computer>DESKTOP-JU2PNRI</Computer>
<Security UserID=""></Security>
</System>
<EventData><Data>&lt;string&gt;explorer.exe&lt;/string&gt;
</Data>
<Binary></Binary>
</EventData>
</Event>

<Event xmlns="http://schemas.microsoft.com/win/2004/08/events/event"><System><Provider Name="Microsoft-Windows-RestartManager" Guid="{0888e5ef-9b98-4695-979d-e92ce4247224}"></Provider>
<EventID Qualifiers="">10000</EventID>
<Version>0</Version>
<Level>4</Level>
<Task>0</Task>
<Opcode>0</Opcode>
<Keywords>0x8000000000000000</Keywords>
<TimeCreated SystemTime="2023-10-10 16:09:41.352642"></TimeCreated>
<EventRecordID>1840</EventRecordID>
<Correlation ActivityID="" RelatedActivityID=""></Correlation>
<Execution ProcessID="8616" ThreadID="684"></Execution>
<Channel>Application</Channel>
<Computer>DESKTOP-JU2PNRI</Computer>
<Security UserID="S-1-5-21-965304421-3110171530-1119801072-1001"></Security>
</System>
<UserData><RmSessionEvent xmlns="http://www.microsoft.com/2005/08/Windows/Reliability/RestartManager/"><RmSessionId>0</RmSessionId>
<UTCStartTime>2023-10-10 16:09:41.343014</UTCStartTime>
</RmSessionEvent>
</UserData>
</Event>

<Event xmlns="http://schemas.microsoft.com/win/2004/08/events/event"><System><Provider Name="MsiInstaller"></Provider>
<EventID Qualifiers="0">11707</EventID>
<Version>0</Version>
<Level>4</Level>
<Task>0</Task>
<Opcode>0</Opcode>
<Keywords>0x0080000000000000</Keywords>
<TimeCreated SystemTime="2023-10-10 16:09:51.418764"></TimeCreated>
<EventRecordID>1841</EventRecordID>
<Correlation ActivityID="" RelatedActivityID=""></Correlation>
<Execution ProcessID="8616" ThreadID="0"></Execution>
<Channel>Application</Channel>
<Computer>DESKTOP-JU2PNRI</Computer>
<Security UserID="S-1-5-21-965304421-3110171530-1119801072-1001"></Security>
</System>
<EventData><Data>&lt;string&gt;Product: Apple Software Update -- Installation completed successfully.&lt;/string&gt;
&lt;string&gt;(NULL)&lt;/string&gt;
&lt;string&gt;(NULL)&lt;/string&gt;
&lt;string&gt;(NULL)&lt;/string&gt;
&lt;string&gt;(NULL)&lt;/string&gt;
&lt;string&gt;(NULL)&lt;/string&gt;
&lt;string&gt;&lt;/string&gt;
</Data>
<Binary>e0IyOTJEMTYzLTIzRDItNDUyMy1BNjk5LTFBQkVDMTg3NTYwOX0=</Binary>
</EventData>
</Event>

<Event xmlns="http://schemas.microsoft.com/win/2004/08/events/event"><System><Provider Name="MsiInstaller"></Provider>
<EventID Qualifiers="0">1033</EventID>
<Version>0</Version>
<Level>4</Level>
<Task>0</Task>
<Opcode>0</Opcode>
<Keywords>0x0080000000000000</Keywords>
<TimeCreated SystemTime="2023-10-10 16:09:51.419981"></TimeCreated>
<EventRecordID>1842</EventRecordID>
<Correlation ActivityID="" RelatedActivityID=""></Correlation>
<Execution ProcessID="8616" ThreadID="0"></Execution>
<Channel>Application</Channel>
<Computer>DESKTOP-JU2PNRI</Computer>
<Security UserID="S-1-5-21-965304421-3110171530-1119801072-1001"></Security>
</System>
<EventData><Data>&lt;string&gt;Apple Software Update&lt;/string&gt;
&lt;string&gt;2.7.0.3&lt;/string&gt;
&lt;string&gt;1033&lt;/string&gt;
&lt;string&gt;0&lt;/string&gt;
&lt;string&gt;Apple Inc.&lt;/string&gt;
&lt;string&gt;(NULL)&lt;/string&gt;
&lt;string&gt;&lt;/string&gt;
</Data>
<Binary>e0IyOTJEMTYzLTIzRDItNDUyMy1BNjk5LTFBQkVDMTg3NTYwOX0wMDAwMTQyYWJhOWNmNTUyYWQ4NWJmMTI3YzIyNjNmN2U4ZTYwMDAwMDkwNA==</Binary>
</EventData>
</Event>

<Event xmlns="http://schemas.microsoft.com/win/2004/08/events/event"><System><Provider Name="MsiInstaller"></Provider>
<EventID Qualifiers="0">1042</EventID>
<Version>0</Version>
<Level>4</Level>
<Task>0</Task>
<Opcode>0</Opcode>
<Keywords>0x0080000000000000</Keywords>
<TimeCreated SystemTime="2023-10-10 16:09:51.439194"></TimeCreated>
<EventRecordID>1843</EventRecordID>
<Correlation ActivityID="" RelatedActivityID=""></Correlation>
<Execution ProcessID="8616" ThreadID="0"></Execution>
<Channel>Application</Channel>
<Computer>DESKTOP-JU2PNRI</Computer>
<Security UserID="S-1-5-18"></Security>
</System>
<EventData><Data>&lt;string&gt;C:\Users\Bob\AppData\Local\Temp\68213C~1\AppleSoftwareUpdate.msi&lt;/string&gt;
&lt;string&gt;8136&lt;/string&gt;
&lt;string&gt;(NULL)&lt;/string&gt;
&lt;string&gt;(NULL)&lt;/string&gt;
&lt;string&gt;(NULL)&lt;/string&gt;
&lt;string&gt;(NULL)&lt;/string&gt;
&lt;string&gt;&lt;/string&gt;
</Data>
<Binary></Binary>
</EventData>
</Event>

<Event xmlns="http://schemas.microsoft.com/win/2004/08/events/event"><System><Provider Name="Microsoft-Windows-RestartManager" Guid="{0888e5ef-9b98-4695-979d-e92ce4247224}"></Provider>
<EventID Qualifiers="">10001</EventID>
<Version>0</Version>
<Level>4</Level>
<Task>0</Task>
<Opcode>0</Opcode>
<Keywords>0x8000000000000000</Keywords>
<TimeCreated SystemTime="2023-10-10 16:09:51.426081"></TimeCreated>
<EventRecordID>1844</EventRecordID>
<Correlation ActivityID="" RelatedActivityID=""></Correlation>
<Execution ProcessID="8616" ThreadID="5408"></Execution>
<Channel>Application</Channel>
<Computer>DESKTOP-JU2PNRI</Computer>
<Security UserID="S-1-5-21-965304421-3110171530-1119801072-1001"></Security>
</System>
<UserData><RmSessionEvent xmlns="http://www.microsoft.com/2005/08/Windows/Reliability/RestartManager/"><RmSessionId>0</RmSessionId>
<UTCStartTime>2023-10-10 16:09:41.343014</UTCStartTime>
</RmSessionEvent>
</UserData>
</Event>

<Event xmlns="http://schemas.microsoft.com/win/2004/08/events/event"><System><Provider Name="MsiInstaller"></Provider>
<EventID Qualifiers="0">1040</EventID>
<Version>0</Version>
<Level>4</Level>
<Task>0</Task>
<Opcode>0</Opcode>
<Keywords>0x0080000000000000</Keywords>
<TimeCreated SystemTime="2023-10-10 16:09:52.940762"></TimeCreated>
<EventRecordID>1845</EventRecordID>
<Correlation ActivityID="" RelatedActivityID=""></Correlation>
<Execution ProcessID="8616" ThreadID="0"></Execution>
<Channel>Application</Channel>
<Computer>DESKTOP-JU2PNRI</Computer>
<Security UserID="S-1-5-21-965304421-3110171530-1119801072-1001"></Security>
</System>
<EventData><Data>&lt;string&gt;C:\Users\Bob\AppData\Local\Temp\68213C~1\AppleMobileDeviceSupport64.msi&lt;/string&gt;
&lt;string&gt;9168&lt;/string&gt;
&lt;string&gt;(NULL)&lt;/string&gt;
&lt;string&gt;(NULL)&lt;/string&gt;
&lt;string&gt;(NULL)&lt;/string&gt;
&lt;string&gt;(NULL)&lt;/string&gt;
&lt;string&gt;&lt;/string&gt;
</Data>
<Binary></Binary>
</EventData>
</Event>

<Event xmlns="http://schemas.microsoft.com/win/2004/08/events/event"><System><Provider Name="MsiInstaller"></Provider>
<EventID Qualifiers="0">11707</EventID>
<Version>0</Version>
<Level>4</Level>
<Task>0</Task>
<Opcode>0</Opcode>
<Keywords>0x0080000000000000</Keywords>
<TimeCreated SystemTime="2023-10-10 16:10:04.165768"></TimeCreated>
<EventRecordID>1846</EventRecordID>
<Correlation ActivityID="" RelatedActivityID=""></Correlation>
<Execution ProcessID="8616" ThreadID="0"></Execution>
<Channel>Application</Channel>
<Computer>DESKTOP-JU2PNRI</Computer>
<Security UserID="S-1-5-21-965304421-3110171530-1119801072-1001"></Security>
</System>
<EventData><Data>&lt;string&gt;Product: Apple Mobile Device Support -- Installation completed successfully.&lt;/string&gt;
&lt;string&gt;(NULL)&lt;/string&gt;
&lt;string&gt;(NULL)&lt;/string&gt;
&lt;string&gt;(NULL)&lt;/string&gt;
&lt;string&gt;(NULL)&lt;/string&gt;
&lt;string&gt;(NULL)&lt;/string&gt;
&lt;string&gt;&lt;/string&gt;
</Data>
<Binary>e0Q3NkY5ODI5LUE2RjMtNDhEMy1BMEI2LUJDMTUyMkNCOUY0OX0=</Binary>
</EventData>
</Event>

<Event xmlns="http://schemas.microsoft.com/win/2004/08/events/event"><System><Provider Name="MsiInstaller"></Provider>
<EventID Qualifiers="0">1033</EventID>
<Version>0</Version>
<Level>4</Level>
<Task>0</Task>
<Opcode>0</Opcode>
<Keywords>0x0080000000000000</Keywords>
<TimeCreated SystemTime="2023-10-10 16:10:04.166239"></TimeCreated>
<EventRecordID>1847</EventRecordID>
<Correlation ActivityID="" RelatedActivityID=""></Correlation>
<Execution ProcessID="8616" ThreadID="0"></Execution>
<Channel>Application</Channel>
<Computer>DESKTOP-JU2PNRI</Computer>
<Security UserID="S-1-5-21-965304421-3110171530-1119801072-1001"></Security>
</System>
<EventData><Data>&lt;string&gt;Apple Mobile Device Support&lt;/string&gt;
&lt;string&gt;17.0.0.21&lt;/string&gt;
&lt;string&gt;1033&lt;/string&gt;
&lt;string&gt;0&lt;/string&gt;
&lt;string&gt;Apple Inc.&lt;/string&gt;
&lt;string&gt;(NULL)&lt;/string&gt;
&lt;string&gt;&lt;/string&gt;
</Data>
<Binary>e0Q3NkY5ODI5LUE2RjMtNDhEMy1BMEI2LUJDMTUyMkNCOUY0OX0wMDAwZTZlYmFiZDdhM2JiZjNmMzVkZWJiMThmNTU2ODk2ZmEwMDAwMDkwNA==</Binary>
</EventData>
</Event>

<Event xmlns="http://schemas.microsoft.com/win/2004/08/events/event"><System><Provider Name="MsiInstaller"></Provider>
<EventID Qualifiers="0">1042</EventID>
<Version>0</Version>
<Level>4</Level>
<Task>0</Task>
<Opcode>0</Opcode>
<Keywords>0x0080000000000000</Keywords>
<TimeCreated SystemTime="2023-10-10 16:10:04.185568"></TimeCreated>
<EventRecordID>1848</EventRecordID>
<Correlation ActivityID="" RelatedActivityID=""></Correlation>
<Execution ProcessID="8616" ThreadID="0"></Execution>
<Channel>Application</Channel>
<Computer>DESKTOP-JU2PNRI</Computer>
<Security UserID="S-1-5-18"></Security>
</System>
<EventData><Data>&lt;string&gt;C:\Users\Bob\AppData\Local\Temp\68213C~1\AppleMobileDeviceSupport64.msi&lt;/string&gt;
&lt;string&gt;9168&lt;/string&gt;
&lt;string&gt;(NULL)&lt;/string&gt;
&lt;string&gt;(NULL)&lt;/string&gt;
&lt;string&gt;(NULL)&lt;/string&gt;
&lt;string&gt;(NULL)&lt;/string&gt;
&lt;string&gt;&lt;/string&gt;
</Data>
<Binary></Binary>
</EventData>
</Event>

<Event xmlns="http://schemas.microsoft.com/win/2004/08/events/event"><System><Provider Name="MsiInstaller"></Provider>
<EventID Qualifiers="0">1040</EventID>
<Version>0</Version>
<Level>4</Level>
<Task>0</Task>
<Opcode>0</Opcode>
<Keywords>0x0080000000000000</Keywords>
<TimeCreated SystemTime="2023-10-10 16:10:04.303051"></TimeCreated>
<EventRecordID>1849</EventRecordID>
<Correlation ActivityID="" RelatedActivityID=""></Correlation>
<Execution ProcessID="8616" ThreadID="0"></Execution>
<Channel>Application</Channel>
<Computer>DESKTOP-JU2PNRI</Computer>
<Security UserID="S-1-5-21-965304421-3110171530-1119801072-1001"></Security>
</System>
<EventData><Data>&lt;string&gt;C:\Users\Bob\AppData\Local\Temp\68213C~1\iTunes64.msi&lt;/string&gt;
&lt;string&gt;2948&lt;/string&gt;
&lt;string&gt;(NULL)&lt;/string&gt;
&lt;string&gt;(NULL)&lt;/string&gt;
&lt;string&gt;(NULL)&lt;/string&gt;
&lt;string&gt;(NULL)&lt;/string&gt;
&lt;string&gt;&lt;/string&gt;
</Data>
<Binary></Binary>
</EventData>
</Event>

<Event xmlns="http://schemas.microsoft.com/win/2004/08/events/event"><System><Provider Name="MsiInstaller"></Provider>
<EventID Qualifiers="0">11707</EventID>
<Version>0</Version>
<Level>4</Level>
<Task>0</Task>
<Opcode>0</Opcode>
<Keywords>0x0080000000000000</Keywords>
<TimeCreated SystemTime="2023-10-10 16:10:49.857613"></TimeCreated>
<EventRecordID>1850</EventRecordID>
<Correlation ActivityID="" RelatedActivityID=""></Correlation>
<Execution ProcessID="8616" ThreadID="0"></Execution>
<Channel>Application</Channel>
<Computer>DESKTOP-JU2PNRI</Computer>
<Security UserID="S-1-5-21-965304421-3110171530-1119801072-1001"></Security>
</System>
<EventData><Data>&lt;string&gt;Product: iTunes -- Installation completed successfully.&lt;/string&gt;
&lt;string&gt;(NULL)&lt;/string&gt;
&lt;string&gt;(NULL)&lt;/string&gt;
&lt;string&gt;(NULL)&lt;/string&gt;
&lt;string&gt;(NULL)&lt;/string&gt;
&lt;string&gt;(NULL)&lt;/string&gt;
&lt;string&gt;&lt;/string&gt;
</Data>
<Binary>ezcxODRDQTc0LTZGQ0QtNEJBRS1BOEE5LTc5RUQ4MEU1M0NFNn0=</Binary>
</EventData>
</Event>

<Event xmlns="http://schemas.microsoft.com/win/2004/08/events/event"><System><Provider Name="MsiInstaller"></Provider>
<EventID Qualifiers="0">1033</EventID>
<Version>0</Version>
<Level>4</Level>
<Task>0</Task>
<Opcode>0</Opcode>
<Keywords>0x0080000000000000</Keywords>
<TimeCreated SystemTime="2023-10-10 16:10:49.858513"></TimeCreated>
<EventRecordID>1851</EventRecordID>
<Correlation ActivityID="" RelatedActivityID=""></Correlation>
<Execution ProcessID="8616" ThreadID="0"></Execution>
<Channel>Application</Channel>
<Computer>DESKTOP-JU2PNRI</Computer>
<Security UserID="S-1-5-21-965304421-3110171530-1119801072-1001"></Security>
</System>
<EventData><Data>&lt;string&gt;iTunes&lt;/string&gt;
&lt;string&gt;12.12.10.1&lt;/string&gt;
&lt;string&gt;1033&lt;/string&gt;
&lt;string&gt;0&lt;/string&gt;
&lt;string&gt;Apple Inc.&lt;/string&gt;
&lt;string&gt;(NULL)&lt;/string&gt;
&lt;string&gt;&lt;/string&gt;
</Data>
<Binary>ezcxODRDQTc0LTZGQ0QtNEJBRS1BOEE5LTc5RUQ4MEU1M0NFNn0wMDAwY2MyNGIwYWM4ZDk4ODVmMmFlNDMyOTBjMDM0ZTg5MTYwMDAwMDkwNA==</Binary>
</EventData>
</Event>

<Event xmlns="http://schemas.microsoft.com/win/2004/08/events/event"><System><Provider Name="MsiInstaller"></Provider>
<EventID Qualifiers="0">1042</EventID>
<Version>0</Version>
<Level>4</Level>
<Task>0</Task>
<Opcode>0</Opcode>
<Keywords>0x0080000000000000</Keywords>
<TimeCreated SystemTime="2023-10-10 16:10:49.998055"></TimeCreated>
<EventRecordID>1852</EventRecordID>
<Correlation ActivityID="" RelatedActivityID=""></Correlation>
<Execution ProcessID="8616" ThreadID="0"></Execution>
<Channel>Application</Channel>
<Computer>DESKTOP-JU2PNRI</Computer>
<Security UserID="S-1-5-18"></Security>
</System>
<EventData><Data>&lt;string&gt;C:\Users\Bob\AppData\Local\Temp\68213C~1\iTunes64.msi&lt;/string&gt;
&lt;string&gt;2948&lt;/string&gt;
&lt;string&gt;(NULL)&lt;/string&gt;
&lt;string&gt;(NULL)&lt;/string&gt;
&lt;string&gt;(NULL)&lt;/string&gt;
&lt;string&gt;(NULL)&lt;/string&gt;
&lt;string&gt;&lt;/string&gt;
</Data>
<Binary></Binary>
</EventData>
</Event>

<Event xmlns="http://schemas.microsoft.com/win/2004/08/events/event"><System><Provider Name="Microsoft-Windows-RestartManager" Guid="{0888e5ef-9b98-4695-979d-e92ce4247224}"></Provider>
<EventID Qualifiers="">10000</EventID>
<Version>0</Version>
<Level>4</Level>
<Task>0</Task>
<Opcode>0</Opcode>
<Keywords>0x8000000000000000</Keywords>
<TimeCreated SystemTime="2023-10-10 16:10:59.582144"></TimeCreated>
<EventRecordID>1853</EventRecordID>
<Correlation ActivityID="" RelatedActivityID=""></Correlation>
<Execution ProcessID="4812" ThreadID="6760"></Execution>
<Channel>Application</Channel>
<Computer>DESKTOP-JU2PNRI</Computer>
<Security UserID="S-1-5-21-965304421-3110171530-1119801072-1001"></Security>
</System>
<UserData><RmSessionEvent xmlns="http://www.microsoft.com/2005/08/Windows/Reliability/RestartManager/"><RmSessionId>1</RmSessionId>
<UTCStartTime>2023-10-10 16:10:59.567669</UTCStartTime>
</RmSessionEvent>
</UserData>
</Event>

<Event xmlns="http://schemas.microsoft.com/win/2004/08/events/event"><System><Provider Name="gupdate"></Provider>
<EventID Qualifiers="0">0</EventID>
<Version>0</Version>
<Level>4</Level>
<Task>0</Task>
<Opcode>0</Opcode>
<Keywords>0x0080000000000000</Keywords>
<TimeCreated SystemTime="2023-10-10 16:11:29.572325"></TimeCreated>
<EventRecordID>1854</EventRecordID>
<Correlation ActivityID="" RelatedActivityID=""></Correlation>
<Execution ProcessID="7952" ThreadID="0"></Execution>
<Channel>Application</Channel>
<Computer>DESKTOP-JU2PNRI</Computer>
<Security UserID=""></Security>
</System>
<EventData><Data>&lt;string&gt;Service stopped&lt;/string&gt;
</Data>
<Binary></Binary>
</EventData>
</Event>

<Event xmlns="http://schemas.microsoft.com/win/2004/08/events/event"><System><Provider Name="MsiInstaller"></Provider>
<EventID Qualifiers="0">1040</EventID>
<Version>0</Version>
<Level>4</Level>
<Task>0</Task>
<Opcode>0</Opcode>
<Keywords>0x0080000000000000</Keywords>
<TimeCreated SystemTime="2023-10-10 16:12:21.801157"></TimeCreated>
<EventRecordID>1855</EventRecordID>
<Correlation ActivityID="" RelatedActivityID=""></Correlation>
<Execution ProcessID="8616" ThreadID="0"></Execution>
<Channel>Application</Channel>
<Computer>DESKTOP-JU2PNRI</Computer>
<Security UserID="S-1-5-21-965304421-3110171530-1119801072-1001"></Security>
</System>
<EventData><Data>&lt;string&gt;C:\Users\Bob\AppData\Local\Temp\77E374~1\target.msi&lt;/string&gt;
&lt;string&gt;10216&lt;/string&gt;
&lt;string&gt;(NULL)&lt;/string&gt;
&lt;string&gt;(NULL)&lt;/string&gt;
&lt;string&gt;(NULL)&lt;/string&gt;
&lt;string&gt;(NULL)&lt;/string&gt;
&lt;string&gt;&lt;/string&gt;
</Data>
<Binary></Binary>
</EventData>
</Event>

<Event xmlns="http://schemas.microsoft.com/win/2004/08/events/event"><System><Provider Name="Microsoft-Windows-RestartManager" Guid="{0888e5ef-9b98-4695-979d-e92ce4247224}"></Provider>
<EventID Qualifiers="">10001</EventID>
<Version>0</Version>
<Level>4</Level>
<Task>0</Task>
<Opcode>0</Opcode>
<Keywords>0x8000000000000000</Keywords>
<TimeCreated SystemTime="2023-10-10 16:12:21.330811"></TimeCreated>
<EventRecordID>1856</EventRecordID>
<Correlation ActivityID="" RelatedActivityID=""></Correlation>
<Execution ProcessID="4812" ThreadID="6760"></Execution>
<Channel>Application</Channel>
<Computer>DESKTOP-JU2PNRI</Computer>
<Security UserID="S-1-5-21-965304421-3110171530-1119801072-1001"></Security>
</System>
<UserData><RmSessionEvent xmlns="http://www.microsoft.com/2005/08/Windows/Reliability/RestartManager/"><RmSessionId>1</RmSessionId>
<UTCStartTime>2023-10-10 16:10:59.567669</UTCStartTime>
</RmSessionEvent>
</UserData>
</Event>

<Event xmlns="http://schemas.microsoft.com/win/2004/08/events/event"><System><Provider Name="dbupdate"></Provider>
<EventID Qualifiers="0">0</EventID>
<Version>0</Version>
<Level>4</Level>
<Task>0</Task>
<Opcode>0</Opcode>
<Keywords>0x0080000000000000</Keywords>
<TimeCreated SystemTime="2023-10-10 16:12:23.315626"></TimeCreated>
<EventRecordID>1857</EventRecordID>
<Correlation ActivityID="" RelatedActivityID=""></Correlation>
<Execution ProcessID="5632" ThreadID="0"></Execution>
<Channel>Application</Channel>
<Computer>DESKTOP-JU2PNRI</Computer>
<Security UserID=""></Security>
</System>
<EventData><Data>&lt;string&gt;Service started&lt;/string&gt;
</Data>
<Binary></Binary>
</EventData>
</Event>

<Event xmlns="http://schemas.microsoft.com/win/2004/08/events/event"><System><Provider Name="dbupdate"></Provider>
<EventID Qualifiers="0">0</EventID>
<Version>0</Version>
<Level>4</Level>
<Task>0</Task>
<Opcode>0</Opcode>
<Keywords>0x0080000000000000</Keywords>
<TimeCreated SystemTime="2023-10-10 16:12:23.912962"></TimeCreated>
<EventRecordID>1858</EventRecordID>
<Correlation ActivityID="" RelatedActivityID=""></Correlation>
<Execution ProcessID="5632" ThreadID="0"></Execution>
<Channel>Application</Channel>
<Computer>DESKTOP-JU2PNRI</Computer>
<Security UserID=""></Security>
</System>
<EventData><Data>&lt;string&gt;Service stopped&lt;/string&gt;
</Data>
<Binary></Binary>
</EventData>
</Event>

<Event xmlns="http://schemas.microsoft.com/win/2004/08/events/event"><System><Provider Name="Microsoft-Windows-RestartManager" Guid="{0888e5ef-9b98-4695-979d-e92ce4247224}"></Provider>
<EventID Qualifiers="">10000</EventID>
<Version>0</Version>
<Level>4</Level>
<Task>0</Task>
<Opcode>0</Opcode>
<Keywords>0x8000000000000000</Keywords>
<TimeCreated SystemTime="2023-10-10 16:12:28.027781"></TimeCreated>
<EventRecordID>1859</EventRecordID>
<Correlation ActivityID="" RelatedActivityID=""></Correlation>
<Execution ProcessID="8616" ThreadID="3676"></Execution>
<Channel>Application</Channel>
<Computer>DESKTOP-JU2PNRI</Computer>
<Security UserID="S-1-5-21-965304421-3110171530-1119801072-1001"></Security>
</System>
<UserData><RmSessionEvent xmlns="http://www.microsoft.com/2005/08/Windows/Reliability/RestartManager/"><RmSessionId>0</RmSessionId>
<UTCStartTime>2023-10-10 16:12:28.018669</UTCStartTime>
</RmSessionEvent>
</UserData>
</Event>

<Event xmlns="http://schemas.microsoft.com/win/2004/08/events/event"><System><Provider Name="MsiInstaller"></Provider>
<EventID Qualifiers="0">11707</EventID>
<Version>0</Version>
<Level>4</Level>
<Task>0</Task>
<Opcode>0</Opcode>
<Keywords>0x0080000000000000</Keywords>
<TimeCreated SystemTime="2023-10-10 16:13:05.964748"></TimeCreated>
<EventRecordID>1860</EventRecordID>
<Correlation ActivityID="" RelatedActivityID=""></Correlation>
<Execution ProcessID="8616" ThreadID="0"></Execution>
<Channel>Application</Channel>
<Computer>DESKTOP-JU2PNRI</Computer>
<Security UserID="S-1-5-21-965304421-3110171530-1119801072-1001"></Security>
</System>
<EventData><Data>&lt;string&gt;Product: blender -- Installation completed successfully.&lt;/string&gt;
&lt;string&gt;(NULL)&lt;/string&gt;
&lt;string&gt;(NULL)&lt;/string&gt;
&lt;string&gt;(NULL)&lt;/string&gt;
&lt;string&gt;(NULL)&lt;/string&gt;
&lt;string&gt;(NULL)&lt;/string&gt;
&lt;string&gt;&lt;/string&gt;
</Data>
<Binary>e0E0NDlDQTgxLUMxRjItNDVGMi04ODg1LTBFNzhFQkExNEQ2Q30=</Binary>
</EventData>
</Event>

<Event xmlns="http://schemas.microsoft.com/win/2004/08/events/event"><System><Provider Name="MsiInstaller"></Provider>
<EventID Qualifiers="0">1033</EventID>
<Version>0</Version>
<Level>4</Level>
<Task>0</Task>
<Opcode>0</Opcode>
<Keywords>0x0080000000000000</Keywords>
<TimeCreated SystemTime="2023-10-10 16:13:05.965847"></TimeCreated>
<EventRecordID>1861</EventRecordID>
<Correlation ActivityID="" RelatedActivityID=""></Correlation>
<Execution ProcessID="8616" ThreadID="0"></Execution>
<Channel>Application</Channel>
<Computer>DESKTOP-JU2PNRI</Computer>
<Security UserID="S-1-5-21-965304421-3110171530-1119801072-1001"></Security>
</System>
<EventData><Data>&lt;string&gt;blender&lt;/string&gt;
&lt;string&gt;3.6.4&lt;/string&gt;
&lt;string&gt;1033&lt;/string&gt;
&lt;string&gt;0&lt;/string&gt;
&lt;string&gt;Blender Foundation&lt;/string&gt;
&lt;string&gt;(NULL)&lt;/string&gt;
&lt;string&gt;&lt;/string&gt;
</Data>
<Binary>e0E0NDlDQTgxLUMxRjItNDVGMi04ODg1LTBFNzhFQkExNEQ2Q30wMDAwNjE2YmRlMDY4Yzk0MjEyZGM5YTQ0NDNjMWQ0ZDRmOGQwMDAwMDkwNA==</Binary>
</EventData>
</Event>

<Event xmlns="http://schemas.microsoft.com/win/2004/08/events/event"><System><Provider Name="MsiInstaller"></Provider>
<EventID Qualifiers="0">1042</EventID>
<Version>0</Version>
<Level>4</Level>
<Task>0</Task>
<Opcode>0</Opcode>
<Keywords>0x0080000000000000</Keywords>
<TimeCreated SystemTime="2023-10-10 16:13:06.097261"></TimeCreated>
<EventRecordID>1862</EventRecordID>
<Correlation ActivityID="" RelatedActivityID=""></Correlation>
<Execution ProcessID="8616" ThreadID="0"></Execution>
<Channel>Application</Channel>
<Computer>DESKTOP-JU2PNRI</Computer>
<Security UserID="S-1-5-18"></Security>
</System>
<EventData><Data>&lt;string&gt;C:\Users\Bob\AppData\Local\Temp\77E374~1\target.msi&lt;/string&gt;
&lt;string&gt;10216&lt;/string&gt;
&lt;string&gt;(NULL)&lt;/string&gt;
&lt;string&gt;(NULL)&lt;/string&gt;
&lt;string&gt;(NULL)&lt;/string&gt;
&lt;string&gt;(NULL)&lt;/string&gt;
&lt;string&gt;&lt;/string&gt;
</Data>
<Binary></Binary>
</EventData>
</Event>

<Event xmlns="http://schemas.microsoft.com/win/2004/08/events/event"><System><Provider Name="MsiInstaller"></Provider>
<EventID Qualifiers="0">1040</EventID>
<Version>0</Version>
<Level>4</Level>
<Task>0</Task>
<Opcode>0</Opcode>
<Keywords>0x0080000000000000</Keywords>
<TimeCreated SystemTime="2023-10-10 16:13:06.505487"></TimeCreated>
<EventRecordID>1863</EventRecordID>
<Correlation ActivityID="" RelatedActivityID=""></Correlation>
<Execution ProcessID="8616" ThreadID="0"></Execution>
<Channel>Application</Channel>
<Computer>DESKTOP-JU2PNRI</Computer>
<Security UserID="S-1-5-21-965304421-3110171530-1119801072-1001"></Security>
</System>
<EventData><Data>&lt;string&gt;C:\Users\Bob\AppData\Local\Temp\880B27~1\target.msi&lt;/string&gt;
&lt;string&gt;11564&lt;/string&gt;
&lt;string&gt;(NULL)&lt;/string&gt;
&lt;string&gt;(NULL)&lt;/string&gt;
&lt;string&gt;(NULL)&lt;/string&gt;
&lt;string&gt;(NULL)&lt;/string&gt;
&lt;string&gt;&lt;/string&gt;
</Data>
<Binary></Binary>
</EventData>
</Event>

<Event xmlns="http://schemas.microsoft.com/win/2004/08/events/event"><System><Provider Name="Microsoft-Windows-RestartManager" Guid="{0888e5ef-9b98-4695-979d-e92ce4247224}"></Provider>
<EventID Qualifiers="">10001</EventID>
<Version>0</Version>
<Level>4</Level>
<Task>0</Task>
<Opcode>0</Opcode>
<Keywords>0x8000000000000000</Keywords>
<TimeCreated SystemTime="2023-10-10 16:13:06.054773"></TimeCreated>
<EventRecordID>1864</EventRecordID>
<Correlation ActivityID="" RelatedActivityID=""></Correlation>
<Execution ProcessID="8616" ThreadID="2536"></Execution>
<Channel>Application</Channel>
<Computer>DESKTOP-JU2PNRI</Computer>
<Security UserID="S-1-5-21-965304421-3110171530-1119801072-1001"></Security>
</System>
<UserData><RmSessionEvent xmlns="http://www.microsoft.com/2005/08/Windows/Reliability/RestartManager/"><RmSessionId>0</RmSessionId>
<UTCStartTime>2023-10-10 16:12:28.018669</UTCStartTime>
</RmSessionEvent>
</UserData>
</Event>

<Event xmlns="http://schemas.microsoft.com/win/2004/08/events/event"><System><Provider Name="Microsoft-Windows-RestartManager" Guid="{0888e5ef-9b98-4695-979d-e92ce4247224}"></Provider>
<EventID Qualifiers="">10000</EventID>
<Version>0</Version>
<Level>4</Level>
<Task>0</Task>
<Opcode>0</Opcode>
<Keywords>0x8000000000000000</Keywords>
<TimeCreated SystemTime="2023-10-10 16:13:15.437130"></TimeCreated>
<EventRecordID>1865</EventRecordID>
<Correlation ActivityID="" RelatedActivityID=""></Correlation>
<Execution ProcessID="8616" ThreadID="11108"></Execution>
<Channel>Application</Channel>
<Computer>DESKTOP-JU2PNRI</Computer>
<Security UserID="S-1-5-21-965304421-3110171530-1119801072-1001"></Security>
</System>
<UserData><RmSessionEvent xmlns="http://www.microsoft.com/2005/08/Windows/Reliability/RestartManager/"><RmSessionId>0</RmSessionId>
<UTCStartTime>2023-10-10 16:13:15.428259</UTCStartTime>
</RmSessionEvent>
</UserData>
</Event>

<Event xmlns="http://schemas.microsoft.com/win/2004/08/events/event"><System><Provider Name="Microsoft-Windows-CAPI2" Guid="{5bbca4a8-b209-48dc-a8c7-b23d3e5216fb}" EventSourceName="Microsoft-Windows-CAPI2"></Provider>
<EventID Qualifiers="0">4097</EventID>
<Version>0</Version>
<Level>4</Level>
<Task>0</Task>
<Opcode>0</Opcode>
<Keywords>0x8080000000000000</Keywords>
<TimeCreated SystemTime="2023-10-10 16:13:15.912643"></TimeCreated>
<EventRecordID>1866</EventRecordID>
<Correlation ActivityID="" RelatedActivityID=""></Correlation>
<Execution ProcessID="1132" ThreadID="8788"></Execution>
<Channel>Application</Channel>
<Computer>DESKTOP-JU2PNRI</Computer>
<Security UserID=""></Security>
</System>
<EventData><Data>&lt;string&gt;CN=Certum Trusted Network CA 2, OU=Certum Certification Authority, O=Unizeto Technologies S.A., C=PL&lt;/string&gt;
&lt;string&gt;D3DD483E2BBF4C05E8AF10F5FA7626CFD3DC3092&lt;/string&gt;
</Data>
<Binary></Binary>
</EventData>
</Event>

<Event xmlns="http://schemas.microsoft.com/win/2004/08/events/event"><System><Provider Name="MsiInstaller"></Provider>
<EventID Qualifiers="0">11707</EventID>
<Version>0</Version>
<Level>4</Level>
<Task>0</Task>
<Opcode>0</Opcode>
<Keywords>0x0080000000000000</Keywords>
<TimeCreated SystemTime="2023-10-10 16:14:20.509741"></TimeCreated>
<EventRecordID>1867</EventRecordID>
<Correlation ActivityID="" RelatedActivityID=""></Correlation>
<Execution ProcessID="8616" ThreadID="0"></Execution>
<Channel>Application</Channel>
<Computer>DESKTOP-JU2PNRI</Computer>
<Security UserID="S-1-5-21-965304421-3110171530-1119801072-1001"></Security>
</System>
<EventData><Data>&lt;string&gt;Product: LibreOffice 7.6.2.1 -- Installation operation completed successfully.&lt;/string&gt;
&lt;string&gt;(NULL)&lt;/string&gt;
&lt;string&gt;(NULL)&lt;/string&gt;
&lt;string&gt;(NULL)&lt;/string&gt;
&lt;string&gt;(NULL)&lt;/string&gt;
&lt;string&gt;(NULL)&lt;/string&gt;
&lt;string&gt;&lt;/string&gt;
</Data>
<Binary>ezY5Q0FDM0U2LUMyRDctNDIyMS05MzUxLTFGMjdDQ0JBOTJGMX0=</Binary>
</EventData>
</Event>

<Event xmlns="http://schemas.microsoft.com/win/2004/08/events/event"><System><Provider Name="MsiInstaller"></Provider>
<EventID Qualifiers="0">1033</EventID>
<Version>0</Version>
<Level>4</Level>
<Task>0</Task>
<Opcode>0</Opcode>
<Keywords>0x0080000000000000</Keywords>
<TimeCreated SystemTime="2023-10-10 16:14:20.511173"></TimeCreated>
<EventRecordID>1868</EventRecordID>
<Correlation ActivityID="" RelatedActivityID=""></Correlation>
<Execution ProcessID="8616" ThreadID="0"></Execution>
<Channel>Application</Channel>
<Computer>DESKTOP-JU2PNRI</Computer>
<Security UserID="S-1-5-21-965304421-3110171530-1119801072-1001"></Security>
</System>
<EventData><Data>&lt;string&gt;LibreOffice 7.6.2.1&lt;/string&gt;
&lt;string&gt;7.6.2.1&lt;/string&gt;
&lt;string&gt;1033&lt;/string&gt;
&lt;string&gt;0&lt;/string&gt;
&lt;string&gt;The Document Foundation&lt;/string&gt;
&lt;string&gt;(NULL)&lt;/string&gt;
&lt;string&gt;&lt;/string&gt;
</Data>
<Binary>ezY5Q0FDM0U2LUMyRDctNDIyMS05MzUxLTFGMjdDQ0JBOTJGMX0wMDAwMWRiZDI0MmMzZjYwOGIwYzY1ODc0Y2FmOGZiZGYzZTQwMDAwMDkwNA==</Binary>
</EventData>
</Event>

<Event xmlns="http://schemas.microsoft.com/win/2004/08/events/event"><System><Provider Name="MsiInstaller"></Provider>
<EventID Qualifiers="0">1042</EventID>
<Version>0</Version>
<Level>4</Level>
<Task>0</Task>
<Opcode>0</Opcode>
<Keywords>0x0080000000000000</Keywords>
<TimeCreated SystemTime="2023-10-10 16:14:20.619648"></TimeCreated>
<EventRecordID>1869</EventRecordID>
<Correlation ActivityID="" RelatedActivityID=""></Correlation>
<Execution ProcessID="8616" ThreadID="0"></Execution>
<Channel>Application</Channel>
<Computer>DESKTOP-JU2PNRI</Computer>
<Security UserID="S-1-5-18"></Security>
</System>
<EventData><Data>&lt;string&gt;C:\Users\Bob\AppData\Local\Temp\880B27~1\target.msi&lt;/string&gt;
&lt;string&gt;11564&lt;/string&gt;
&lt;string&gt;(NULL)&lt;/string&gt;
&lt;string&gt;(NULL)&lt;/string&gt;
&lt;string&gt;(NULL)&lt;/string&gt;
&lt;string&gt;(NULL)&lt;/string&gt;
&lt;string&gt;&lt;/string&gt;
</Data>
<Binary></Binary>
</EventData>
</Event>

