<Event xmlns="http://schemas.microsoft.com/win/2004/08/events/event"><System><Provider Name="Microsoft-Windows-Security-SPP" Guid="{E23B33B0-C8C9-472C-A5F9-F2BDFEA0F156}" EventSourceName="Software Protection Platform Service"></Provider>
<EventID Qualifiers="16384">1004</EventID>
<Version>0</Version>
<Level>4</Level>
<Task>0</Task>
<Opcode>0</Opcode>
<Keywords>0x0080000000000000</Keywords>
<TimeCreated SystemTime="2023-10-10 16:36:34.619699"></TimeCreated>
<EventRecordID>1927</EventRecordID>
<Correlation ActivityID="" RelatedActivityID=""></Correlation>
<Execution ProcessID="4564" ThreadID="0"></Execution>
<Channel>Application</Channel>
<Computer>DESKTOP-JU2PNRI</Computer>
<Security UserID=""></Security>
</System>
<EventData><Data>&lt;string&gt;DefaultPpd-csvlk-pack Component PPD License&lt;/string&gt;
&lt;string&gt;cf87d272-7158-05ce-7df4-689302c3bfd9&lt;/string&gt;
</Data>
<Binary></Binary>
</EventData>
</Event>

<Event xmlns="http://schemas.microsoft.com/win/2004/08/events/event"><System><Provider Name="Microsoft-Windows-Security-SPP" Guid="{E23B33B0-C8C9-472C-A5F9-F2BDFEA0F156}" EventSourceName="Software Protection Platform Service"></Provider>
<EventID Qualifiers="16384">1004</EventID>
<Version>0</Version>
<Level>4</Level>
<Task>0</Task>
<Opcode>0</Opcode>
<Keywords>0x0080000000000000</Keywords>
<TimeCreated SystemTime="2023-10-10 16:36:34.675636"></TimeCreated>
<EventRecordID>1928</EventRecordID>
<Correlation ActivityID="" RelatedActivityID=""></Correlation>
<Execution ProcessID="4564" ThreadID="0"></Execution>
<Channel>Application</Channel>
<Computer>DESKTOP-JU2PNRI</Computer>
<Security UserID=""></Security>
</System>
<EventData><Data>&lt;string&gt;DefaultPpd-Education Component PPD License&lt;/string&gt;
&lt;string&gt;cdc0da52-4f49-26b6-e867-2dd5cd6a9541&lt;/string&gt;
</Data>
<Binary></Binary>
</EventData>
</Event>

<Event xmlns="http://schemas.microsoft.com/win/2004/08/events/event"><System><Provider Name="Microsoft-Windows-Security-SPP" Guid="{E23B33B0-C8C9-472C-A5F9-F2BDFEA0F156}" EventSourceName="Software Protection Platform Service"></Provider>
<EventID Qualifiers="16384">1004</EventID>
<Version>0</Version>
<Level>4</Level>
<Task>0</Task>
<Opcode>0</Opcode>
<Keywords>0x0080000000000000</Keywords>
<TimeCreated SystemTime="2023-10-10 16:36:34.715565"></TimeCreated>
<EventRecordID>1929</EventRecordID>
<Correlation ActivityID="" RelatedActivityID=""></Correlation>
<Execution ProcessID="4564" ThreadID="0"></Execution>
<Channel>Application</Channel>
<Computer>DESKTOP-JU2PNRI</Computer>
<Security UserID=""></Security>
</System>
<EventData><Data>&lt;string&gt;Windows(R) Education Product PPD License&lt;/string&gt;
&lt;string&gt;7cd1d103-6453-34d7-d170-e73e2a46af06&lt;/string&gt;
</Data>
<Binary></Binary>
</EventData>
</Event>

<Event xmlns="http://schemas.microsoft.com/win/2004/08/events/event"><System><Provider Name="Microsoft-Windows-Security-SPP" Guid="{E23B33B0-C8C9-472C-A5F9-F2BDFEA0F156}" EventSourceName="Software Protection Platform Service"></Provider>
<EventID Qualifiers="16384">1004</EventID>
<Version>0</Version>
<Level>4</Level>
<Task>0</Task>
<Opcode>0</Opcode>
<Keywords>0x0080000000000000</Keywords>
<TimeCreated SystemTime="2023-10-10 16:36:34.763668"></TimeCreated>
<EventRecordID>1930</EventRecordID>
<Correlation ActivityID="" RelatedActivityID=""></Correlation>
<Execution ProcessID="4564" ThreadID="0"></Execution>
<Channel>Application</Channel>
<Computer>DESKTOP-JU2PNRI</Computer>
<Security UserID=""></Security>
</System>
<EventData><Data>&lt;string&gt;DefaultPpd-Enterprise Component PPD License&lt;/string&gt;
&lt;string&gt;12061e43-2fc6-f7bb-e8f4-814f9b38361f&lt;/string&gt;
</Data>
<Binary></Binary>
</EventData>
</Event>

<Event xmlns="http://schemas.microsoft.com/win/2004/08/events/event"><System><Provider Name="Microsoft-Windows-Security-SPP" Guid="{E23B33B0-C8C9-472C-A5F9-F2BDFEA0F156}" EventSourceName="Software Protection Platform Service"></Provider>
<EventID Qualifiers="16384">1004</EventID>
<Version>0</Version>
<Level>4</Level>
<Task>0</Task>
<Opcode>0</Opcode>
<Keywords>0x0080000000000000</Keywords>
<TimeCreated SystemTime="2023-10-10 16:36:34.803371"></TimeCreated>
<EventRecordID>1931</EventRecordID>
<Correlation ActivityID="" RelatedActivityID=""></Correlation>
<Execution ProcessID="4564" ThreadID="0"></Execution>
<Channel>Application</Channel>
<Computer>DESKTOP-JU2PNRI</Computer>
<Security UserID=""></Security>
</System>
<EventData><Data>&lt;string&gt;Windows(R) Enterprise Product PPD License&lt;/string&gt;
&lt;string&gt;16610a5d-f4d9-37fe-a935-5f2308fbfcd5&lt;/string&gt;
</Data>
<Binary></Binary>
</EventData>
</Event>

<Event xmlns="http://schemas.microsoft.com/win/2004/08/events/event"><System><Provider Name="Microsoft-Windows-Security-SPP" Guid="{E23B33B0-C8C9-472C-A5F9-F2BDFEA0F156}" EventSourceName="Software Protection Platform Service"></Provider>
<EventID Qualifiers="16384">1004</EventID>
<Version>0</Version>
<Level>4</Level>
<Task>0</Task>
<Opcode>0</Opcode>
<Keywords>0x0080000000000000</Keywords>
<TimeCreated SystemTime="2023-10-10 16:36:34.844637"></TimeCreated>
<EventRecordID>1932</EventRecordID>
<Correlation ActivityID="" RelatedActivityID=""></Correlation>
<Execution ProcessID="4564" ThreadID="0"></Execution>
<Channel>Application</Channel>
<Computer>DESKTOP-JU2PNRI</Computer>
<Security UserID=""></Security>
</System>
<EventData><Data>&lt;string&gt;DefaultPpd-IoTEnterprise Component PPD License&lt;/string&gt;
&lt;string&gt;f9366c35-43d5-c5ff-dbc6-549f4601ced2&lt;/string&gt;
</Data>
<Binary></Binary>
</EventData>
</Event>

<Event xmlns="http://schemas.microsoft.com/win/2004/08/events/event"><System><Provider Name="Microsoft-Windows-Security-SPP" Guid="{E23B33B0-C8C9-472C-A5F9-F2BDFEA0F156}" EventSourceName="Software Protection Platform Service"></Provider>
<EventID Qualifiers="16384">1004</EventID>
<Version>0</Version>
<Level>4</Level>
<Task>0</Task>
<Opcode>0</Opcode>
<Keywords>0x0080000000000000</Keywords>
<TimeCreated SystemTime="2023-10-10 16:36:34.884914"></TimeCreated>
<EventRecordID>1933</EventRecordID>
<Correlation ActivityID="" RelatedActivityID=""></Correlation>
<Execution ProcessID="4564" ThreadID="0"></Execution>
<Channel>Application</Channel>
<Computer>DESKTOP-JU2PNRI</Computer>
<Security UserID=""></Security>
</System>
<EventData><Data>&lt;string&gt;Windows(R) IoTEnterprise Product PPD License&lt;/string&gt;
&lt;string&gt;051f5c26-ebff-4231-1e7d-0c61f1fba334&lt;/string&gt;
</Data>
<Binary></Binary>
</EventData>
</Event>

<Event xmlns="http://schemas.microsoft.com/win/2004/08/events/event"><System><Provider Name="Microsoft-Windows-Security-SPP" Guid="{E23B33B0-C8C9-472C-A5F9-F2BDFEA0F156}" EventSourceName="Software Protection Platform Service"></Provider>
<EventID Qualifiers="16384">1004</EventID>
<Version>0</Version>
<Level>4</Level>
<Task>0</Task>
<Opcode>0</Opcode>
<Keywords>0x0080000000000000</Keywords>
<TimeCreated SystemTime="2023-10-10 16:36:34.926336"></TimeCreated>
<EventRecordID>1934</EventRecordID>
<Correlation ActivityID="" RelatedActivityID=""></Correlation>
<Execution ProcessID="4564" ThreadID="0"></Execution>
<Channel>Application</Channel>
<Computer>DESKTOP-JU2PNRI</Computer>
<Security UserID=""></Security>
</System>
<EventData><Data>&lt;string&gt;DefaultPpd-Professional Component PPD License&lt;/string&gt;
&lt;string&gt;45860a13-33c6-fe65-5493-dcbd75679908&lt;/string&gt;
</Data>
<Binary></Binary>
</EventData>
</Event>

<Event xmlns="http://schemas.microsoft.com/win/2004/08/events/event"><System><Provider Name="Microsoft-Windows-Security-SPP" Guid="{E23B33B0-C8C9-472C-A5F9-F2BDFEA0F156}" EventSourceName="Software Protection Platform Service"></Provider>
<EventID Qualifiers="16384">1004</EventID>
<Version>0</Version>
<Level>4</Level>
<Task>0</Task>
<Opcode>0</Opcode>
<Keywords>0x0080000000000000</Keywords>
<TimeCreated SystemTime="2023-10-10 16:36:34.961466"></TimeCreated>
<EventRecordID>1935</EventRecordID>
<Correlation ActivityID="" RelatedActivityID=""></Correlation>
<Execution ProcessID="4564" ThreadID="0"></Execution>
<Channel>Application</Channel>
<Computer>DESKTOP-JU2PNRI</Computer>
<Security UserID=""></Security>
</System>
<EventData><Data>&lt;string&gt;Windows(R) Professional Product PPD License&lt;/string&gt;
&lt;string&gt;1c213638-585f-d000-58d4-b060de01653f&lt;/string&gt;
</Data>
<Binary></Binary>
</EventData>
</Event>

<Event xmlns="http://schemas.microsoft.com/win/2004/08/events/event"><System><Provider Name="Microsoft-Windows-Security-SPP" Guid="{E23B33B0-C8C9-472C-A5F9-F2BDFEA0F156}" EventSourceName="Software Protection Platform Service"></Provider>
<EventID Qualifiers="16384">1004</EventID>
<Version>0</Version>
<Level>4</Level>
<Task>0</Task>
<Opcode>0</Opcode>
<Keywords>0x0080000000000000</Keywords>
<TimeCreated SystemTime="2023-10-10 16:36:35.133392"></TimeCreated>
<EventRecordID>1936</EventRecordID>
<Correlation ActivityID="" RelatedActivityID=""></Correlation>
<Execution ProcessID="4564" ThreadID="0"></Execution>
<Channel>Application</Channel>
<Computer>DESKTOP-JU2PNRI</Computer>
<Security UserID=""></Security>
</System>
<EventData><Data>&lt;string&gt;DefaultPpd-ProfessionalCountrySpecific Component PPD License&lt;/string&gt;
&lt;string&gt;26c3f742-4faa-2a07-f241-cad4690f2217&lt;/string&gt;
</Data>
<Binary></Binary>
</EventData>
</Event>

<Event xmlns="http://schemas.microsoft.com/win/2004/08/events/event"><System><Provider Name="Microsoft-Windows-Security-SPP" Guid="{E23B33B0-C8C9-472C-A5F9-F2BDFEA0F156}" EventSourceName="Software Protection Platform Service"></Provider>
<EventID Qualifiers="16384">1004</EventID>
<Version>0</Version>
<Level>4</Level>
<Task>0</Task>
<Opcode>0</Opcode>
<Keywords>0x0080000000000000</Keywords>
<TimeCreated SystemTime="2023-10-10 16:36:35.188408"></TimeCreated>
<EventRecordID>1937</EventRecordID>
<Correlation ActivityID="" RelatedActivityID=""></Correlation>
<Execution ProcessID="4564" ThreadID="0"></Execution>
<Channel>Application</Channel>
<Computer>DESKTOP-JU2PNRI</Computer>
<Security UserID=""></Security>
</System>
<EventData><Data>&lt;string&gt;Windows(R) ProfessionalCountrySpecific Product PPD License&lt;/string&gt;
&lt;string&gt;9526e751-f3e0-055b-aa53-c71fbe9ef1e1&lt;/string&gt;
</Data>
<Binary></Binary>
</EventData>
</Event>

<Event xmlns="http://schemas.microsoft.com/win/2004/08/events/event"><System><Provider Name="Microsoft-Windows-Security-SPP" Guid="{E23B33B0-C8C9-472C-A5F9-F2BDFEA0F156}" EventSourceName="Software Protection Platform Service"></Provider>
<EventID Qualifiers="16384">1004</EventID>
<Version>0</Version>
<Level>4</Level>
<Task>0</Task>
<Opcode>0</Opcode>
<Keywords>0x0080000000000000</Keywords>
<TimeCreated SystemTime="2023-10-10 16:36:35.275314"></TimeCreated>
<EventRecordID>1938</EventRecordID>
<Correlation ActivityID="" RelatedActivityID=""></Correlation>
<Execution ProcessID="4564" ThreadID="0"></Execution>
<Channel>Application</Channel>
<Computer>DESKTOP-JU2PNRI</Computer>
<Security UserID=""></Security>
</System>
<EventData><Data>&lt;string&gt;DefaultPpd-ProfessionalEducation Component PPD License&lt;/string&gt;
&lt;string&gt;0840d7ac-83e1-57a4-f819-5ecfa95807c5&lt;/string&gt;
</Data>
<Binary></Binary>
</EventData>
</Event>

<Event xmlns="http://schemas.microsoft.com/win/2004/08/events/event"><System><Provider Name="Microsoft-Windows-Security-SPP" Guid="{E23B33B0-C8C9-472C-A5F9-F2BDFEA0F156}" EventSourceName="Software Protection Platform Service"></Provider>
<EventID Qualifiers="16384">1004</EventID>
<Version>0</Version>
<Level>4</Level>
<Task>0</Task>
<Opcode>0</Opcode>
<Keywords>0x0080000000000000</Keywords>
<TimeCreated SystemTime="2023-10-10 16:36:35.327866"></TimeCreated>
<EventRecordID>1939</EventRecordID>
<Correlation ActivityID="" RelatedActivityID=""></Correlation>
<Execution ProcessID="4564" ThreadID="0"></Execution>
<Channel>Application</Channel>
<Computer>DESKTOP-JU2PNRI</Computer>
<Security UserID=""></Security>
</System>
<EventData><Data>&lt;string&gt;Windows(R) ProfessionalEducation Product PPD License&lt;/string&gt;
&lt;string&gt;36fa29f8-38eb-e467-c262-ec4aa2b7b6a4&lt;/string&gt;
</Data>
<Binary></Binary>
</EventData>
</Event>

<Event xmlns="http://schemas.microsoft.com/win/2004/08/events/event"><System><Provider Name="Microsoft-Windows-Security-SPP" Guid="{E23B33B0-C8C9-472C-A5F9-F2BDFEA0F156}" EventSourceName="Software Protection Platform Service"></Provider>
<EventID Qualifiers="16384">1004</EventID>
<Version>0</Version>
<Level>4</Level>
<Task>0</Task>
<Opcode>0</Opcode>
<Keywords>0x0080000000000000</Keywords>
<TimeCreated SystemTime="2023-10-10 16:36:35.387011"></TimeCreated>
<EventRecordID>1940</EventRecordID>
<Correlation ActivityID="" RelatedActivityID=""></Correlation>
<Execution ProcessID="4564" ThreadID="0"></Execution>
<Channel>Application</Channel>
<Computer>DESKTOP-JU2PNRI</Computer>
<Security UserID=""></Security>
</System>
<EventData><Data>&lt;string&gt;DefaultPpd-ProfessionalSingleLanguage Component PPD License&lt;/string&gt;
&lt;string&gt;658ee2ff-712d-2feb-d854-ee7cb0f68fa1&lt;/string&gt;
</Data>
<Binary></Binary>
</EventData>
</Event>

<Event xmlns="http://schemas.microsoft.com/win/2004/08/events/event"><System><Provider Name="Microsoft-Windows-Security-SPP" Guid="{E23B33B0-C8C9-472C-A5F9-F2BDFEA0F156}" EventSourceName="Software Protection Platform Service"></Provider>
<EventID Qualifiers="16384">1004</EventID>
<Version>0</Version>
<Level>4</Level>
<Task>0</Task>
<Opcode>0</Opcode>
<Keywords>0x0080000000000000</Keywords>
<TimeCreated SystemTime="2023-10-10 16:36:35.418686"></TimeCreated>
<EventRecordID>1941</EventRecordID>
<Correlation ActivityID="" RelatedActivityID=""></Correlation>
<Execution ProcessID="4564" ThreadID="0"></Execution>
<Channel>Application</Channel>
<Computer>DESKTOP-JU2PNRI</Computer>
<Security UserID=""></Security>
</System>
<EventData><Data>&lt;string&gt;Windows(R) ProfessionalSingleLanguage Product PPD License&lt;/string&gt;
&lt;string&gt;f7881a83-f4e7-7276-fd6e-ec06607dad29&lt;/string&gt;
</Data>
<Binary></Binary>
</EventData>
</Event>

<Event xmlns="http://schemas.microsoft.com/win/2004/08/events/event"><System><Provider Name="Microsoft-Windows-Security-SPP" Guid="{E23B33B0-C8C9-472C-A5F9-F2BDFEA0F156}" EventSourceName="Software Protection Platform Service"></Provider>
<EventID Qualifiers="16384">1004</EventID>
<Version>0</Version>
<Level>4</Level>
<Task>0</Task>
<Opcode>0</Opcode>
<Keywords>0x0080000000000000</Keywords>
<TimeCreated SystemTime="2023-10-10 16:36:35.476225"></TimeCreated>
<EventRecordID>1942</EventRecordID>
<Correlation ActivityID="" RelatedActivityID=""></Correlation>
<Execution ProcessID="4564" ThreadID="0"></Execution>
<Channel>Application</Channel>
<Computer>DESKTOP-JU2PNRI</Computer>
<Security UserID=""></Security>
</System>
<EventData><Data>&lt;string&gt;DefaultPpd-ProfessionalWorkstation Component PPD License&lt;/string&gt;
&lt;string&gt;f7a67c1b-1405-bd8d-4543-076138674dff&lt;/string&gt;
</Data>
<Binary></Binary>
</EventData>
</Event>

<Event xmlns="http://schemas.microsoft.com/win/2004/08/events/event"><System><Provider Name="Microsoft-Windows-Security-SPP" Guid="{E23B33B0-C8C9-472C-A5F9-F2BDFEA0F156}" EventSourceName="Software Protection Platform Service"></Provider>
<EventID Qualifiers="16384">1004</EventID>
<Version>0</Version>
<Level>4</Level>
<Task>0</Task>
<Opcode>0</Opcode>
<Keywords>0x0080000000000000</Keywords>
<TimeCreated SystemTime="2023-10-10 16:36:35.512934"></TimeCreated>
<EventRecordID>1943</EventRecordID>
<Correlation ActivityID="" RelatedActivityID=""></Correlation>
<Execution ProcessID="4564" ThreadID="0"></Execution>
<Channel>Application</Channel>
<Computer>DESKTOP-JU2PNRI</Computer>
<Security UserID=""></Security>
</System>
<EventData><Data>&lt;string&gt;Windows(R) ProfessionalWorkstation Product PPD License&lt;/string&gt;
&lt;string&gt;a72f560d-19a4-d1d9-5c36-83bb8242e802&lt;/string&gt;
</Data>
<Binary></Binary>
</EventData>
</Event>

<Event xmlns="http://schemas.microsoft.com/win/2004/08/events/event"><System><Provider Name="Microsoft-Windows-Security-SPP" Guid="{E23B33B0-C8C9-472C-A5F9-F2BDFEA0F156}" EventSourceName="Software Protection Platform Service"></Provider>
<EventID Qualifiers="16384">1004</EventID>
<Version>0</Version>
<Level>4</Level>
<Task>0</Task>
<Opcode>0</Opcode>
<Keywords>0x0080000000000000</Keywords>
<TimeCreated SystemTime="2023-10-10 16:36:35.560448"></TimeCreated>
<EventRecordID>1944</EventRecordID>
<Correlation ActivityID="" RelatedActivityID=""></Correlation>
<Execution ProcessID="4564" ThreadID="0"></Execution>
<Channel>Application</Channel>
<Computer>DESKTOP-JU2PNRI</Computer>
<Security UserID=""></Security>
</System>
<EventData><Data>&lt;string&gt;DefaultPpd-ServerRdsh Component PPD License&lt;/string&gt;
&lt;string&gt;67a31cb9-8ad3-c9d5-0c45-f624281a6c6a&lt;/string&gt;
</Data>
<Binary></Binary>
</EventData>
</Event>

<Event xmlns="http://schemas.microsoft.com/win/2004/08/events/event"><System><Provider Name="Microsoft-Windows-Security-SPP" Guid="{E23B33B0-C8C9-472C-A5F9-F2BDFEA0F156}" EventSourceName="Software Protection Platform Service"></Provider>
<EventID Qualifiers="16384">1004</EventID>
<Version>0</Version>
<Level>4</Level>
<Task>0</Task>
<Opcode>0</Opcode>
<Keywords>0x0080000000000000</Keywords>
<TimeCreated SystemTime="2023-10-10 16:36:35.609425"></TimeCreated>
<EventRecordID>1945</EventRecordID>
<Correlation ActivityID="" RelatedActivityID=""></Correlation>
<Execution ProcessID="4564" ThreadID="0"></Execution>
<Channel>Application</Channel>
<Computer>DESKTOP-JU2PNRI</Computer>
<Security UserID=""></Security>
</System>
<EventData><Data>&lt;string&gt;Windows(R) ServerRdsh Product PPD License&lt;/string&gt;
&lt;string&gt;7db3381a-b5d4-69e1-bf6e-0ff059134aa4&lt;/string&gt;
</Data>
<Binary></Binary>
</EventData>
</Event>

<Event xmlns="http://schemas.microsoft.com/win/2004/08/events/event"><System><Provider Name="Microsoft-Windows-Security-SPP" Guid="{E23B33B0-C8C9-472C-A5F9-F2BDFEA0F156}" EventSourceName="Software Protection Platform Service"></Provider>
<EventID Qualifiers="16384">1034</EventID>
<Version>0</Version>
<Level>4</Level>
<Task>0</Task>
<Opcode>0</Opcode>
<Keywords>0x0080000000000000</Keywords>
<TimeCreated SystemTime="2023-10-10 16:36:36.893766"></TimeCreated>
<EventRecordID>1946</EventRecordID>
<Correlation ActivityID="" RelatedActivityID=""></Correlation>
<Execution ProcessID="4564" ThreadID="0"></Execution>
<Channel>Application</Channel>
<Computer>DESKTOP-JU2PNRI</Computer>
<Security UserID=""></Security>
</System>
<EventData><Data>&lt;string&gt;AAD-BlockAADWorkplaceJoin-Default&lt;/string&gt;
&lt;string&gt;100&lt;/string&gt;
</Data>
<Binary></Binary>
</EventData>
</Event>

<Event xmlns="http://schemas.microsoft.com/win/2004/08/events/event"><System><Provider Name="Microsoft-Windows-Security-SPP" Guid="{E23B33B0-C8C9-472C-A5F9-F2BDFEA0F156}" EventSourceName="Software Protection Platform Service"></Provider>
<EventID Qualifiers="16384">1034</EventID>
<Version>0</Version>
<Level>4</Level>
<Task>0</Task>
<Opcode>0</Opcode>
<Keywords>0x0080000000000000</Keywords>
<TimeCreated SystemTime="2023-10-10 16:36:36.924936"></TimeCreated>
<EventRecordID>1947</EventRecordID>
<Correlation ActivityID="" RelatedActivityID=""></Correlation>
<Execution ProcessID="4564" ThreadID="0"></Execution>
<Channel>Application</Channel>
<Computer>DESKTOP-JU2PNRI</Computer>
<Security UserID=""></Security>
</System>
<EventData><Data>&lt;string&gt;AAD-BlockAADWorkplaceJoin-Default&lt;/string&gt;
&lt;string&gt;100&lt;/string&gt;
</Data>
<Binary></Binary>
</EventData>
</Event>

<Event xmlns="http://schemas.microsoft.com/win/2004/08/events/event"><System><Provider Name="Microsoft-Windows-Security-SPP" Guid="{E23B33B0-C8C9-472C-A5F9-F2BDFEA0F156}" EventSourceName="Software Protection Platform Service"></Provider>
<EventID Qualifiers="16384">1034</EventID>
<Version>0</Version>
<Level>4</Level>
<Task>0</Task>
<Opcode>0</Opcode>
<Keywords>0x0080000000000000</Keywords>
<TimeCreated SystemTime="2023-10-10 16:36:36.943979"></TimeCreated>
<EventRecordID>1948</EventRecordID>
<Correlation ActivityID="" RelatedActivityID=""></Correlation>
<Execution ProcessID="4564" ThreadID="0"></Execution>
<Channel>Application</Channel>
<Computer>DESKTOP-JU2PNRI</Computer>
<Security UserID=""></Security>
</System>
<EventData><Data>&lt;string&gt;AAD-BlockAADWorkplaceJoin-Default&lt;/string&gt;
&lt;string&gt;100&lt;/string&gt;
</Data>
<Binary></Binary>
</EventData>
</Event>

<Event xmlns="http://schemas.microsoft.com/win/2004/08/events/event"><System><Provider Name="Microsoft-Windows-Security-SPP" Guid="{E23B33B0-C8C9-472C-A5F9-F2BDFEA0F156}" EventSourceName="Software Protection Platform Service"></Provider>
<EventID Qualifiers="16384">1034</EventID>
<Version>0</Version>
<Level>4</Level>
<Task>0</Task>
<Opcode>0</Opcode>
<Keywords>0x0080000000000000</Keywords>
<TimeCreated SystemTime="2023-10-10 16:36:36.979952"></TimeCreated>
<EventRecordID>1949</EventRecordID>
<Correlation ActivityID="" RelatedActivityID=""></Correlation>
<Execution ProcessID="4564" ThreadID="0"></Execution>
<Channel>Application</Channel>
<Computer>DESKTOP-JU2PNRI</Computer>
<Security UserID=""></Security>
</System>
<EventData><Data>&lt;string&gt;AAD-BlockAADWorkplaceJoin-Default&lt;/string&gt;
&lt;string&gt;100&lt;/string&gt;
</Data>
<Binary></Binary>
</EventData>
</Event>

<Event xmlns="http://schemas.microsoft.com/win/2004/08/events/event"><System><Provider Name="Microsoft-Windows-Security-SPP" Guid="{E23B33B0-C8C9-472C-A5F9-F2BDFEA0F156}" EventSourceName="Software Protection Platform Service"></Provider>
<EventID Qualifiers="16384">1034</EventID>
<Version>0</Version>
<Level>4</Level>
<Task>0</Task>
<Opcode>0</Opcode>
<Keywords>0x0080000000000000</Keywords>
<TimeCreated SystemTime="2023-10-10 16:36:37.014576"></TimeCreated>
<EventRecordID>1950</EventRecordID>
<Correlation ActivityID="" RelatedActivityID=""></Correlation>
<Execution ProcessID="4564" ThreadID="0"></Execution>
<Channel>Application</Channel>
<Computer>DESKTOP-JU2PNRI</Computer>
<Security UserID=""></Security>
</System>
<EventData><Data>&lt;string&gt;AAD-BlockAADWorkplaceJoin-Default&lt;/string&gt;
&lt;string&gt;100&lt;/string&gt;
</Data>
<Binary></Binary>
</EventData>
</Event>

<Event xmlns="http://schemas.microsoft.com/win/2004/08/events/event"><System><Provider Name="Microsoft-Windows-Security-SPP" Guid="{E23B33B0-C8C9-472C-A5F9-F2BDFEA0F156}" EventSourceName="Software Protection Platform Service"></Provider>
<EventID Qualifiers="16384">1034</EventID>
<Version>0</Version>
<Level>4</Level>
<Task>0</Task>
<Opcode>0</Opcode>
<Keywords>0x0080000000000000</Keywords>
<TimeCreated SystemTime="2023-10-10 16:36:37.052385"></TimeCreated>
<EventRecordID>1951</EventRecordID>
<Correlation ActivityID="" RelatedActivityID=""></Correlation>
<Execution ProcessID="4564" ThreadID="0"></Execution>
<Channel>Application</Channel>
<Computer>DESKTOP-JU2PNRI</Computer>
<Security UserID=""></Security>
</System>
<EventData><Data>&lt;string&gt;AAD-BlockAADWorkplaceJoin-Default&lt;/string&gt;
&lt;string&gt;100&lt;/string&gt;
</Data>
<Binary></Binary>
</EventData>
</Event>

<Event xmlns="http://schemas.microsoft.com/win/2004/08/events/event"><System><Provider Name="Microsoft-Windows-Security-SPP" Guid="{E23B33B0-C8C9-472C-A5F9-F2BDFEA0F156}" EventSourceName="Software Protection Platform Service"></Provider>
<EventID Qualifiers="16384">1034</EventID>
<Version>0</Version>
<Level>4</Level>
<Task>0</Task>
<Opcode>0</Opcode>
<Keywords>0x0080000000000000</Keywords>
<TimeCreated SystemTime="2023-10-10 16:36:37.079247"></TimeCreated>
<EventRecordID>1952</EventRecordID>
<Correlation ActivityID="" RelatedActivityID=""></Correlation>
<Execution ProcessID="4564" ThreadID="0"></Execution>
<Channel>Application</Channel>
<Computer>DESKTOP-JU2PNRI</Computer>
<Security UserID=""></Security>
</System>
<EventData><Data>&lt;string&gt;AAD-BlockAADWorkplaceJoin-Default&lt;/string&gt;
&lt;string&gt;100&lt;/string&gt;
</Data>
<Binary></Binary>
</EventData>
</Event>

<Event xmlns="http://schemas.microsoft.com/win/2004/08/events/event"><System><Provider Name="Microsoft-Windows-Security-SPP" Guid="{E23B33B0-C8C9-472C-A5F9-F2BDFEA0F156}" EventSourceName="Software Protection Platform Service"></Provider>
<EventID Qualifiers="16384">1034</EventID>
<Version>0</Version>
<Level>4</Level>
<Task>0</Task>
<Opcode>0</Opcode>
<Keywords>0x0080000000000000</Keywords>
<TimeCreated SystemTime="2023-10-10 16:36:37.106354"></TimeCreated>
<EventRecordID>1953</EventRecordID>
<Correlation ActivityID="" RelatedActivityID=""></Correlation>
<Execution ProcessID="4564" ThreadID="0"></Execution>
<Channel>Application</Channel>
<Computer>DESKTOP-JU2PNRI</Computer>
<Security UserID=""></Security>
</System>
<EventData><Data>&lt;string&gt;AAD-BlockAADWorkplaceJoin-Default&lt;/string&gt;
&lt;string&gt;100&lt;/string&gt;
</Data>
<Binary></Binary>
</EventData>
</Event>

<Event xmlns="http://schemas.microsoft.com/win/2004/08/events/event"><System><Provider Name="Microsoft-Windows-Security-SPP" Guid="{E23B33B0-C8C9-472C-A5F9-F2BDFEA0F156}" EventSourceName="Software Protection Platform Service"></Provider>
<EventID Qualifiers="16384">1034</EventID>
<Version>0</Version>
<Level>4</Level>
<Task>0</Task>
<Opcode>0</Opcode>
<Keywords>0x0080000000000000</Keywords>
<TimeCreated SystemTime="2023-10-10 16:36:37.127460"></TimeCreated>
<EventRecordID>1954</EventRecordID>
<Correlation ActivityID="" RelatedActivityID=""></Correlation>
<Execution ProcessID="4564" ThreadID="0"></Execution>
<Channel>Application</Channel>
<Computer>DESKTOP-JU2PNRI</Computer>
<Security UserID=""></Security>
</System>
<EventData><Data>&lt;string&gt;AAD-BlockAADWorkplaceJoin-Default&lt;/string&gt;
&lt;string&gt;100&lt;/string&gt;
</Data>
<Binary></Binary>
</EventData>
</Event>

<Event xmlns="http://schemas.microsoft.com/win/2004/08/events/event"><System><Provider Name="Microsoft-Windows-Security-SPP" Guid="{E23B33B0-C8C9-472C-A5F9-F2BDFEA0F156}" EventSourceName="Software Protection Platform Service"></Provider>
<EventID Qualifiers="16384">1034</EventID>
<Version>0</Version>
<Level>4</Level>
<Task>0</Task>
<Opcode>0</Opcode>
<Keywords>0x0080000000000000</Keywords>
<TimeCreated SystemTime="2023-10-10 16:36:37.149029"></TimeCreated>
<EventRecordID>1955</EventRecordID>
<Correlation ActivityID="" RelatedActivityID=""></Correlation>
<Execution ProcessID="4564" ThreadID="0"></Execution>
<Channel>Application</Channel>
<Computer>DESKTOP-JU2PNRI</Computer>
<Security UserID=""></Security>
</System>
<EventData><Data>&lt;string&gt;AAD-BlockAADWorkplaceJoin-Default&lt;/string&gt;
&lt;string&gt;100&lt;/string&gt;
</Data>
<Binary></Binary>
</EventData>
</Event>

<Event xmlns="http://schemas.microsoft.com/win/2004/08/events/event"><System><Provider Name="Microsoft-Windows-Security-SPP" Guid="{E23B33B0-C8C9-472C-A5F9-F2BDFEA0F156}" EventSourceName="Software Protection Platform Service"></Provider>
<EventID Qualifiers="16384">1034</EventID>
<Version>0</Version>
<Level>4</Level>
<Task>0</Task>
<Opcode>0</Opcode>
<Keywords>0x0080000000000000</Keywords>
<TimeCreated SystemTime="2023-10-10 16:36:37.160889"></TimeCreated>
<EventRecordID>1956</EventRecordID>
<Correlation ActivityID="" RelatedActivityID=""></Correlation>
<Execution ProcessID="4564" ThreadID="0"></Execution>
<Channel>Application</Channel>
<Computer>DESKTOP-JU2PNRI</Computer>
<Security UserID=""></Security>
</System>
<EventData><Data>&lt;string&gt;Security-SPP-WriteWauMarker&lt;/string&gt;
&lt;string&gt;500&lt;/string&gt;
</Data>
<Binary></Binary>
</EventData>
</Event>

<Event xmlns="http://schemas.microsoft.com/win/2004/08/events/event"><System><Provider Name="Microsoft-Windows-Security-SPP" Guid="{E23B33B0-C8C9-472C-A5F9-F2BDFEA0F156}" EventSourceName="Software Protection Platform Service"></Provider>
<EventID Qualifiers="16384">1003</EventID>
<Version>0</Version>
<Level>4</Level>
<Task>0</Task>
<Opcode>0</Opcode>
<Keywords>0x0080000000000000</Keywords>
<TimeCreated SystemTime="2023-10-10 16:36:37.294571"></TimeCreated>
<EventRecordID>1957</EventRecordID>
<Correlation ActivityID="" RelatedActivityID=""></Correlation>
<Execution ProcessID="4564" ThreadID="0"></Execution>
<Channel>Application</Channel>
<Computer>DESKTOP-JU2PNRI</Computer>
<Security UserID=""></Security>
</System>
<EventData><Data>&lt;string&gt;55c92734-d682-4d71-983e-d6ec3f16059f&lt;/string&gt;
&lt;string&gt;
1: 040fa323-92b1-4baf-97a2-5b67feaefddb, 1, 0 [(0 [0xC004F014, 0, 0], [(?)(?)(?)(?)(?)(?)(?)(?)])(1 )(2 )(3 )]
2: 0724cb7d-3437-4cb7-93cb-830375d0079d, 1, 0 [(0 [0xC004F014, 0, 0], [(?)(?)(?)(?)(?)(?)(?)(?)])(1 )(2 )(3 )]
3: 0ad2ac98-7bb9-4201-8d92-312299201369, 1, 0 [(0 [0xC004F014, 0, 0], [(?)(?)(?)(?)(?)(?)(?)(?)])(1 )(2 )(3 )]
4: 1a9a717a-cf13-4ba5-83c3-0fe25fa868d5, 1, 0 [(0 [0xC004F014, 0, 0], [(?)(?)(?)(?)(?)(?)(?)(?)])(1 )(2 )(3 )]
5: 221a02da-e2a1-4b75-864c-0a4410a33fdf, 1, 0 [(0 [0xC004F014, 0, 0], [(?)(?)(?)(?)(?)(?)(?)(?)])(1 )(2 )(3 )]
6: 291ece0e-9c38-40ca-a9e1-32cc7ec19507, 1, 0 [(0 [0xC004F014, 0, 0], [(?)(?)(?)(?)(?)(?)(?)(?)])(1 )(2 )(3 )]
7: 2936d1d2-913a-4542-b54e-ce5a602a2a38, 1, 0 [(0 [0xC004F014, 0, 0], [(?)(?)(?)(?)(?)(?)(?)(?)])(1 )(2 )(3 )]
8: 2c293c26-a45a-4a2a-a350-c69a67097529, 1, 0 [(0 [0xC004F014, 0, 0], [(?)(?)(?)(?)(?)(?)(?)(?)])(1 )(2 )(3 )]
9: 2de67392-b7a7-462a-b1ca-108dd189f588, 1, 0 [(0 [0xC004F014, 0, 0], [(?)(?)(?)(?)(?)(?)(?)(?)])(1 )(2 )(3 )]
10: 2ffd8952-423e-4903-b993-72a1aa44cf82, 1, 0 [(0 [0xC004F014, 0, 0], [(?)(?)(?)(?)(?)(?)(?)(?)])(1 )(2 )(3 )]
11: 30a42c86-b7a0-4a34-8c90-ff177cb2acb7, 1, 0 [(0 [0xC004F014, 0, 0], [(?)(?)(?)(?)(?)(?)(?)(?)])(1 )(2 )(3 )]
12: 345a5db0-d94f-4e3b-a0c0-7c42f7bc3ebf, 1, 0 [(0 [0xC004F014, 0, 0], [(?)(?)(?)(?)(?)(?)(?)(?)])(1 )(2 )(3 )]
13: 3502365a-f88a-4ba4-822a-5769d3073b65, 1, 0 [(0 [0xC004F014, 0, 0], [(?)(?)(?)(?)(?)(?)(?)(?)])(1 )(2 )(3 )]
14: 377333b1-8b5d-48d6-9679-1225c872d37c, 1, 0 [(0 [0xC004F014, 0, 0], [(?)(?)(?)(?)(?)(?)(?)(?)])(1 )(2 )(3 )]
15: 3df374ef-d444-4494-a5a1-4b0d9fd0e203, 1, 0 [(0 [0xC004F014, 0, 0], [(?)(?)(?)(?)(?)(?)(?)(?)])(1 )(2 )(3 )]
16: 3f1afc82-f8ac-4f6c-8005-1d233e606eee, 1, 0 [(0 [0xC004F014, 0, 0], [(?)(?)(?)(?)(?)(?)(?)(?)])(1 )(2 )(3 )]
17: 49cd895b-53b2-4dc4-a5f7-b18aa019ad37, 1, 0 [(0 [0xC004F014, 0, 0], [(?)(?)(?)(?)(?)(?)(?)(?)])(1 )(2 )(3 )]
18: 4de7cb65-cdf1-4de9-8ae8-e3cce27b9f2c, 1, 0 [(0 )(1 )(2 [0xC004E003, 0, 0], [( 1 0xC004F034)( 1 0xC004F034)(?)(?)(?)(?)(?)(?)])(3 [0x00000000, 0, 0], [( 6 0xC004F009 0 0)( 1 0x00000000)( 6 0xC004F009 0 0)(?)(?)(?)( 10 0x00000000 msft:rm/algorithm/flags/1.0)( 11 0x00000000 0xC004F034)])]
19: 4f3da0d2-271d-4508-ae81-626b60809a38, 1, 0 [(0 [0xC004F014, 0, 0], [(?)(?)(?)(?)(?)(?)(?)(?)])(1 )(2 )(3 )]
20: 5d78c4e9-aeb3-4b40-8ac2-6a6005e0ad6d, 1, 0 [(0 [0xC004F014, 0, 0], [(?)(?)(?)(?)(?)(?)(?)(?)])(1 )(2 )(3 )]
21: 60b3ec1b-9545-4921-821f-311b129dd6f6, 1, 0 [(0 [0xC004F014, 0, 0], [(?)(?)(?)(?)(?)(?)(?)(?)])(1 )(2 )(3 )]
22: 613d217f-7f13-4268-9907-1662339531cd, 1, 0 [(0 [0xC004F014, 0, 0], [(?)(?)(?)(?)(?)(?)(?)(?)])(1 )(2 )(3 )]
23: 62f0c100-9c53-4e02-b886-a3528ddfe7f6, 1, 0 [(0 [0xC004F014, 0, 0], [(?)(?)(?)(?)(?)(?)(?)(?)])(1 )(2 )(3 )]
24: 6365275e-368d-46ca-a0ef-fc0404119333, 1, 0 [(0 [0xC004F014, 0, 0], [(?)(?)(?)(?)(?)(?)(?)(?)])(1 )(2 )(3 )]
25: 721f9237-9341-4453-a661-09e8baa6cca5, 1, 0 [(0 [0xC004F014, 0, 0], [(?)(?)(?)(?)(?)(?)(?)(?)])(1 )(2 )(3 )]
26: 73111121-5638-40f6-bc11-f1d7b0d64300, 1, 0 [(0 [0xC004F014, 0, 0], [(?)(?)(?)(?)(?)(?)(?)(?)])(1 )(2 )(3 )]
27: 7a802526-4c94-4bd1-ba14-835a1aca2120, 1, 0 [(0 [0xC004F014, 0, 0], [(?)(?)(?)(?)(?)(?)(?)(?)])(1 )(2 )(3 )]
28: 7cb546c0-c7d5-44d8-9a5c-69ecdd782b69, 1, 0 [(0 [0xC004F014, 0, 0], [(?)(?)(?)(?)(?)(?)(?)(?)])(1 )(2 )(3 )]
29: 82bbc092-bc50-4e16-8e18-b74fc486aec3, 1, 0 [(0 [0xC004F014, 0, 0], [(?)(?)(?)(?)(?)(?)(?)(?)])(1 )(2 )(3 )]
30: 8ab9bdd1-1f67-4997-82d9-8878520837d9, 1, 0 [(0 [0xC004F014, 0, 0], [(?)(?)(?)(?)(?)(?)(?)(?)])(1 )(2 )(3 )]
31: 8b351c9c-f398-4515-9900-09df49427262, 1, 0 [(0 [0xC004F014, 0, 0], [(?)(?)(?)(?)(?)(?)(?)(?)])(1 )(2 )(3 )]
32: 90da7373-1c51-430b-bf26-c97e9c5cdc31, 1, 0 [(0 [0xC004F014, 0, 0], [(?)(?)(?)(?)(?)(?)(?)(?)])(1 )(2 )(3 )]
33: 92fb8726-92a8-4ffc-94ce-f82e07444653, 1, 0 [(0 [0xC004F014, 0, 0], [(?)(?)(?)(?)(?)(?)(?)(?)])(1 )(2 )(3 )]
34: 95dca82f-385d-4d39-b85b-5c73fa285d6f, 1, 0 [(0 [0xC004F014, 0, 0], [(?)(?)(?)(?)(?)(?)(?)(?)])(1 )(2 )(3 )]
35: a48938aa-62fa-4966-9d44-9f04da3f72f2, 1, 0 [(0 [0xC004F014, 0, 0], [(?)(?)(?)(?)(?)(?)(?)(?)])(1 )(2 )(3 )]
36: b0773a15-df3a-4312-9ad2-83d69648e356, 1, 0 [(0 [0xC004F014, 0, 0], [(?)(?)(?)(?)(?)(?)(?)(?)])(1 )(2 )(3 )]
37: b4bfe195-541e-4e64-ad23-6177f19e395e, 1, 0 [(0 [0xC004F014, 0, 0], [(?)(?)(?)(?)(?)(?)(?)(?)])(1 )(2 )(3 )]
38: b68e61d2-68ca-4757-be45-0cc2f3e68eee, 1, 0 [(0 [0xC004F014, 0, 0], [(?)(?)(?)(?)(?)(?)(?)(?)])(1 )(2 )(3 )]
39: bd3762d7-270d-4760-8fb3-d829ca45278a, 1, 0 [(0 [0xC004F014, 0, 0], [(?)(?)(?)(?)(?)(?)(?)(?)])(1 )(2 )(3 )]
40: c86d5194-4840-4dae-9c1c-0301003a5ab0, 1, 0 [(0 [0xC004F014, 0, 0], [(?)(?)(?)(?)(?)(?)(?)(?)])(1 )(2 )(3 )]
41: ca7df2e3-5ea0-47b8-9ac1-b1be4d8edd69, 1, 0 [(0 [0xC004F014, 0, 0], [(?)(?)(?)(?)(?)(?)(?)(?)])(1 )(2 )(3 )]
42: d552befb-48cc-4327-8f39-47d2d94f987c, 1, 0 [(0 [0xC004F014, 0, 0], [(?)(?)(?)(?)(?)(?)(?)(?)])(1 )(2 )(3 )]
43: d6eadb3b-5ca8-4a6b-986e-35b550756111, 1, 0 [(0 [0xC004F014, 0, 0], [(?)(?)(?)(?)(?)(?)(?)(?)])(1 )(2 )(3 )]
44: df96023b-dcd9-4be2-afa0-c6c871159ebe, 1, 0 [(0 [0xC004F014, 0, 0], [(?)(?)(?)(?)(?)(?)(?)(?)])(1 )(2 )(3 )]
45: e0c42288-980c-4788-a014-c080d2e1926e, 1, 0 [(0 [0xC004F014, 0, 0], [(?)(?)(?)(?)(?)(?)(?)(?)])(1 )(2 )(3 )]
46: e4db50ea-bda1-4566-b047-0ca50abc6f07, 1, 0 [(0 [0xC004F014, 0, 0], [(?)(?)(?)(?)(?)(?)(?)(?)])(1 )(2 )(3 )]
47: e558417a-5123-4f6f-91e7-385c1c7ca9d4, 1, 0 [(0 [0xC004F014, 0, 0], [(?)(?)(?)(?)(?)(?)(?)(?)])(1 )(2 )(3 )]
48: e7a950a2-e548-4f10-bf16-02ec848e0643, 1, 0 [(0 [0xC004F014, 0, 0], [(?)(?)(?)(?)(?)(?)(?)(?)])(1 )(2 )(3 )]
49: eb6d346f-1c60-4643-b960-40ec31596c45, 1, 0 [(0 [0xC004F014, 0, 0], [(?)(?)(?)(?)(?)(?)(?)(?)])(1 )(2 )(3 )]
50: ec868e65-fadf-4759-b23e-93fe37f2cc29, 1, 0 [(0 [0xC004F014, 0, 0], [(?)(?)(?)(?)(?)(?)(?)(?)])(1 )(2 )(3 )]
51: ef51e000-2659-4f25-8345-3de70a9cf4c4, 1, 0 [(0 [0xC004F014, 0, 0], [(?)(?)(?)(?)(?)(?)(?)(?)])(1 )(2 )(3 )]
52: f7af7d09-40e4-419c-a49b-eae366689ebd, 1, 0 [(0 [0xC004F014, 0, 0], [(?)(?)(?)(?)(?)(?)(?)(?)])(1 )(2 )(3 )]
53: fa755fe6-6739-40b9-8d84-6d0ea3b6d1ab, 1, 0 [(0 [0xC004F014, 0, 0], [(?)(?)(?)(?)(?)(?)(?)(?)])(1 )(2 )(3 )]
54: fe74f55b-0338-41d6-b267-4a201abe7285, 1, 0 [(0 [0xC004F014, 0, 0], [(?)(?)(?)(?)(?)(?)(?)(?)])(1 )(2 )(3 )]

&lt;/string&gt;
</Data>
<Binary></Binary>
</EventData>
</Event>

<Event xmlns="http://schemas.microsoft.com/win/2004/08/events/event"><System><Provider Name="Microsoft-Windows-Security-SPP" Guid="{E23B33B0-C8C9-472C-A5F9-F2BDFEA0F156}" EventSourceName="Software Protection Platform Service"></Provider>
<EventID Qualifiers="16384">902</EventID>
<Version>0</Version>
<Level>0</Level>
<Task>0</Task>
<Opcode>0</Opcode>
<Keywords>0x0080000000000000</Keywords>
<TimeCreated SystemTime="2023-10-10 16:36:37.492813"></TimeCreated>
<EventRecordID>1958</EventRecordID>
<Correlation ActivityID="" RelatedActivityID=""></Correlation>
<Execution ProcessID="4564" ThreadID="0"></Execution>
<Channel>Application</Channel>
<Computer>DESKTOP-JU2PNRI</Computer>
<Security UserID=""></Security>
</System>
<EventData><Data>&lt;string&gt;10.0.22621.2361&lt;/string&gt;
</Data>
<Binary></Binary>
</EventData>
</Event>

<Event xmlns="http://schemas.microsoft.com/win/2004/08/events/event"><System><Provider Name="DbxSvc"></Provider>
<EventID Qualifiers="16386">320</EventID>
<Version>0</Version>
<Level>4</Level>
<Task>3</Task>
<Opcode>0</Opcode>
<Keywords>0x0080000000000000</Keywords>
<TimeCreated SystemTime="2023-10-10 16:36:45.430994"></TimeCreated>
<EventRecordID>1959</EventRecordID>
<Correlation ActivityID="" RelatedActivityID=""></Correlation>
<Execution ProcessID="3040" ThreadID="0"></Execution>
<Channel>Application</Channel>
<Computer>DESKTOP-JU2PNRI</Computer>
<Security UserID=""></Security>
</System>
<EventData><Data>&lt;string&gt;(-2147024894) The system cannot find the file specified. &lt;/string&gt;
</Data>
<Binary></Binary>
</EventData>
</Event>

<Event xmlns="http://schemas.microsoft.com/win/2004/08/events/event"><System><Provider Name="Microsoft-Windows-CertificateServicesClient-CertEnroll" Guid="{54164045-7C50-4905-963F-E5BC1EEF0CCA}" EventSourceName="CertEnroll"></Provider>
<EventID Qualifiers="49754">86</EventID>
<Version>0</Version>
<Level>2</Level>
<Task>0</Task>
<Opcode>0</Opcode>
<Keywords>0x0080000000000000</Keywords>
<TimeCreated SystemTime="2023-10-10 16:36:58.653875"></TimeCreated>
<EventRecordID>1960</EventRecordID>
<Correlation ActivityID="" RelatedActivityID=""></Correlation>
<Execution ProcessID="2496" ThreadID="0"></Execution>
<Channel>Application</Channel>
<Computer>DESKTOP-JU2PNRI</Computer>
<Security UserID="S-1-5-18"></Security>
</System>
<EventData><Data Name="Context">Local system</Data>
<Data Name="Url">https://VMW-KeyId-95c620c9c4dcb2c43b4e1e5d851a0c9003035703.microsoftaik.azure.net/templates/Aik/scep</Data>
<Data Name="MessageText">GetCACaps
GetCACaps: Not Found
{"Message":"The authority \"vmw-keyid-95c620c9c4dcb2c43b4e1e5d851a0c9003035703.microsoftaik.azure.net\" does not exist."}
HTTP/1.1 404 Not Found
Date: Tue, 10 Oct 2023 16:36:57 GMT
Content-Length: 121
Content-Type: application/json; charset=utf-8
X-Content-Type-Options: nosniff
Strict-Transport-Security: max-age=31536000;includeSubDomains
x-ms-request-id: 1bdb588e-74dc-41e1-bd8c-5e7f5fdd6f74
</Data>
<Data Name="Method">GET(313ms)</Data>
<Data Name="Stage">GetCACaps</Data>
<Data Name="ErrorCode">Not found (404). 0x80190194 (-2145844844 HTTP_E_STATUS_NOT_FOUND)</Data>
</EventData>
</Event>

<Event xmlns="http://schemas.microsoft.com/win/2004/08/events/event"><System><Provider Name="Microsoft-Windows-CertificateServicesClient-CertEnroll" Guid="{54164045-7C50-4905-963F-E5BC1EEF0CCA}" EventSourceName="CertEnroll"></Provider>
<EventID Qualifiers="49754">86</EventID>
<Version>0</Version>
<Level>2</Level>
<Task>0</Task>
<Opcode>0</Opcode>
<Keywords>0x0080000000000000</Keywords>
<TimeCreated SystemTime="2023-10-10 16:36:59.382057"></TimeCreated>
<EventRecordID>1961</EventRecordID>
<Correlation ActivityID="" RelatedActivityID=""></Correlation>
<Execution ProcessID="2496" ThreadID="0"></Execution>
<Channel>Application</Channel>
<Computer>DESKTOP-JU2PNRI</Computer>
<Security UserID="S-1-5-18"></Security>
</System>
<EventData><Data Name="Context">WORKGROUP\DESKTOP-JU2PNRI$</Data>
<Data Name="Url">https://VMW-KeyId-95c620c9c4dcb2c43b4e1e5d851a0c9003035703.microsoftaik.azure.net/templates/Aik/scep</Data>
<Data Name="MessageText">GetCACaps
GetCACaps: Not Found
{"Message":"The authority \"vmw-keyid-95c620c9c4dcb2c43b4e1e5d851a0c9003035703.microsoftaik.azure.net\" does not exist."}
HTTP/1.1 404 Not Found
Date: Tue, 10 Oct 2023 16:36:58 GMT
Content-Length: 121
Content-Type: application/json; charset=utf-8
X-Content-Type-Options: nosniff
Strict-Transport-Security: max-age=31536000;includeSubDomains
x-ms-request-id: 95b7edee-1618-4473-ae56-33b18877da49
</Data>
<Data Name="Method">GET(250ms)</Data>
<Data Name="Stage">GetCACaps</Data>
<Data Name="ErrorCode">Not found (404). 0x80190194 (-2145844844 HTTP_E_STATUS_NOT_FOUND)</Data>
</EventData>
</Event>

<Event xmlns="http://schemas.microsoft.com/win/2004/08/events/event"><System><Provider Name="Microsoft-Windows-Security-SPP" Guid="{E23B33B0-C8C9-472C-A5F9-F2BDFEA0F156}" EventSourceName="Software Protection Platform Service"></Provider>
<EventID Qualifiers="16384">16384</EventID>
<Version>0</Version>
<Level>4</Level>
<Task>0</Task>
<Opcode>0</Opcode>
<Keywords>0x0080000000000000</Keywords>
<TimeCreated SystemTime="2023-10-10 16:37:07.555292"></TimeCreated>
<EventRecordID>1962</EventRecordID>
<Correlation ActivityID="" RelatedActivityID=""></Correlation>
<Execution ProcessID="4564" ThreadID="0"></Execution>
<Channel>Application</Channel>
<Computer>DESKTOP-JU2PNRI</Computer>
<Security UserID=""></Security>
</System>
<EventData><Data>&lt;string&gt;2023-10-11T15:49:07Z&lt;/string&gt;
&lt;string&gt;RulesEngine&lt;/string&gt;
</Data>
<Binary></Binary>
</EventData>
</Event>

<Event xmlns="http://schemas.microsoft.com/win/2004/08/events/event"><System><Provider Name="Microsoft-Windows-Security-SPP" Guid="{E23B33B0-C8C9-472C-A5F9-F2BDFEA0F156}" EventSourceName="Software Protection Platform Service"></Provider>
<EventID Qualifiers="16384">903</EventID>
<Version>0</Version>
<Level>0</Level>
<Task>0</Task>
<Opcode>0</Opcode>
<Keywords>0x0080000000000000</Keywords>
<TimeCreated SystemTime="2023-10-10 16:37:07.563255"></TimeCreated>
<EventRecordID>1963</EventRecordID>
<Correlation ActivityID="" RelatedActivityID=""></Correlation>
<Execution ProcessID="4564" ThreadID="0"></Execution>
<Channel>Application</Channel>
<Computer>DESKTOP-JU2PNRI</Computer>
<Security UserID=""></Security>
</System>
<EventData><Data></Data>
<Binary></Binary>
</EventData>
</Event>

<Event xmlns="http://schemas.microsoft.com/win/2004/08/events/event"><System><Provider Name="Microsoft-Windows-Winlogon" Guid="{DBE9B383-7CF3-4331-91CC-A3CB16A3B538}" EventSourceName="Wlclntfy"></Provider>
<EventID Qualifiers="32768">6003</EventID>
<Version>0</Version>
<Level>4</Level>
<Task>0</Task>
<Opcode>0</Opcode>
<Keywords>0x0080000000000000</Keywords>
<TimeCreated SystemTime="2023-10-10 16:37:40.083231"></TimeCreated>
<EventRecordID>1964</EventRecordID>
<Correlation ActivityID="" RelatedActivityID=""></Correlation>
<Execution ProcessID="704" ThreadID="0"></Execution>
<Channel>Application</Channel>
<Computer>DESKTOP-JU2PNRI</Computer>
<Security UserID=""></Security>
</System>
<EventData><Data>&lt;string&gt;SessionEnv&lt;/string&gt;
</Data>
<Binary>2QYAAA==</Binary>
</EventData>
</Event>

<Event xmlns="http://schemas.microsoft.com/win/2004/08/events/event"><System><Provider Name="Microsoft-Windows-Winlogon" Guid="{DBE9B383-7CF3-4331-91CC-A3CB16A3B538}" EventSourceName="Wlclntfy"></Provider>
<EventID Qualifiers="32768">6000</EventID>
<Version>0</Version>
<Level>4</Level>
<Task>0</Task>
<Opcode>0</Opcode>
<Keywords>0x0080000000000000</Keywords>
<TimeCreated SystemTime="2023-10-10 16:37:40.552021"></TimeCreated>
<EventRecordID>1965</EventRecordID>
<Correlation ActivityID="" RelatedActivityID=""></Correlation>
<Execution ProcessID="704" ThreadID="0"></Execution>
<Channel>Application</Channel>
<Computer>DESKTOP-JU2PNRI</Computer>
<Security UserID=""></Security>
</System>
<EventData><Data>&lt;string&gt;SessionEnv&lt;/string&gt;
</Data>
<Binary>2QYAAA==</Binary>
</EventData>
</Event>

<Event xmlns="http://schemas.microsoft.com/win/2004/08/events/event"><System><Provider Name="Microsoft-Windows-Security-SPP" Guid="{E23B33B0-C8C9-472C-A5F9-F2BDFEA0F156}" EventSourceName="Software Protection Platform Service"></Provider>
<EventID Qualifiers="49152">16394</EventID>
<Version>0</Version>
<Level>4</Level>
<Task>0</Task>
<Opcode>0</Opcode>
<Keywords>0x0080000000000000</Keywords>
<TimeCreated SystemTime="2023-10-10 16:37:47.070787"></TimeCreated>
<EventRecordID>1966</EventRecordID>
<Correlation ActivityID="" RelatedActivityID=""></Correlation>
<Execution ProcessID="6632" ThreadID="0"></Execution>
<Channel>Application</Channel>
<Computer>DESKTOP-JU2PNRI</Computer>
<Security UserID=""></Security>
</System>
<EventData><Data></Data>
<Binary></Binary>
</EventData>
</Event>

