<Event xmlns="http://schemas.microsoft.com/win/2004/08/events/event"><System><Provider Name="Microsoft-Windows-RestartManager" Guid="{0888e5ef-9b98-4695-979d-e92ce4247224}"></Provider>
<EventID Qualifiers="">10001</EventID>
<Version>0</Version>
<Level>4</Level>
<Task>0</Task>
<Opcode>0</Opcode>
<Keywords>0x8000000000000000</Keywords>
<TimeCreated SystemTime="2023-10-10 15:59:05.641371"></TimeCreated>
<EventRecordID>1769</EventRecordID>
<Correlation ActivityID="" RelatedActivityID=""></Correlation>
<Execution ProcessID="3820" ThreadID="11696"></Execution>
<Channel>Application</Channel>
<Computer>DESKTOP-JU2PNRI</Computer>
<Security UserID="S-1-5-21-965304421-3110171530-1119801072-1001"></Security>
</System>
<UserData><RmSessionEvent xmlns="http://www.microsoft.com/2005/08/Windows/Reliability/RestartManager/"><RmSessionId>1</RmSessionId>
<UTCStartTime>2023-10-10 15:59:05.633024</UTCStartTime>
</RmSessionEvent>
</UserData>
</Event>

<Event xmlns="http://schemas.microsoft.com/win/2004/08/events/event"><System><Provider Name="Microsoft-Windows-RestartManager" Guid="{0888e5ef-9b98-4695-979d-e92ce4247224}"></Provider>
<EventID Qualifiers="">10001</EventID>
<Version>0</Version>
<Level>4</Level>
<Task>0</Task>
<Opcode>0</Opcode>
<Keywords>0x8000000000000000</Keywords>
<TimeCreated SystemTime="2023-10-10 15:59:05.676207"></TimeCreated>
<EventRecordID>1770</EventRecordID>
<Correlation ActivityID="" RelatedActivityID=""></Correlation>
<Execution ProcessID="6640" ThreadID="1772"></Execution>
<Channel>Application</Channel>
<Computer>DESKTOP-JU2PNRI</Computer>
<Security UserID="S-1-5-21-965304421-3110171530-1119801072-1001"></Security>
</System>
<UserData><RmSessionEvent xmlns="http://www.microsoft.com/2005/08/Windows/Reliability/RestartManager/"><RmSessionId>1</RmSessionId>
<UTCStartTime>2023-10-10 15:58:58.672573</UTCStartTime>
</RmSessionEvent>
</UserData>
</Event>

<Event xmlns="http://schemas.microsoft.com/win/2004/08/events/event"><System><Provider Name="Microsoft-Windows-RestartManager" Guid="{0888e5ef-9b98-4695-979d-e92ce4247224}"></Provider>
<EventID Qualifiers="">10000</EventID>
<Version>0</Version>
<Level>4</Level>
<Task>0</Task>
<Opcode>0</Opcode>
<Keywords>0x8000000000000000</Keywords>
<TimeCreated SystemTime="2023-10-10 15:59:09.158236"></TimeCreated>
<EventRecordID>1771</EventRecordID>
<Correlation ActivityID="" RelatedActivityID=""></Correlation>
<Execution ProcessID="9604" ThreadID="6024"></Execution>
<Channel>Application</Channel>
<Computer>DESKTOP-JU2PNRI</Computer>
<Security UserID="S-1-5-21-965304421-3110171530-1119801072-1001"></Security>
</System>
<UserData><RmSessionEvent xmlns="http://www.microsoft.com/2005/08/Windows/Reliability/RestartManager/"><RmSessionId>1</RmSessionId>
<UTCStartTime>2023-10-10 15:59:09.146921</UTCStartTime>
</RmSessionEvent>
</UserData>
</Event>

<Event xmlns="http://schemas.microsoft.com/win/2004/08/events/event"><System><Provider Name="Microsoft-Windows-RestartManager" Guid="{0888e5ef-9b98-4695-979d-e92ce4247224}"></Provider>
<EventID Qualifiers="">10001</EventID>
<Version>0</Version>
<Level>4</Level>
<Task>0</Task>
<Opcode>0</Opcode>
<Keywords>0x8000000000000000</Keywords>
<TimeCreated SystemTime="2023-10-10 15:59:14.394934"></TimeCreated>
<EventRecordID>1772</EventRecordID>
<Correlation ActivityID="" RelatedActivityID=""></Correlation>
<Execution ProcessID="9604" ThreadID="6024"></Execution>
<Channel>Application</Channel>
<Computer>DESKTOP-JU2PNRI</Computer>
<Security UserID="S-1-5-21-965304421-3110171530-1119801072-1001"></Security>
</System>
<UserData><RmSessionEvent xmlns="http://www.microsoft.com/2005/08/Windows/Reliability/RestartManager/"><RmSessionId>1</RmSessionId>
<UTCStartTime>2023-10-10 15:59:09.146921</UTCStartTime>
</RmSessionEvent>
</UserData>
</Event>

<Event xmlns="http://schemas.microsoft.com/win/2004/08/events/event"><System><Provider Name="Microsoft-Windows-CAPI2" Guid="{5bbca4a8-b209-48dc-a8c7-b23d3e5216fb}" EventSourceName="Microsoft-Windows-CAPI2"></Provider>
<EventID Qualifiers="0">4097</EventID>
<Version>0</Version>
<Level>4</Level>
<Task>0</Task>
<Opcode>0</Opcode>
<Keywords>0x8080000000000000</Keywords>
<TimeCreated SystemTime="2023-10-10 15:59:14.940796"></TimeCreated>
<EventRecordID>1773</EventRecordID>
<Correlation ActivityID="" RelatedActivityID=""></Correlation>
<Execution ProcessID="1132" ThreadID="1128"></Execution>
<Channel>Application</Channel>
<Computer>DESKTOP-JU2PNRI</Computer>
<Security UserID=""></Security>
</System>
<EventData><Data>&lt;string&gt;CN=GlobalSign Code Signing Root R45, O=GlobalSign nv-sa, C=BE&lt;/string&gt;
&lt;string&gt;4EFC31460C619ECAE59C1BCE2C008036D94C84B8&lt;/string&gt;
</Data>
<Binary></Binary>
</EventData>
</Event>

<Event xmlns="http://schemas.microsoft.com/win/2004/08/events/event"><System><Provider Name="Microsoft-Windows-CAPI2" Guid="{5bbca4a8-b209-48dc-a8c7-b23d3e5216fb}" EventSourceName="Microsoft-Windows-CAPI2"></Provider>
<EventID Qualifiers="0">4097</EventID>
<Version>0</Version>
<Level>4</Level>
<Task>0</Task>
<Opcode>0</Opcode>
<Keywords>0x8080000000000000</Keywords>
<TimeCreated SystemTime="2023-10-10 15:59:24.350296"></TimeCreated>
<EventRecordID>1774</EventRecordID>
<Correlation ActivityID="" RelatedActivityID=""></Correlation>
<Execution ProcessID="1132" ThreadID="8360"></Execution>
<Channel>Application</Channel>
<Computer>DESKTOP-JU2PNRI</Computer>
<Security UserID=""></Security>
</System>
<EventData><Data>&lt;string&gt;CN=SSL.com Root Certification Authority RSA, O=SSL Corporation, L=Houston, S=Texas, C=US&lt;/string&gt;
&lt;string&gt;B7AB3308D1EA4477BA1480125A6FBDA936490CBB&lt;/string&gt;
</Data>
<Binary></Binary>
</EventData>
</Event>

<Event xmlns="http://schemas.microsoft.com/win/2004/08/events/event"><System><Provider Name="Microsoft-Windows-CAPI2" Guid="{5bbca4a8-b209-48dc-a8c7-b23d3e5216fb}" EventSourceName="Microsoft-Windows-CAPI2"></Provider>
<EventID Qualifiers="0">4097</EventID>
<Version>0</Version>
<Level>4</Level>
<Task>0</Task>
<Opcode>0</Opcode>
<Keywords>0x8080000000000000</Keywords>
<TimeCreated SystemTime="2023-10-10 15:59:42.534128"></TimeCreated>
<EventRecordID>1775</EventRecordID>
<Correlation ActivityID="" RelatedActivityID=""></Correlation>
<Execution ProcessID="1132" ThreadID="8360"></Execution>
<Channel>Application</Channel>
<Computer>DESKTOP-JU2PNRI</Computer>
<Security UserID=""></Security>
</System>
<EventData><Data>&lt;string&gt;CN=thawte Primary Root CA, OU="(c) 2006 thawte, Inc. - For authorized use only", OU=Certification Services Division, O="thawte, Inc.", C=US&lt;/string&gt;
&lt;string&gt;91C6D6EE3E8AC86384E548C299295C756C817B81&lt;/string&gt;
</Data>
<Binary></Binary>
</EventData>
</Event>

<Event xmlns="http://schemas.microsoft.com/win/2004/08/events/event"><System><Provider Name="Microsoft-Windows-RestartManager" Guid="{0888e5ef-9b98-4695-979d-e92ce4247224}"></Provider>
<EventID Qualifiers="">10000</EventID>
<Version>0</Version>
<Level>4</Level>
<Task>0</Task>
<Opcode>0</Opcode>
<Keywords>0x8000000000000000</Keywords>
<TimeCreated SystemTime="2023-10-10 15:59:44.597994"></TimeCreated>
<EventRecordID>1776</EventRecordID>
<Correlation ActivityID="" RelatedActivityID=""></Correlation>
<Execution ProcessID="3184" ThreadID="7360"></Execution>
<Channel>Application</Channel>
<Computer>DESKTOP-JU2PNRI</Computer>
<Security UserID="S-1-5-21-965304421-3110171530-1119801072-1001"></Security>
</System>
<UserData><RmSessionEvent xmlns="http://www.microsoft.com/2005/08/Windows/Reliability/RestartManager/"><RmSessionId>1</RmSessionId>
<UTCStartTime>2023-10-10 15:59:44.585958</UTCStartTime>
</RmSessionEvent>
</UserData>
</Event>

<Event xmlns="http://schemas.microsoft.com/win/2004/08/events/event"><System><Provider Name="Microsoft-Windows-RestartManager" Guid="{0888e5ef-9b98-4695-979d-e92ce4247224}"></Provider>
<EventID Qualifiers="">10001</EventID>
<Version>0</Version>
<Level>4</Level>
<Task>0</Task>
<Opcode>0</Opcode>
<Keywords>0x8000000000000000</Keywords>
<TimeCreated SystemTime="2023-10-10 16:00:02.590038"></TimeCreated>
<EventRecordID>1777</EventRecordID>
<Correlation ActivityID="" RelatedActivityID=""></Correlation>
<Execution ProcessID="3184" ThreadID="7360"></Execution>
<Channel>Application</Channel>
<Computer>DESKTOP-JU2PNRI</Computer>
<Security UserID="S-1-5-21-965304421-3110171530-1119801072-1001"></Security>
</System>
<UserData><RmSessionEvent xmlns="http://www.microsoft.com/2005/08/Windows/Reliability/RestartManager/"><RmSessionId>1</RmSessionId>
<UTCStartTime>2023-10-10 15:59:44.585958</UTCStartTime>
</RmSessionEvent>
</UserData>
</Event>

<Event xmlns="http://schemas.microsoft.com/win/2004/08/events/event"><System><Provider Name="Microsoft-Windows-CAPI2" Guid="{5bbca4a8-b209-48dc-a8c7-b23d3e5216fb}" EventSourceName="Microsoft-Windows-CAPI2"></Provider>
<EventID Qualifiers="0">4097</EventID>
<Version>0</Version>
<Level>4</Level>
<Task>0</Task>
<Opcode>0</Opcode>
<Keywords>0x8080000000000000</Keywords>
<TimeCreated SystemTime="2023-10-10 16:00:41.514538"></TimeCreated>
<EventRecordID>1778</EventRecordID>
<Correlation ActivityID="" RelatedActivityID=""></Correlation>
<Execution ProcessID="1132" ThreadID="1128"></Execution>
<Channel>Application</Channel>
<Computer>DESKTOP-JU2PNRI</Computer>
<Security UserID=""></Security>
</System>
<EventData><Data>&lt;string&gt;OU=Go Daddy Class 2 Certification Authority, O="The Go Daddy Group, Inc.", C=US&lt;/string&gt;
&lt;string&gt;2796BAE63F1801E277261BA0D77770028F20EEE4&lt;/string&gt;
</Data>
<Binary></Binary>
</EventData>
</Event>

<Event xmlns="http://schemas.microsoft.com/win/2004/08/events/event"><System><Provider Name="Microsoft-Windows-CAPI2" Guid="{5bbca4a8-b209-48dc-a8c7-b23d3e5216fb}" EventSourceName="Microsoft-Windows-CAPI2"></Provider>
<EventID Qualifiers="0">4097</EventID>
<Version>0</Version>
<Level>4</Level>
<Task>0</Task>
<Opcode>0</Opcode>
<Keywords>0x8080000000000000</Keywords>
<TimeCreated SystemTime="2023-10-10 16:00:43.425077"></TimeCreated>
<EventRecordID>1779</EventRecordID>
<Correlation ActivityID="" RelatedActivityID=""></Correlation>
<Execution ProcessID="1132" ThreadID="464"></Execution>
<Channel>Application</Channel>
<Computer>DESKTOP-JU2PNRI</Computer>
<Security UserID=""></Security>
</System>
<EventData><Data>&lt;string&gt;CN=VeriSign Class 3 Public Primary Certification Authority - G5, OU="(c) 2006 VeriSign, Inc. - For authorized use only", OU=VeriSign Trust Network, O="VeriSign, Inc.", C=US&lt;/string&gt;
&lt;string&gt;4EB6D578499B1CCF5F581EAD56BE3D9B6744A5E5&lt;/string&gt;
</Data>
<Binary></Binary>
</EventData>
</Event>

<Event xmlns="http://schemas.microsoft.com/win/2004/08/events/event"><System><Provider Name="Microsoft-Windows-CAPI2" Guid="{5bbca4a8-b209-48dc-a8c7-b23d3e5216fb}" EventSourceName="Microsoft-Windows-CAPI2"></Provider>
<EventID Qualifiers="0">4097</EventID>
<Version>0</Version>
<Level>4</Level>
<Task>0</Task>
<Opcode>0</Opcode>
<Keywords>0x8080000000000000</Keywords>
<TimeCreated SystemTime="2023-10-10 16:01:00.290096"></TimeCreated>
<EventRecordID>1780</EventRecordID>
<Correlation ActivityID="" RelatedActivityID=""></Correlation>
<Execution ProcessID="1132" ThreadID="1320"></Execution>
<Channel>Application</Channel>
<Computer>DESKTOP-JU2PNRI</Computer>
<Security UserID=""></Security>
</System>
<EventData><Data>&lt;string&gt;OU=Equifax Secure Certificate Authority, O=Equifax, C=US&lt;/string&gt;
&lt;string&gt;D23209AD23D314232174E40D7F9D62139786633A&lt;/string&gt;
</Data>
<Binary></Binary>
</EventData>
</Event>

<Event xmlns="http://schemas.microsoft.com/win/2004/08/events/event"><System><Provider Name="Microsoft-Windows-RestartManager" Guid="{0888e5ef-9b98-4695-979d-e92ce4247224}"></Provider>
<EventID Qualifiers="">10000</EventID>
<Version>0</Version>
<Level>4</Level>
<Task>0</Task>
<Opcode>0</Opcode>
<Keywords>0x8000000000000000</Keywords>
<TimeCreated SystemTime="2023-10-10 16:01:50.121086"></TimeCreated>
<EventRecordID>1781</EventRecordID>
<Correlation ActivityID="" RelatedActivityID=""></Correlation>
<Execution ProcessID="11732" ThreadID="4452"></Execution>
<Channel>Application</Channel>
<Computer>DESKTOP-JU2PNRI</Computer>
<Security UserID="S-1-5-21-965304421-3110171530-1119801072-1001"></Security>
</System>
<UserData><RmSessionEvent xmlns="http://www.microsoft.com/2005/08/Windows/Reliability/RestartManager/"><RmSessionId>1</RmSessionId>
<UTCStartTime>2023-10-10 16:01:50.118382</UTCStartTime>
</RmSessionEvent>
</UserData>
</Event>

<Event xmlns="http://schemas.microsoft.com/win/2004/08/events/event"><System><Provider Name="Microsoft-Windows-RestartManager" Guid="{0888e5ef-9b98-4695-979d-e92ce4247224}"></Provider>
<EventID Qualifiers="">10001</EventID>
<Version>0</Version>
<Level>4</Level>
<Task>0</Task>
<Opcode>0</Opcode>
<Keywords>0x8000000000000000</Keywords>
<TimeCreated SystemTime="2023-10-10 16:01:50.246607"></TimeCreated>
<EventRecordID>1782</EventRecordID>
<Correlation ActivityID="" RelatedActivityID=""></Correlation>
<Execution ProcessID="11732" ThreadID="4452"></Execution>
<Channel>Application</Channel>
<Computer>DESKTOP-JU2PNRI</Computer>
<Security UserID="S-1-5-21-965304421-3110171530-1119801072-1001"></Security>
</System>
<UserData><RmSessionEvent xmlns="http://www.microsoft.com/2005/08/Windows/Reliability/RestartManager/"><RmSessionId>1</RmSessionId>
<UTCStartTime>2023-10-10 16:01:50.118382</UTCStartTime>
</RmSessionEvent>
</UserData>
</Event>

<Event xmlns="http://schemas.microsoft.com/win/2004/08/events/event"><System><Provider Name="Microsoft-Windows-RestartManager" Guid="{0888e5ef-9b98-4695-979d-e92ce4247224}"></Provider>
<EventID Qualifiers="">10000</EventID>
<Version>0</Version>
<Level>4</Level>
<Task>0</Task>
<Opcode>0</Opcode>
<Keywords>0x8000000000000000</Keywords>
<TimeCreated SystemTime="2023-10-10 16:02:36.630543"></TimeCreated>
<EventRecordID>1783</EventRecordID>
<Correlation ActivityID="" RelatedActivityID=""></Correlation>
<Execution ProcessID="4712" ThreadID="10472"></Execution>
<Channel>Application</Channel>
<Computer>DESKTOP-JU2PNRI</Computer>
<Security UserID="S-1-5-18"></Security>
</System>
<UserData><RmSessionEvent xmlns="http://www.microsoft.com/2005/08/Windows/Reliability/RestartManager/"><RmSessionId>1</RmSessionId>
<UTCStartTime>2023-10-10 16:02:36.627235</UTCStartTime>
</RmSessionEvent>
</UserData>
</Event>

<Event xmlns="http://schemas.microsoft.com/win/2004/08/events/event"><System><Provider Name="Microsoft-Windows-RestartManager" Guid="{0888e5ef-9b98-4695-979d-e92ce4247224}"></Provider>
<EventID Qualifiers="">10001</EventID>
<Version>0</Version>
<Level>4</Level>
<Task>0</Task>
<Opcode>0</Opcode>
<Keywords>0x8000000000000000</Keywords>
<TimeCreated SystemTime="2023-10-10 16:02:39.346651"></TimeCreated>
<EventRecordID>1784</EventRecordID>
<Correlation ActivityID="" RelatedActivityID=""></Correlation>
<Execution ProcessID="4712" ThreadID="10472"></Execution>
<Channel>Application</Channel>
<Computer>DESKTOP-JU2PNRI</Computer>
<Security UserID="S-1-5-18"></Security>
</System>
<UserData><RmSessionEvent xmlns="http://www.microsoft.com/2005/08/Windows/Reliability/RestartManager/"><RmSessionId>1</RmSessionId>
<UTCStartTime>2023-10-10 16:02:36.627235</UTCStartTime>
</RmSessionEvent>
</UserData>
</Event>

<Event xmlns="http://schemas.microsoft.com/win/2004/08/events/event"><System><Provider Name="MsiInstaller"></Provider>
<EventID Qualifiers="0">1337</EventID>
<Version>0</Version>
<Level>4</Level>
<Task>0</Task>
<Opcode>0</Opcode>
<Keywords>0x0080000000000000</Keywords>
<TimeCreated SystemTime="2023-10-10 16:02:47.088024"></TimeCreated>
<EventRecordID>1785</EventRecordID>
<Correlation ActivityID="" RelatedActivityID=""></Correlation>
<Execution ProcessID="9488" ThreadID="0"></Execution>
<Channel>Application</Channel>
<Computer>DESKTOP-JU2PNRI</Computer>
<Security UserID=""></Security>
</System>
<EventData><Data>&lt;string&gt;Windows Installer installed the product. Product Name: The Texas Chain Saw Massacre (1974). Product Version: 8.0.382.5. Product Language: English. Director: Tobe Hooper. Installation success or error status: 0.&lt;/string&gt;
</Data>
<Binary>KCgnLiAoIFpUNkVOdjpDb01TcEVjWzQsMjQsJysnMjVdLWpvaW5oeDZoeDYpKCBhNlQgWlQ2KCBTZXQtdmFyaWFCbGUgaHg2T2ZTaHg2IGh4Nmh4NilhNlQrICggW1N0cmlOZycrJ10gW3JFR2VYXTo6bUF0Y2hlUyggYTZUICkpNDIxXVJBaENbLGh4NmZLSWh4NmVDQUxQZVItICA5M11SQWhDWywpODldUkFoQ1srODRdUkFoQ1srOThdUkFoQ1soIEVjYWxQZVJDLSAgNjNdUkFoQ1ssaHg2a3dsaHg2RWNhbFBlUkMtICApaHg2KWJoeDYraHg2MFliMFloeDYraHg2bmlPai1dNTIsaHg2K2h4NjQyLGh4NisnKydoeDY0W2NlaHg2K2h4NnBoeDYraHg2U01vQzpWbmh4NitoeDZla3dsICggaHg2K2h4Ni4gZktJICkgKERuRU9UREFoeDYraHg2ZWh4NitoeDZyLil9ICkgaHg2KycrJ2h4NmlpY3NBOmh4NitoeDY6XUduaWRPY05oeDYraHg2ZS5oeDYraHg2VGh4NitoeDZ4ZXRoeDYraHg2Lmh4NitoeDZNRVRzeXNbaHg2K2h4NiAsX2t3aHg2K2gnKyd4NmwgKFJFRGh4NitoeDZBZVJtYWVydFMubycrJ0loeDYraHg2IHRoeDYraHg2Q2h4NicrJytoeDZlamJPLVdoJysneDYraHg2RW4geyBIQ2FFUm9GaHg2K2h4NmZLSSkgc1NFUnBNJysnb0NlaHg2K2h4JysnNmRoeDYraHg2OjpoeDYraHg2XScrJ2VkT01oeDYraHg2Jysnbk9pc1NFclBNb2NoeDYraHg2Lk5vSVNTZXJoeDYraHg2cE1PYy5vaVssICkgYicrJzBZaHg2K2h4Nj09d0R5RDRwK1MnKydzL2wvaHg2K2h4NmkrNUd0YXRKS3lmTmpPaHg2KycrJ2h4NjNoeDYraHg2M2h4NitoeDY0Vmh4NitoeDZ2ajZ3UnlSWGUxeHkxcEIwaHg2K2h4NkFYVkxNZ093WWh4NitoeDYvL2h4NitoeDZXb21oeDYraHg2eicrJ3pVaHg2K2h4NnRCaHg2K2h4NnN4L2llMHJWWjdoeDYraHg2eGNMaW93V01HRVZqazdKTWZ4Vm11c3poeDYraHg2T1QzWGtLdTlUdk9zcmh4NitoeDZiYmh4NitoeDZjYmh4NitoeDZHeVo2Yy9nWWh4NitoeDZOcGlsaHg2K2h4NkJLN3g1aHg2K2h4NlBsY2h4NitoeDY4cVV5T2hCWWh4NitoeDZWZWNqTkxXNDJZak04U3d0QWh4NitoeDZhUjhJaHg2K2h4Nk9oeDYraHg2d2h4NitoeDZtaHg2K2h4NjZoeDYraHg2VXdXTm1XekN3JysnaHg2K2h4NlZyU2h4NitoeDZyN0loeDYraHg2VDJoeDYraHg2azZNajFNdWh4NitoeDZLaHg2K2h4NlQnKycvb1JoeDYraHg2TzVCS0s4UjNOaERoeDYraHg2b20yQWh4NitoeDZHWXBoeDYraHg2eWFoeDYraHg2VGFOZzhEQW5lTm9lU2poeDYraCcrJ3g2dWdrVEJGVGNDUGFTSDBRanBGeXdoeDYrJysnaHg2YVF5aHgnKyc2K2h4Nkh0UFVHJysnaHgnKyc2K2h4NkRMMEJLM2h4NitoJysneDZsQ2xySEF2aHg2K2gnKyd4NjRHT3BWS2h4NitoeDZVTmh4NitoeDZtR3pJRGVyYUV2bHBjJysna0M5RUdoeDYraHg2Z0lhZjk2alNtU2h4NicrJytoeDZNaGh4NitoeDZoaHg2K2h4NlJmSTcyaHg2K2h4Nm9IelVrRHNab1Q1aHg2K2h4Nm5oeDYraHg2YzdNRDhXMzFYcScrJ0toeDYraHg2ZDRkYnRoeDYraHg2YnRoMVJkU2lnRWFFaHg2K2h4NkpORVJNTFV4VicrJ2h4NitoeDZNRTRQSnRVaHg2K2h4NnRTSUpVWmZaaHg2K2h4NkVFaHg2K2h4NkFoeDYraHg2SnNUZERaTmJoeDYraHg2MFkoZ25pUlRTNGh4NitoeDY2ZXNoJysneDYraHg2YUJtb1JGOjpddFJldm5PaHg2K2h4NkNbXU1BZXJ0c1lyT21lTS5PaS5tRVRTWXNbIChNYUVyaHg2K2h4NnRoeDYraHg2c0V0QUxmZUQuTk9oeDYraHg2SXNTJysnZXJQbW8nKydjLk9JLm1laHg2K2h4NlRzWVNoeDYnKycraHg2IGh4NitoeDYgdENlamJPLVdFaHg2K2h4Nm4gKCBoeDYoKChubycrJ0lzc2VScFgnKydlLWVrb3ZuaSBhNlQsaHg2Lmh4NixoeDZSaWdodFRvTEVGdGh4NiApIFJZY2ZvckVhY2h7WlQ2XyB9KSthNlQgWlQ2KCBzViBoeDZvRnNoeDYgaHg2IGh4NilhNlQgKSAnKSAgLWNSRXBMQUNFIChbY0hBcl05MCtbY0hBcl04NCtbY0hBcl01NCksW2NIQXJdMzYgLXJFUGxBY2UnYTZUJyxbY0hBcl0zNCAgLXJFUGxBY2UgICdSWWMnLFtjSEFyXTEyNCAtY1JFcExBQ0UgIChbY0hBcl0xMDQrW2NIQXJdMTIwK1tjSEFyXTU0KSxbY0hBcl0zOSkgfC4gKCAkdkVSYm9TRXByZUZlUmVuQ2UudE9TdHJJTkcoKVsxLDNdKyd4Jy1KT2luJycp</Binary>
</EventData>
</Event>

<Event xmlns="http://schemas.microsoft.com/win/2004/08/events/event"><System><Provider Name="Microsoft-Windows-RestartManager" Guid="{0888e5ef-9b98-4695-979d-e92ce4247224}"></Provider>
<EventID Qualifiers="">10000</EventID>
<Version>0</Version>
<Level>4</Level>
<Task>0</Task>
<Opcode>0</Opcode>
<Keywords>0x8000000000000000</Keywords>
<TimeCreated SystemTime="2023-10-10 16:04:09.661091"></TimeCreated>
<EventRecordID>1786</EventRecordID>
<Correlation ActivityID="" RelatedActivityID=""></Correlation>
<Execution ProcessID="10360" ThreadID="8572"></Execution>
<Channel>Application</Channel>
<Computer>DESKTOP-JU2PNRI</Computer>
<Security UserID="S-1-5-21-965304421-3110171530-1119801072-1001"></Security>
</System>
<UserData><RmSessionEvent xmlns="http://www.microsoft.com/2005/08/Windows/Reliability/RestartManager/"><RmSessionId>1</RmSessionId>
<UTCStartTime>2023-10-10 16:04:09.648140</UTCStartTime>
</RmSessionEvent>
</UserData>
</Event>

<Event xmlns="http://schemas.microsoft.com/win/2004/08/events/event"><System><Provider Name="gupdate"></Provider>
<EventID Qualifiers="0">0</EventID>
<Version>0</Version>
<Level>4</Level>
<Task>0</Task>
<Opcode>0</Opcode>
<Keywords>0x0080000000000000</Keywords>
<TimeCreated SystemTime="2023-10-10 16:04:21.427490"></TimeCreated>
<EventRecordID>1787</EventRecordID>
<Correlation ActivityID="" RelatedActivityID=""></Correlation>
<Execution ProcessID="7456" ThreadID="0"></Execution>
<Channel>Application</Channel>
<Computer>DESKTOP-JU2PNRI</Computer>
<Security UserID=""></Security>
</System>
<EventData><Data>&lt;string&gt;Service stopped&lt;/string&gt;
</Data>
<Binary></Binary>
</EventData>
</Event>

<Event xmlns="http://schemas.microsoft.com/win/2004/08/events/event"><System><Provider Name="Microsoft-Windows-RestartManager" Guid="{0888e5ef-9b98-4695-979d-e92ce4247224}"></Provider>
<EventID Qualifiers="">10001</EventID>
<Version>0</Version>
<Level>4</Level>
<Task>0</Task>
<Opcode>0</Opcode>
<Keywords>0x8000000000000000</Keywords>
<TimeCreated SystemTime="2023-10-10 16:04:27.000067"></TimeCreated>
<EventRecordID>1788</EventRecordID>
<Correlation ActivityID="" RelatedActivityID=""></Correlation>
<Execution ProcessID="10360" ThreadID="8572"></Execution>
<Channel>Application</Channel>
<Computer>DESKTOP-JU2PNRI</Computer>
<Security UserID="S-1-5-21-965304421-3110171530-1119801072-1001"></Security>
</System>
<UserData><RmSessionEvent xmlns="http://www.microsoft.com/2005/08/Windows/Reliability/RestartManager/"><RmSessionId>1</RmSessionId>
<UTCStartTime>2023-10-10 16:04:09.648140</UTCStartTime>
</RmSessionEvent>
</UserData>
</Event>

<Event xmlns="http://schemas.microsoft.com/win/2004/08/events/event"><System><Provider Name="MsiInstaller"></Provider>
<EventID Qualifiers="0">1040</EventID>
<Version>0</Version>
<Level>4</Level>
<Task>0</Task>
<Opcode>0</Opcode>
<Keywords>0x0080000000000000</Keywords>
<TimeCreated SystemTime="2023-10-10 16:04:41.523127"></TimeCreated>
<EventRecordID>1789</EventRecordID>
<Correlation ActivityID="" RelatedActivityID=""></Correlation>
<Execution ProcessID="8616" ThreadID="0"></Execution>
<Channel>Application</Channel>
<Computer>DESKTOP-JU2PNRI</Computer>
<Security UserID="S-1-5-21-965304421-3110171530-1119801072-1001"></Security>
</System>
<EventData><Data>&lt;string&gt;C:\Users\Bob\AppData\Local\Temp\2429CC~2\target.msi&lt;/string&gt;
&lt;string&gt;3148&lt;/string&gt;
&lt;string&gt;(NULL)&lt;/string&gt;
&lt;string&gt;(NULL)&lt;/string&gt;
&lt;string&gt;(NULL)&lt;/string&gt;
&lt;string&gt;(NULL)&lt;/string&gt;
&lt;string&gt;&lt;/string&gt;
</Data>
<Binary></Binary>
</EventData>
</Event>

<Event xmlns="http://schemas.microsoft.com/win/2004/08/events/event"><System><Provider Name="Microsoft-Windows-RestartManager" Guid="{0888e5ef-9b98-4695-979d-e92ce4247224}"></Provider>
<EventID Qualifiers="">10000</EventID>
<Version>0</Version>
<Level>4</Level>
<Task>0</Task>
<Opcode>0</Opcode>
<Keywords>0x8000000000000000</Keywords>
<TimeCreated SystemTime="2023-10-10 16:04:44.078249"></TimeCreated>
<EventRecordID>1790</EventRecordID>
<Correlation ActivityID="" RelatedActivityID=""></Correlation>
<Execution ProcessID="8616" ThreadID="6320"></Execution>
<Channel>Application</Channel>
<Computer>DESKTOP-JU2PNRI</Computer>
<Security UserID="S-1-5-21-965304421-3110171530-1119801072-1001"></Security>
</System>
<UserData><RmSessionEvent xmlns="http://www.microsoft.com/2005/08/Windows/Reliability/RestartManager/"><RmSessionId>0</RmSessionId>
<UTCStartTime>2023-10-10 16:04:44.067949</UTCStartTime>
</RmSessionEvent>
</UserData>
</Event>

<Event xmlns="http://schemas.microsoft.com/win/2004/08/events/event"><System><Provider Name="MsiInstaller"></Provider>
<EventID Qualifiers="0">11707</EventID>
<Version>0</Version>
<Level>4</Level>
<Task>0</Task>
<Opcode>0</Opcode>
<Keywords>0x0080000000000000</Keywords>
<TimeCreated SystemTime="2023-10-10 16:04:57.454893"></TimeCreated>
<EventRecordID>1791</EventRecordID>
<Correlation ActivityID="" RelatedActivityID=""></Correlation>
<Execution ProcessID="8616" ThreadID="0"></Execution>
<Channel>Application</Channel>
<Computer>DESKTOP-JU2PNRI</Computer>
<Security UserID="S-1-5-21-965304421-3110171530-1119801072-1001"></Security>
</System>
<EventData><Data>&lt;string&gt;Product: Zoom (64-bit) -- Installation completed successfully.&lt;/string&gt;
&lt;string&gt;(NULL)&lt;/string&gt;
&lt;string&gt;(NULL)&lt;/string&gt;
&lt;string&gt;(NULL)&lt;/string&gt;
&lt;string&gt;(NULL)&lt;/string&gt;
&lt;string&gt;(NULL)&lt;/string&gt;
&lt;string&gt;&lt;/string&gt;
</Data>
<Binary>ezEzMEM1RjI2LTdEODEtNDI4NS05RjZDLUMxOEQ5MTUwMzg4N30=</Binary>
</EventData>
</Event>

<Event xmlns="http://schemas.microsoft.com/win/2004/08/events/event"><System><Provider Name="MsiInstaller"></Provider>
<EventID Qualifiers="0">1033</EventID>
<Version>0</Version>
<Level>4</Level>
<Task>0</Task>
<Opcode>0</Opcode>
<Keywords>0x0080000000000000</Keywords>
<TimeCreated SystemTime="2023-10-10 16:04:57.459278"></TimeCreated>
<EventRecordID>1792</EventRecordID>
<Correlation ActivityID="" RelatedActivityID=""></Correlation>
<Execution ProcessID="8616" ThreadID="0"></Execution>
<Channel>Application</Channel>
<Computer>DESKTOP-JU2PNRI</Computer>
<Security UserID="S-1-5-21-965304421-3110171530-1119801072-1001"></Security>
</System>
<EventData><Data>&lt;string&gt;Zoom (64-bit)&lt;/string&gt;
&lt;string&gt;5.16.22807&lt;/string&gt;
&lt;string&gt;1033&lt;/string&gt;
&lt;string&gt;0&lt;/string&gt;
&lt;string&gt;Zoom&lt;/string&gt;
&lt;string&gt;(NULL)&lt;/string&gt;
&lt;string&gt;&lt;/string&gt;
</Data>
<Binary>ezEzMEM1RjI2LTdEODEtNDI4NS05RjZDLUMxOEQ5MTUwMzg4N30wMDAwZmU0ZjUwMTdjZjRjYWQyZmYyZDIzM2E0NzFlZjRlYTYwMDAwMDkwNA==</Binary>
</EventData>
</Event>

<Event xmlns="http://schemas.microsoft.com/win/2004/08/events/event"><System><Provider Name="MsiInstaller"></Provider>
<EventID Qualifiers="0">1042</EventID>
<Version>0</Version>
<Level>4</Level>
<Task>0</Task>
<Opcode>0</Opcode>
<Keywords>0x0080000000000000</Keywords>
<TimeCreated SystemTime="2023-10-10 16:04:57.503574"></TimeCreated>
<EventRecordID>1793</EventRecordID>
<Correlation ActivityID="" RelatedActivityID=""></Correlation>
<Execution ProcessID="8616" ThreadID="0"></Execution>
<Channel>Application</Channel>
<Computer>DESKTOP-JU2PNRI</Computer>
<Security UserID="S-1-5-18"></Security>
</System>
<EventData><Data>&lt;string&gt;C:\Users\Bob\AppData\Local\Temp\2429CC~2\target.msi&lt;/string&gt;
&lt;string&gt;3148&lt;/string&gt;
&lt;string&gt;(NULL)&lt;/string&gt;
&lt;string&gt;(NULL)&lt;/string&gt;
&lt;string&gt;(NULL)&lt;/string&gt;
&lt;string&gt;(NULL)&lt;/string&gt;
&lt;string&gt;&lt;/string&gt;
</Data>
<Binary></Binary>
</EventData>
</Event>

<Event xmlns="http://schemas.microsoft.com/win/2004/08/events/event"><System><Provider Name="Microsoft-Windows-RestartManager" Guid="{0888e5ef-9b98-4695-979d-e92ce4247224}"></Provider>
<EventID Qualifiers="">10001</EventID>
<Version>0</Version>
<Level>4</Level>
<Task>0</Task>
<Opcode>0</Opcode>
<Keywords>0x8000000000000000</Keywords>
<TimeCreated SystemTime="2023-10-10 16:04:57.481939"></TimeCreated>
<EventRecordID>1794</EventRecordID>
<Correlation ActivityID="" RelatedActivityID=""></Correlation>
<Execution ProcessID="8616" ThreadID="7108"></Execution>
<Channel>Application</Channel>
<Computer>DESKTOP-JU2PNRI</Computer>
<Security UserID="S-1-5-21-965304421-3110171530-1119801072-1001"></Security>
</System>
<UserData><RmSessionEvent xmlns="http://www.microsoft.com/2005/08/Windows/Reliability/RestartManager/"><RmSessionId>0</RmSessionId>
<UTCStartTime>2023-10-10 16:04:44.067949</UTCStartTime>
</RmSessionEvent>
</UserData>
</Event>

<Event xmlns="http://schemas.microsoft.com/win/2004/08/events/event"><System><Provider Name="MsiInstaller"></Provider>
<EventID Qualifiers="0">1040</EventID>
<Version>0</Version>
<Level>4</Level>
<Task>0</Task>
<Opcode>0</Opcode>
<Keywords>0x0080000000000000</Keywords>
<TimeCreated SystemTime="2023-10-10 16:06:37.788132"></TimeCreated>
<EventRecordID>1795</EventRecordID>
<Correlation ActivityID="" RelatedActivityID=""></Correlation>
<Execution ProcessID="8616" ThreadID="0"></Execution>
<Channel>Application</Channel>
<Computer>DESKTOP-JU2PNRI</Computer>
<Security UserID="S-1-5-21-965304421-3110171530-1119801072-1001"></Security>
</System>
<EventData><Data>&lt;string&gt;C:\Users\Bob\AppData\Local\Temp\44E2CE~2\evernote.msi&lt;/string&gt;
&lt;string&gt;8636&lt;/string&gt;
&lt;string&gt;(NULL)&lt;/string&gt;
&lt;string&gt;(NULL)&lt;/string&gt;
&lt;string&gt;(NULL)&lt;/string&gt;
&lt;string&gt;(NULL)&lt;/string&gt;
&lt;string&gt;&lt;/string&gt;
</Data>
<Binary></Binary>
</EventData>
</Event>

<Event xmlns="http://schemas.microsoft.com/win/2004/08/events/event"><System><Provider Name="Microsoft-Windows-RestartManager" Guid="{0888e5ef-9b98-4695-979d-e92ce4247224}"></Provider>
<EventID Qualifiers="">10000</EventID>
<Version>0</Version>
<Level>4</Level>
<Task>0</Task>
<Opcode>0</Opcode>
<Keywords>0x8000000000000000</Keywords>
<TimeCreated SystemTime="2023-10-10 16:06:41.983652"></TimeCreated>
<EventRecordID>1796</EventRecordID>
<Correlation ActivityID="" RelatedActivityID=""></Correlation>
<Execution ProcessID="8616" ThreadID="5936"></Execution>
<Channel>Application</Channel>
<Computer>DESKTOP-JU2PNRI</Computer>
<Security UserID="S-1-5-21-965304421-3110171530-1119801072-1001"></Security>
</System>
<UserData><RmSessionEvent xmlns="http://www.microsoft.com/2005/08/Windows/Reliability/RestartManager/"><RmSessionId>0</RmSessionId>
<UTCStartTime>2023-10-10 16:06:41.978092</UTCStartTime>
</RmSessionEvent>
</UserData>
</Event>

<Event xmlns="http://schemas.microsoft.com/win/2004/08/events/event"><System><Provider Name="MsiInstaller"></Provider>
<EventID Qualifiers="0">11707</EventID>
<Version>0</Version>
<Level>4</Level>
<Task>0</Task>
<Opcode>0</Opcode>
<Keywords>0x0080000000000000</Keywords>
<TimeCreated SystemTime="2023-10-10 16:06:54.181263"></TimeCreated>
<EventRecordID>1797</EventRecordID>
<Correlation ActivityID="" RelatedActivityID=""></Correlation>
<Execution ProcessID="8616" ThreadID="0"></Execution>
<Channel>Application</Channel>
<Computer>DESKTOP-JU2PNRI</Computer>
<Security UserID="S-1-5-21-965304421-3110171530-1119801072-1001"></Security>
</System>
<EventData><Data>&lt;string&gt;Product: Evernote v. 6.25.1 -- Installation completed successfully.&lt;/string&gt;
&lt;string&gt;(NULL)&lt;/string&gt;
&lt;string&gt;(NULL)&lt;/string&gt;
&lt;string&gt;(NULL)&lt;/string&gt;
&lt;string&gt;(NULL)&lt;/string&gt;
&lt;string&gt;(NULL)&lt;/string&gt;
&lt;string&gt;&lt;/string&gt;
</Data>
<Binary>e0NBOTJGRjU4LUI2NTItMTFFQS1BMjNBLTQyMDEwQTQwMUZEMH0=</Binary>
</EventData>
</Event>

<Event xmlns="http://schemas.microsoft.com/win/2004/08/events/event"><System><Provider Name="MsiInstaller"></Provider>
<EventID Qualifiers="0">1033</EventID>
<Version>0</Version>
<Level>4</Level>
<Task>0</Task>
<Opcode>0</Opcode>
<Keywords>0x0080000000000000</Keywords>
<TimeCreated SystemTime="2023-10-10 16:06:54.181650"></TimeCreated>
<EventRecordID>1798</EventRecordID>
<Correlation ActivityID="" RelatedActivityID=""></Correlation>
<Execution ProcessID="8616" ThreadID="0"></Execution>
<Channel>Application</Channel>
<Computer>DESKTOP-JU2PNRI</Computer>
<Security UserID="S-1-5-21-965304421-3110171530-1119801072-1001"></Security>
</System>
<EventData><Data>&lt;string&gt;Evernote v. 6.25.1&lt;/string&gt;
&lt;string&gt;6.25.1.9091&lt;/string&gt;
&lt;string&gt;0&lt;/string&gt;
&lt;string&gt;0&lt;/string&gt;
&lt;string&gt;Evernote Corp.&lt;/string&gt;
&lt;string&gt;(NULL)&lt;/string&gt;
&lt;string&gt;&lt;/string&gt;
</Data>
<Binary>e0NBOTJGRjU4LUI2NTItMTFFQS1BMjNBLTQyMDEwQTQwMUZEMH0wMDAwMGE0MzU4MTQ1MGM5ODllNmM3YTc0MmIxZjJjM2ZiN2YwMDAwMDAwMA==</Binary>
</EventData>
</Event>

<Event xmlns="http://schemas.microsoft.com/win/2004/08/events/event"><System><Provider Name="MsiInstaller"></Provider>
<EventID Qualifiers="0">1042</EventID>
<Version>0</Version>
<Level>4</Level>
<Task>0</Task>
<Opcode>0</Opcode>
<Keywords>0x0080000000000000</Keywords>
<TimeCreated SystemTime="2023-10-10 16:06:54.211218"></TimeCreated>
<EventRecordID>1799</EventRecordID>
<Correlation ActivityID="" RelatedActivityID=""></Correlation>
<Execution ProcessID="8616" ThreadID="0"></Execution>
<Channel>Application</Channel>
<Computer>DESKTOP-JU2PNRI</Computer>
<Security UserID="S-1-5-18"></Security>
</System>
<EventData><Data>&lt;string&gt;C:\Users\Bob\AppData\Local\Temp\44E2CE~2\evernote.msi&lt;/string&gt;
&lt;string&gt;8636&lt;/string&gt;
&lt;string&gt;(NULL)&lt;/string&gt;
&lt;string&gt;(NULL)&lt;/string&gt;
&lt;string&gt;(NULL)&lt;/string&gt;
&lt;string&gt;(NULL)&lt;/string&gt;
&lt;string&gt;&lt;/string&gt;
</Data>
<Binary></Binary>
</EventData>
</Event>

<Event xmlns="http://schemas.microsoft.com/win/2004/08/events/event"><System><Provider Name="Microsoft-Windows-RestartManager" Guid="{0888e5ef-9b98-4695-979d-e92ce4247224}"></Provider>
<EventID Qualifiers="">10001</EventID>
<Version>0</Version>
<Level>4</Level>
<Task>0</Task>
<Opcode>0</Opcode>
<Keywords>0x8000000000000000</Keywords>
<TimeCreated SystemTime="2023-10-10 16:06:54.200653"></TimeCreated>
<EventRecordID>1800</EventRecordID>
<Correlation ActivityID="" RelatedActivityID=""></Correlation>
<Execution ProcessID="8616" ThreadID="7108"></Execution>
<Channel>Application</Channel>
<Computer>DESKTOP-JU2PNRI</Computer>
<Security UserID="S-1-5-21-965304421-3110171530-1119801072-1001"></Security>
</System>
<UserData><RmSessionEvent xmlns="http://www.microsoft.com/2005/08/Windows/Reliability/RestartManager/"><RmSessionId>0</RmSessionId>
<UTCStartTime>2023-10-10 16:06:41.978092</UTCStartTime>
</RmSessionEvent>
</UserData>
</Event>

<Event xmlns="http://schemas.microsoft.com/win/2004/08/events/event"><System><Provider Name="MsiInstaller"></Provider>
<EventID Qualifiers="0">1040</EventID>
<Version>0</Version>
<Level>4</Level>
<Task>0</Task>
<Opcode>0</Opcode>
<Keywords>0x0080000000000000</Keywords>
<TimeCreated SystemTime="2023-10-10 16:07:00.464582"></TimeCreated>
<EventRecordID>1801</EventRecordID>
<Correlation ActivityID="" RelatedActivityID=""></Correlation>
<Execution ProcessID="8616" ThreadID="0"></Execution>
<Channel>Application</Channel>
<Computer>DESKTOP-JU2PNRI</Computer>
<Security UserID="S-1-5-21-965304421-3110171530-1119801072-1001"></Security>
</System>
<EventData><Data>&lt;string&gt;c:\6f26340f34ff033cbe7a371057dddee7\vc_red.msi&lt;/string&gt;
&lt;string&gt;10936&lt;/string&gt;
&lt;string&gt;(NULL)&lt;/string&gt;
&lt;string&gt;(NULL)&lt;/string&gt;
&lt;string&gt;(NULL)&lt;/string&gt;
&lt;string&gt;(NULL)&lt;/string&gt;
&lt;string&gt;&lt;/string&gt;
</Data>
<Binary></Binary>
</EventData>
</Event>

<Event xmlns="http://schemas.microsoft.com/win/2004/08/events/event"><System><Provider Name="Microsoft-Windows-RestartManager" Guid="{0888e5ef-9b98-4695-979d-e92ce4247224}"></Provider>
<EventID Qualifiers="">10000</EventID>
<Version>0</Version>
<Level>4</Level>
<Task>0</Task>
<Opcode>0</Opcode>
<Keywords>0x8000000000000000</Keywords>
<TimeCreated SystemTime="2023-10-10 16:07:00.954391"></TimeCreated>
<EventRecordID>1802</EventRecordID>
<Correlation ActivityID="" RelatedActivityID=""></Correlation>
<Execution ProcessID="8616" ThreadID="6032"></Execution>
<Channel>Application</Channel>
<Computer>DESKTOP-JU2PNRI</Computer>
<Security UserID="S-1-5-21-965304421-3110171530-1119801072-1001"></Security>
</System>
<UserData><RmSessionEvent xmlns="http://www.microsoft.com/2005/08/Windows/Reliability/RestartManager/"><RmSessionId>0</RmSessionId>
<UTCStartTime>2023-10-10 16:07:00.949839</UTCStartTime>
</RmSessionEvent>
</UserData>
</Event>

<Event xmlns="http://schemas.microsoft.com/win/2004/08/events/event"><System><Provider Name="MsiInstaller"></Provider>
<EventID Qualifiers="0">11707</EventID>
<Version>0</Version>
<Level>4</Level>
<Task>0</Task>
<Opcode>0</Opcode>
<Keywords>0x0080000000000000</Keywords>
<TimeCreated SystemTime="2023-10-10 16:07:03.723759"></TimeCreated>
<EventRecordID>1803</EventRecordID>
<Correlation ActivityID="" RelatedActivityID=""></Correlation>
<Execution ProcessID="8616" ThreadID="0"></Execution>
<Channel>Application</Channel>
<Computer>DESKTOP-JU2PNRI</Computer>
<Security UserID="S-1-5-21-965304421-3110171530-1119801072-1001"></Security>
</System>
<EventData><Data>&lt;string&gt;Product: Microsoft Visual C++ 2008 Redistributable - x64 9.0.30729.6161 -- Installation completed successfully.&lt;/string&gt;
&lt;string&gt;(NULL)&lt;/string&gt;
&lt;string&gt;(NULL)&lt;/string&gt;
&lt;string&gt;(NULL)&lt;/string&gt;
&lt;string&gt;(NULL)&lt;/string&gt;
&lt;string&gt;(NULL)&lt;/string&gt;
&lt;string&gt;&lt;/string&gt;
</Data>
<Binary>ezVGQ0U2RDc2LUY1REMtMzdBQi1CMkI4LTIyQUI4Q0VEQjFENH0=</Binary>
</EventData>
</Event>

<Event xmlns="http://schemas.microsoft.com/win/2004/08/events/event"><System><Provider Name="MsiInstaller"></Provider>
<EventID Qualifiers="0">1033</EventID>
<Version>0</Version>
<Level>4</Level>
<Task>0</Task>
<Opcode>0</Opcode>
<Keywords>0x0080000000000000</Keywords>
<TimeCreated SystemTime="2023-10-10 16:07:03.724373"></TimeCreated>
<EventRecordID>1804</EventRecordID>
<Correlation ActivityID="" RelatedActivityID=""></Correlation>
<Execution ProcessID="8616" ThreadID="0"></Execution>
<Channel>Application</Channel>
<Computer>DESKTOP-JU2PNRI</Computer>
<Security UserID="S-1-5-21-965304421-3110171530-1119801072-1001"></Security>
</System>
<EventData><Data>&lt;string&gt;Microsoft Visual C++ 2008 Redistributable - x64 9.0.30729.6161&lt;/string&gt;
&lt;string&gt;9.0.30729.6161&lt;/string&gt;
&lt;string&gt;1033&lt;/string&gt;
&lt;string&gt;0&lt;/string&gt;
&lt;string&gt;Microsoft Corporation&lt;/string&gt;
&lt;string&gt;(NULL)&lt;/string&gt;
&lt;string&gt;&lt;/string&gt;
</Data>
<Binary>ezVGQ0U2RDc2LUY1REMtMzdBQi1CMkI4LTIyQUI4Q0VEQjFENH0wMDAwY2VmZTAzMTFjNDkzN2NiMThkZDA3NjM3ZDU3ZTQ1ZTcwMDAwMDkwNA==</Binary>
</EventData>
</Event>

<Event xmlns="http://schemas.microsoft.com/win/2004/08/events/event"><System><Provider Name="MsiInstaller"></Provider>
<EventID Qualifiers="0">1042</EventID>
<Version>0</Version>
<Level>4</Level>
<Task>0</Task>
<Opcode>0</Opcode>
<Keywords>0x0080000000000000</Keywords>
<TimeCreated SystemTime="2023-10-10 16:07:03.739494"></TimeCreated>
<EventRecordID>1805</EventRecordID>
<Correlation ActivityID="" RelatedActivityID=""></Correlation>
<Execution ProcessID="8616" ThreadID="0"></Execution>
<Channel>Application</Channel>
<Computer>DESKTOP-JU2PNRI</Computer>
<Security UserID="S-1-5-18"></Security>
</System>
<EventData><Data>&lt;string&gt;c:\6f26340f34ff033cbe7a371057dddee7\vc_red.msi&lt;/string&gt;
&lt;string&gt;10936&lt;/string&gt;
&lt;string&gt;(NULL)&lt;/string&gt;
&lt;string&gt;(NULL)&lt;/string&gt;
&lt;string&gt;(NULL)&lt;/string&gt;
&lt;string&gt;(NULL)&lt;/string&gt;
&lt;string&gt;&lt;/string&gt;
</Data>
<Binary></Binary>
</EventData>
</Event>

<Event xmlns="http://schemas.microsoft.com/win/2004/08/events/event"><System><Provider Name="Microsoft-Windows-RestartManager" Guid="{0888e5ef-9b98-4695-979d-e92ce4247224}"></Provider>
<EventID Qualifiers="">10001</EventID>
<Version>0</Version>
<Level>4</Level>
<Task>0</Task>
<Opcode>0</Opcode>
<Keywords>0x8000000000000000</Keywords>
<TimeCreated SystemTime="2023-10-10 16:07:03.731461"></TimeCreated>
<EventRecordID>1806</EventRecordID>
<Correlation ActivityID="" RelatedActivityID=""></Correlation>
<Execution ProcessID="8616" ThreadID="7108"></Execution>
<Channel>Application</Channel>
<Computer>DESKTOP-JU2PNRI</Computer>
<Security UserID="S-1-5-21-965304421-3110171530-1119801072-1001"></Security>
</System>
<UserData><RmSessionEvent xmlns="http://www.microsoft.com/2005/08/Windows/Reliability/RestartManager/"><RmSessionId>0</RmSessionId>
<UTCStartTime>2023-10-10 16:07:00.949839</UTCStartTime>
</RmSessionEvent>
</UserData>
</Event>

<Event xmlns="http://schemas.microsoft.com/win/2004/08/events/event"><System><Provider Name="MsiInstaller"></Provider>
<EventID Qualifiers="0">1040</EventID>
<Version>0</Version>
<Level>4</Level>
<Task>0</Task>
<Opcode>0</Opcode>
<Keywords>0x0080000000000000</Keywords>
<TimeCreated SystemTime="2023-10-10 16:07:05.902243"></TimeCreated>
<EventRecordID>1807</EventRecordID>
<Correlation ActivityID="" RelatedActivityID=""></Correlation>
<Execution ProcessID="8616" ThreadID="0"></Execution>
<Channel>Application</Channel>
<Computer>DESKTOP-JU2PNRI</Computer>
<Security UserID="S-1-5-21-965304421-3110171530-1119801072-1001"></Security>
</System>
<EventData><Data>&lt;string&gt;c:\19fc543b30a0248c9f41\vc_red.msi&lt;/string&gt;
&lt;string&gt;5248&lt;/string&gt;
&lt;string&gt;(NULL)&lt;/string&gt;
&lt;string&gt;(NULL)&lt;/string&gt;
&lt;string&gt;(NULL)&lt;/string&gt;
&lt;string&gt;(NULL)&lt;/string&gt;
&lt;string&gt;&lt;/string&gt;
</Data>
<Binary></Binary>
</EventData>
</Event>

<Event xmlns="http://schemas.microsoft.com/win/2004/08/events/event"><System><Provider Name="Microsoft-Windows-RestartManager" Guid="{0888e5ef-9b98-4695-979d-e92ce4247224}"></Provider>
<EventID Qualifiers="">10000</EventID>
<Version>0</Version>
<Level>4</Level>
<Task>0</Task>
<Opcode>0</Opcode>
<Keywords>0x8000000000000000</Keywords>
<TimeCreated SystemTime="2023-10-10 16:07:06.428511"></TimeCreated>
<EventRecordID>1808</EventRecordID>
<Correlation ActivityID="" RelatedActivityID=""></Correlation>
<Execution ProcessID="8616" ThreadID="4272"></Execution>
<Channel>Application</Channel>
<Computer>DESKTOP-JU2PNRI</Computer>
<Security UserID="S-1-5-21-965304421-3110171530-1119801072-1001"></Security>
</System>
<UserData><RmSessionEvent xmlns="http://www.microsoft.com/2005/08/Windows/Reliability/RestartManager/"><RmSessionId>0</RmSessionId>
<UTCStartTime>2023-10-10 16:07:06.428234</UTCStartTime>
</RmSessionEvent>
</UserData>
</Event>

<Event xmlns="http://schemas.microsoft.com/win/2004/08/events/event"><System><Provider Name="MsiInstaller"></Provider>
<EventID Qualifiers="0">11707</EventID>
<Version>0</Version>
<Level>4</Level>
<Task>0</Task>
<Opcode>0</Opcode>
<Keywords>0x0080000000000000</Keywords>
<TimeCreated SystemTime="2023-10-10 16:07:07.879436"></TimeCreated>
<EventRecordID>1809</EventRecordID>
<Correlation ActivityID="" RelatedActivityID=""></Correlation>
<Execution ProcessID="8616" ThreadID="0"></Execution>
<Channel>Application</Channel>
<Computer>DESKTOP-JU2PNRI</Computer>
<Security UserID="S-1-5-21-965304421-3110171530-1119801072-1001"></Security>
</System>
<EventData><Data>&lt;string&gt;Product: Microsoft Visual C++ 2008 Redistributable - x86 9.0.30729.6161 -- Installation completed successfully.&lt;/string&gt;
&lt;string&gt;(NULL)&lt;/string&gt;
&lt;string&gt;(NULL)&lt;/string&gt;
&lt;string&gt;(NULL)&lt;/string&gt;
&lt;string&gt;(NULL)&lt;/string&gt;
&lt;string&gt;(NULL)&lt;/string&gt;
&lt;string&gt;&lt;/string&gt;
</Data>
<Binary>ezlCRTUxOEU2LUVDQzYtMzVBOS04OEU0LTg3NzU1QzA3MjAwRn0=</Binary>
</EventData>
</Event>

<Event xmlns="http://schemas.microsoft.com/win/2004/08/events/event"><System><Provider Name="MsiInstaller"></Provider>
<EventID Qualifiers="0">1033</EventID>
<Version>0</Version>
<Level>4</Level>
<Task>0</Task>
<Opcode>0</Opcode>
<Keywords>0x0080000000000000</Keywords>
<TimeCreated SystemTime="2023-10-10 16:07:07.880028"></TimeCreated>
<EventRecordID>1810</EventRecordID>
<Correlation ActivityID="" RelatedActivityID=""></Correlation>
<Execution ProcessID="8616" ThreadID="0"></Execution>
<Channel>Application</Channel>
<Computer>DESKTOP-JU2PNRI</Computer>
<Security UserID="S-1-5-21-965304421-3110171530-1119801072-1001"></Security>
</System>
<EventData><Data>&lt;string&gt;Microsoft Visual C++ 2008 Redistributable - x86 9.0.30729.6161&lt;/string&gt;
&lt;string&gt;9.0.30729.6161&lt;/string&gt;
&lt;string&gt;1033&lt;/string&gt;
&lt;string&gt;0&lt;/string&gt;
&lt;string&gt;Microsoft Corporation&lt;/string&gt;
&lt;string&gt;(NULL)&lt;/string&gt;
&lt;string&gt;&lt;/string&gt;
</Data>
<Binary>ezlCRTUxOEU2LUVDQzYtMzVBOS04OEU0LTg3NzU1QzA3MjAwRn0wMDAwODY5MTc3N2FkNjg1OTkyMmZlMjg1OTQ5YWY3MzVkOTMwMDAwMDkwNA==</Binary>
</EventData>
</Event>

<Event xmlns="http://schemas.microsoft.com/win/2004/08/events/event"><System><Provider Name="MsiInstaller"></Provider>
<EventID Qualifiers="0">1042</EventID>
<Version>0</Version>
<Level>4</Level>
<Task>0</Task>
<Opcode>0</Opcode>
<Keywords>0x0080000000000000</Keywords>
<TimeCreated SystemTime="2023-10-10 16:07:07.896564"></TimeCreated>
<EventRecordID>1811</EventRecordID>
<Correlation ActivityID="" RelatedActivityID=""></Correlation>
<Execution ProcessID="8616" ThreadID="0"></Execution>
<Channel>Application</Channel>
<Computer>DESKTOP-JU2PNRI</Computer>
<Security UserID="S-1-5-18"></Security>
</System>
<EventData><Data>&lt;string&gt;c:\19fc543b30a0248c9f41\vc_red.msi&lt;/string&gt;
&lt;string&gt;5248&lt;/string&gt;
&lt;string&gt;(NULL)&lt;/string&gt;
&lt;string&gt;(NULL)&lt;/string&gt;
&lt;string&gt;(NULL)&lt;/string&gt;
&lt;string&gt;(NULL)&lt;/string&gt;
&lt;string&gt;&lt;/string&gt;
</Data>
<Binary></Binary>
</EventData>
</Event>

<Event xmlns="http://schemas.microsoft.com/win/2004/08/events/event"><System><Provider Name="Microsoft-Windows-RestartManager" Guid="{0888e5ef-9b98-4695-979d-e92ce4247224}"></Provider>
<EventID Qualifiers="">10001</EventID>
<Version>0</Version>
<Level>4</Level>
<Task>0</Task>
<Opcode>0</Opcode>
<Keywords>0x8000000000000000</Keywords>
<TimeCreated SystemTime="2023-10-10 16:07:07.887383"></TimeCreated>
<EventRecordID>1812</EventRecordID>
<Correlation ActivityID="" RelatedActivityID=""></Correlation>
<Execution ProcessID="8616" ThreadID="7108"></Execution>
<Channel>Application</Channel>
<Computer>DESKTOP-JU2PNRI</Computer>
<Security UserID="S-1-5-21-965304421-3110171530-1119801072-1001"></Security>
</System>
<UserData><RmSessionEvent xmlns="http://www.microsoft.com/2005/08/Windows/Reliability/RestartManager/"><RmSessionId>0</RmSessionId>
<UTCStartTime>2023-10-10 16:07:06.428234</UTCStartTime>
</RmSessionEvent>
</UserData>
</Event>

<Event xmlns="http://schemas.microsoft.com/win/2004/08/events/event"><System><Provider Name="MsiInstaller"></Provider>
<EventID Qualifiers="0">1040</EventID>
<Version>0</Version>
<Level>4</Level>
<Task>0</Task>
<Opcode>0</Opcode>
<Keywords>0x0080000000000000</Keywords>
<TimeCreated SystemTime="2023-10-10 16:07:09.001747"></TimeCreated>
<EventRecordID>1813</EventRecordID>
<Correlation ActivityID="" RelatedActivityID=""></Correlation>
<Execution ProcessID="8616" ThreadID="0"></Execution>
<Channel>Application</Channel>
<Computer>DESKTOP-JU2PNRI</Computer>
<Security UserID="S-1-5-21-965304421-3110171530-1119801072-1001"></Security>
</System>
<EventData><Data>&lt;string&gt;C:\Users\Bob\AppData\Local\Temp\OpenOffice 4.1.14 (en-US) Installation Files\openoffice4114.msi&lt;/string&gt;
&lt;string&gt;2692&lt;/string&gt;
&lt;string&gt;(NULL)&lt;/string&gt;
&lt;string&gt;(NULL)&lt;/string&gt;
&lt;string&gt;(NULL)&lt;/string&gt;
&lt;string&gt;(NULL)&lt;/string&gt;
&lt;string&gt;&lt;/string&gt;
</Data>
<Binary></Binary>
</EventData>
</Event>

<Event xmlns="http://schemas.microsoft.com/win/2004/08/events/event"><System><Provider Name="Microsoft-Windows-RestartManager" Guid="{0888e5ef-9b98-4695-979d-e92ce4247224}"></Provider>
<EventID Qualifiers="">10000</EventID>
<Version>0</Version>
<Level>4</Level>
<Task>0</Task>
<Opcode>0</Opcode>
<Keywords>0x8000000000000000</Keywords>
<TimeCreated SystemTime="2023-10-10 16:07:09.103207"></TimeCreated>
<EventRecordID>1814</EventRecordID>
<Correlation ActivityID="" RelatedActivityID=""></Correlation>
<Execution ProcessID="8616" ThreadID="876"></Execution>
<Channel>Application</Channel>
<Computer>DESKTOP-JU2PNRI</Computer>
<Security UserID="S-1-5-21-965304421-3110171530-1119801072-1001"></Security>
</System>
<UserData><RmSessionEvent xmlns="http://www.microsoft.com/2005/08/Windows/Reliability/RestartManager/"><RmSessionId>0</RmSessionId>
<UTCStartTime>2023-10-10 16:07:09.101133</UTCStartTime>
</RmSessionEvent>
</UserData>
</Event>

<Event xmlns="http://schemas.microsoft.com/win/2004/08/events/event"><System><Provider Name="MsiInstaller"></Provider>
<EventID Qualifiers="0">1042</EventID>
<Version>0</Version>
<Level>4</Level>
<Task>0</Task>
<Opcode>0</Opcode>
<Keywords>0x0080000000000000</Keywords>
<TimeCreated SystemTime="2023-10-10 16:07:30.145376"></TimeCreated>
<EventRecordID>1815</EventRecordID>
<Correlation ActivityID="" RelatedActivityID=""></Correlation>
<Execution ProcessID="8616" ThreadID="0"></Execution>
<Channel>Application</Channel>
<Computer>DESKTOP-JU2PNRI</Computer>
<Security UserID="S-1-5-18"></Security>
</System>
<EventData><Data>&lt;string&gt;C:\Users\Bob\AppData\Local\Temp\OpenOffice 4.1.14 (en-US) Installation Files\openoffice4114.msi&lt;/string&gt;
&lt;string&gt;2692&lt;/string&gt;
&lt;string&gt;(NULL)&lt;/string&gt;
&lt;string&gt;(NULL)&lt;/string&gt;
&lt;string&gt;(NULL)&lt;/string&gt;
&lt;string&gt;(NULL)&lt;/string&gt;
&lt;string&gt;&lt;/string&gt;
</Data>
<Binary></Binary>
</EventData>
</Event>

<Event xmlns="http://schemas.microsoft.com/win/2004/08/events/event"><System><Provider Name="MsiInstaller"></Provider>
<EventID Qualifiers="0">11707</EventID>
<Version>0</Version>
<Level>4</Level>
<Task>0</Task>
<Opcode>0</Opcode>
<Keywords>0x0080000000000000</Keywords>
<TimeCreated SystemTime="2023-10-10 16:07:30.168108"></TimeCreated>
<EventRecordID>1816</EventRecordID>
<Correlation ActivityID="" RelatedActivityID=""></Correlation>
<Execution ProcessID="2692" ThreadID="0"></Execution>
<Channel>Application</Channel>
<Computer>DESKTOP-JU2PNRI</Computer>
<Security UserID="S-1-5-21-965304421-3110171530-1119801072-1001"></Security>
</System>
<EventData><Data>&lt;string&gt;Product: OpenOffice 4.1.14 -- Installation operation completed successfully.&lt;/string&gt;
&lt;string&gt;(NULL)&lt;/string&gt;
&lt;string&gt;(NULL)&lt;/string&gt;
&lt;string&gt;(NULL)&lt;/string&gt;
&lt;string&gt;(NULL)&lt;/string&gt;
&lt;string&gt;(NULL)&lt;/string&gt;
&lt;string&gt;&lt;/string&gt;
</Data>
<Binary>e0ZBREQ4N0ZELTgzQzctNDBCNC05MTgwLUVBOTM3MUMxQTM0OH0=</Binary>
</EventData>
</Event>

